<?xml version="1.0" encoding="UTF-8"?>
<coverage generated="1749580492990" clover="3.2.0">
  <project timestamp="1749580492990" name="All files">
    <metrics statements="408" coveredstatements="355" conditionals="147" coveredconditionals="115" methods="30" coveredmethods="23" elements="585" coveredelements="493" complexity="0" loc="408" ncloc="408" packages="5" files="20" classes="20"/>
    <package name="src">
      <metrics statements="30" coveredstatements="28" conditionals="0" coveredconditionals="0" methods="2" coveredmethods="0"/>
      <file name="app.js" path="C:\Users\Xakep\Desktop\investiga-mais\backend\src\app.js">
        <metrics statements="30" coveredstatements="28" conditionals="0" coveredconditionals="0" methods="2" coveredmethods="0"/>
        <line num="1" count="5" type="stmt"/>
        <line num="2" count="5" type="stmt"/>
        <line num="3" count="5" type="stmt"/>
        <line num="4" count="5" type="stmt"/>
        <line num="6" count="5" type="stmt"/>
        <line num="8" count="5" type="stmt"/>
        <line num="11" count="5" type="stmt"/>
        <line num="16" count="5" type="stmt"/>
        <line num="25" count="5" type="stmt"/>
        <line num="29" count="5" type="stmt"/>
        <line num="30" count="5" type="stmt"/>
        <line num="31" count="5" type="stmt"/>
        <line num="32" count="5" type="stmt"/>
        <line num="33" count="5" type="stmt"/>
        <line num="34" count="5" type="stmt"/>
        <line num="37" count="5" type="stmt"/>
        <line num="38" count="0" type="stmt"/>
        <line num="41" count="5" type="stmt"/>
        <line num="44" count="5" type="stmt"/>
        <line num="45" count="5" type="stmt"/>
        <line num="46" count="5" type="stmt"/>
        <line num="47" count="5" type="stmt"/>
        <line num="50" count="5" type="stmt"/>
        <line num="51" count="5" type="stmt"/>
        <line num="52" count="5" type="stmt"/>
        <line num="55" count="5" type="stmt"/>
        <line num="56" count="5" type="stmt"/>
        <line num="57" count="0" type="stmt"/>
        <line num="61" count="5" type="stmt"/>
        <line num="63" count="5" type="stmt"/>
      </file>
    </package>
    <package name="src.controllers">
      <metrics statements="243" coveredstatements="230" conditionals="123" coveredconditionals="109" methods="17" coveredmethods="17"/>
      <file name="authController.js" path="C:\Users\Xakep\Desktop\investiga-mais\backend\src\controllers\authController.js">
        <metrics statements="26" coveredstatements="24" conditionals="14" coveredconditionals="13" methods="2" coveredmethods="2"/>
        <line num="1" count="5" type="stmt"/>
        <line num="2" count="5" type="stmt"/>
        <line num="3" count="5" type="stmt"/>
        <line num="4" count="5" type="stmt"/>
        <line num="5" count="5" type="stmt"/>
        <line num="6" count="5" type="stmt"/>
        <line num="8" count="5" type="cond" truecount="1" falsecount="1"/>
        <line num="10" count="5" type="stmt"/>
        <line num="11" count="4" type="stmt"/>
        <line num="13" count="4" type="cond" truecount="4" falsecount="0"/>
        <line num="14" count="1" type="stmt"/>
        <line num="17" count="3" type="cond" truecount="4" falsecount="0"/>
        <line num="18" count="1" type="stmt"/>
        <line num="21" count="2" type="stmt"/>
        <line num="23" count="2" type="stmt"/>
        <line num="24" count="2" type="stmt"/>
        <line num="26" count="2" type="cond" truecount="4" falsecount="0"/>
        <line num="27" count="1" type="stmt"/>
        <line num="30" count="1" type="stmt"/>
        <line num="37" count="1" type="stmt"/>
        <line num="44" count="1" type="stmt"/>
        <line num="51" count="0" type="stmt"/>
        <line num="52" count="0" type="stmt"/>
        <line num="56" count="5" type="stmt"/>
        <line num="58" count="1" type="stmt"/>
        <line num="61" count="1" type="stmt"/>
      </file>
      <file name="consultaController.js" path="C:\Users\Xakep\Desktop\investiga-mais\backend\src\controllers\consultaController.js">
        <metrics statements="88" coveredstatements="80" conditionals="45" coveredconditionals="34" methods="6" coveredmethods="6"/>
        <line num="1" count="5" type="stmt"/>
        <line num="2" count="5" type="stmt"/>
        <line num="3" count="5" type="stmt"/>
        <line num="4" count="5" type="stmt"/>
        <line num="5" count="5" type="stmt"/>
        <line num="10" count="5" type="stmt"/>
        <line num="16" count="5" type="stmt"/>
        <line num="18" count="5" type="stmt"/>
        <line num="19" count="7" type="stmt"/>
        <line num="20" count="7" type="stmt"/>
        <line num="22" count="7" type="stmt"/>
        <line num="24" count="4" type="stmt"/>
        <line num="26" count="4" type="stmt"/>
        <line num="28" count="3" type="stmt"/>
        <line num="29" count="3" type="stmt"/>
        <line num="30" count="3" type="stmt"/>
        <line num="32" count="3" type="stmt"/>
        <line num="33" count="3" type="cond" truecount="1" falsecount="1"/>
        <line num="34" count="3" type="stmt"/>
        <line num="38" count="3" type="cond" truecount="1" falsecount="1"/>
        <line num="39" count="3" type="cond" truecount="2" falsecount="0"/>
        <line num="40" count="2" type="stmt"/>
        <line num="41" count="2" type="stmt"/>
        <line num="42" count="2" type="stmt"/>
        <line num="43" count="2" type="stmt"/>
        <line num="45" count="1" type="stmt"/>
        <line num="50" count="0" type="cond" truecount="0" falsecount="4"/>
        <line num="51" count="0" type="stmt"/>
        <line num="55" count="0" type="stmt"/>
        <line num="59" count="0" type="stmt"/>
        <line num="65" count="5" type="stmt"/>
        <line num="66" count="11" type="stmt"/>
        <line num="67" count="11" type="stmt"/>
        <line num="69" count="11" type="cond" truecount="2" falsecount="0"/>
        <line num="70" count="1" type="stmt"/>
        <line num="73" count="10" type="stmt"/>
        <line num="75" count="10" type="stmt"/>
        <line num="80" count="9" type="stmt"/>
        <line num="84" count="9" type="cond" truecount="2" falsecount="0"/>
        <line num="85" count="5" type="stmt"/>
        <line num="89" count="5" type="stmt"/>
        <line num="90" count="5" type="stmt"/>
        <line num="92" count="4" type="cond" truecount="2" falsecount="0"/>
        <line num="93" count="1" type="stmt"/>
        <line num="96" count="3" type="cond" truecount="2" falsecount="0"/>
        <line num="97" count="1" type="stmt"/>
        <line num="101" count="1" type="cond" truecount="1" falsecount="1"/>
        <line num="102" count="0" type="stmt"/>
        <line num="105" count="1" type="cond" truecount="1" falsecount="1"/>
        <line num="106" count="1" type="stmt"/>
        <line num="109" count="0" type="stmt"/>
        <line num="110" count="0" type="stmt"/>
        <line num="113" count="2" type="cond" truecount="2" falsecount="0"/>
        <line num="114" count="1" type="stmt"/>
        <line num="118" count="1" type="stmt"/>
        <line num="125" count="1" type="stmt"/>
        <line num="127" count="4" type="stmt"/>
        <line num="129" count="4" type="cond" truecount="4" falsecount="0"/>
        <line num="130" count="1" type="stmt"/>
        <line num="135" count="4" type="stmt"/>
        <line num="136" count="4" type="stmt"/>
        <line num="138" count="4" type="cond" truecount="2" falsecount="0"/>
        <line num="139" count="2" type="stmt"/>
        <line num="147" count="2" type="stmt"/>
        <line num="151" count="4" type="stmt"/>
        <line num="163" count="1" type="stmt"/>
        <line num="164" count="1" type="stmt"/>
        <line num="174" count="5" type="stmt"/>
        <line num="175" count="4" type="stmt"/>
        <line num="183" count="4" type="stmt"/>
        <line num="185" count="4" type="stmt"/>
        <line num="187" count="4" type="stmt"/>
        <line num="189" count="4" type="cond" truecount="1" falsecount="1"/>
        <line num="190" count="0" type="stmt"/>
        <line num="193" count="4" type="cond" truecount="2" falsecount="0"/>
        <line num="195" count="1" type="stmt"/>
        <line num="196" count="1" type="stmt"/>
        <line num="197" count="1" type="stmt"/>
        <line num="203" count="4" type="cond" truecount="2" falsecount="0"/>
        <line num="204" count="1" type="stmt"/>
        <line num="210" count="4" type="cond" truecount="2" falsecount="0"/>
        <line num="211" count="1" type="stmt"/>
        <line num="217" count="4" type="stmt"/>
        <line num="220" count="4" type="stmt"/>
        <line num="235" count="3" type="stmt"/>
        <line num="238" count="2" type="stmt"/>
        <line num="244" count="1" type="stmt"/>
        <line num="246" count="1" type="stmt"/>
      </file>
      <file name="perfilController.js" path="C:\Users\Xakep\Desktop\investiga-mais\backend\src\controllers\perfilController.js">
        <metrics statements="26" coveredstatements="26" conditionals="15" coveredconditionals="15" methods="3" coveredmethods="3"/>
        <line num="1" count="5" type="stmt"/>
        <line num="2" count="5" type="stmt"/>
        <line num="3" count="5" type="stmt"/>
        <line num="8" count="5" type="stmt"/>
        <line num="9" count="4" type="stmt"/>
        <line num="10" count="4" type="stmt"/>
        <line num="12" count="4" type="stmt"/>
        <line num="14" count="4" type="stmt"/>
        <line num="19" count="4" type="stmt"/>
        <line num="29" count="4" type="cond" truecount="2" falsecount="0"/>
        <line num="38" count="2" type="stmt"/>
        <line num="41" count="4" type="stmt"/>
        <line num="47" count="3" type="stmt"/>
        <line num="52" count="1" type="stmt"/>
        <line num="53" count="1" type="stmt"/>
        <line num="60" count="5" type="stmt"/>
        <line num="61" count="4" type="stmt"/>
        <line num="63" count="4" type="stmt"/>
        <line num="64" count="4" type="stmt"/>
        <line num="79" count="3" type="cond" truecount="2" falsecount="0"/>
        <line num="80" count="1" type="stmt"/>
        <line num="83" count="2" type="cond" truecount="2" falsecount="0"/>
        <line num="86" count="3" type="stmt"/>
        <line num="91" count="2" type="stmt"/>
        <line num="96" count="1" type="stmt"/>
        <line num="97" count="1" type="stmt"/>
      </file>
      <file name="recuperacaoController.js" path="C:\Users\Xakep\Desktop\investiga-mais\backend\src\controllers\recuperacaoController.js">
        <metrics statements="38" coveredstatements="35" conditionals="12" coveredconditionals="11" methods="2" coveredmethods="2"/>
        <line num="1" count="5" type="stmt"/>
        <line num="2" count="5" type="stmt"/>
        <line num="3" count="5" type="stmt"/>
        <line num="4" count="5" type="stmt"/>
        <line num="5" count="5" type="stmt"/>
        <line num="6" count="5" type="stmt"/>
        <line num="8" count="5" type="stmt"/>
        <line num="9" count="3" type="stmt"/>
        <line num="10" count="3" type="stmt"/>
        <line num="12" count="3" type="cond" truecount="2" falsecount="0"/>
        <line num="13" count="1" type="stmt"/>
        <line num="16" count="2" type="stmt"/>
        <line num="17" count="2" type="cond" truecount="2" falsecount="0"/>
        <line num="18" count="1" type="stmt"/>
        <line num="22" count="1" type="stmt"/>
        <line num="26" count="1" type="stmt"/>
        <line num="27" count="1" type="stmt"/>
        <line num="29" count="1" type="stmt"/>
        <line num="37" count="1" type="stmt"/>
        <line num="39" count="1" type="stmt"/>
        <line num="51" count="1" type="cond" truecount="1" falsecount="1"/>
        <line num="52" count="0" type="stmt"/>
        <line num="54" count="1" type="stmt"/>
        <line num="57" count="1" type="stmt"/>
        <line num="59" count="0" type="stmt"/>
        <line num="63" count="5" type="stmt"/>
        <line num="64" count="3" type="stmt"/>
        <line num="65" count="3" type="stmt"/>
        <line num="67" count="3" type="cond" truecount="2" falsecount="0"/>
        <line num="68" count="1" type="stmt"/>
        <line num="71" count="2" type="stmt"/>
        <line num="73" count="2" type="cond" truecount="4" falsecount="0"/>
        <line num="74" count="1" type="stmt"/>
        <line num="77" count="1" type="stmt"/>
        <line num="79" count="1" type="stmt"/>
        <line num="84" count="1" type="stmt"/>
        <line num="86" count="1" type="stmt"/>
        <line num="88" count="0" type="stmt"/>
      </file>
      <file name="segurancaController.js" path="C:\Users\Xakep\Desktop\investiga-mais\backend\src\controllers\segurancaController.js">
        <metrics statements="37" coveredstatements="37" conditionals="20" coveredconditionals="19" methods="3" coveredmethods="3"/>
        <line num="1" count="6" type="stmt"/>
        <line num="2" count="6" type="stmt"/>
        <line num="3" count="6" type="stmt"/>
        <line num="5" count="6" type="stmt"/>
        <line num="6" count="6" type="stmt"/>
        <line num="7" count="6" type="stmt"/>
        <line num="12" count="6" type="stmt"/>
        <line num="13" count="3" type="stmt"/>
        <line num="15" count="3" type="cond" truecount="2" falsecount="0"/>
        <line num="16" count="1" type="stmt"/>
        <line num="19" count="2" type="stmt"/>
        <line num="20" count="2" type="stmt"/>
        <line num="30" count="1" type="stmt"/>
        <line num="32" count="1" type="stmt"/>
        <line num="34" count="1" type="stmt"/>
        <line num="73" count="1" type="cond" truecount="2" falsecount="0"/>
        <line num="74" count="1" type="stmt"/>
        <line num="81" count="6" type="stmt"/>
        <line num="82" count="3" type="stmt"/>
        <line num="84" count="3" type="cond" truecount="2" falsecount="0"/>
        <line num="85" count="1" type="stmt"/>
        <line num="88" count="2" type="stmt"/>
        <line num="89" count="2" type="stmt"/>
        <line num="97" count="1" type="stmt"/>
        <line num="99" count="1" type="stmt"/>
        <line num="123" count="1" type="cond" truecount="2" falsecount="0"/>
        <line num="124" count="1" type="stmt"/>
        <line num="131" count="6" type="stmt"/>
        <line num="132" count="3" type="stmt"/>
        <line num="134" count="3" type="cond" truecount="2" falsecount="0"/>
        <line num="135" count="1" type="stmt"/>
        <line num="138" count="2" type="stmt"/>
        <line num="139" count="2" type="stmt"/>
        <line num="163" count="1" type="stmt"/>
        <line num="165" count="1" type="stmt"/>
        <line num="176" count="1" type="cond" truecount="2" falsecount="0"/>
        <line num="177" count="1" type="stmt"/>
      </file>
      <file name="webhookController.js" path="C:\Users\Xakep\Desktop\investiga-mais\backend\src\controllers\webhookController.js">
        <metrics statements="28" coveredstatements="28" conditionals="17" coveredconditionals="17" methods="1" coveredmethods="1"/>
        <line num="1" count="5" type="stmt"/>
        <line num="2" count="5" type="stmt"/>
        <line num="3" count="5" type="stmt"/>
        <line num="4" count="5" type="stmt"/>
        <line num="5" count="5" type="stmt"/>
        <line num="6" count="5" type="stmt"/>
        <line num="8" count="5" type="stmt"/>
        <line num="9" count="7" type="stmt"/>
        <line num="10" count="7" type="stmt"/>
        <line num="11" count="7" type="stmt"/>
        <line num="12" count="7" type="stmt"/>
        <line num="14" count="7" type="stmt"/>
        <line num="16" count="7" type="cond" truecount="5" falsecount="0"/>
        <line num="17" count="2" type="stmt"/>
        <line num="20" count="5" type="cond" truecount="4" falsecount="0"/>
        <line num="21" count="1" type="stmt"/>
        <line num="24" count="4" type="stmt"/>
        <line num="30" count="3" type="cond" truecount="2" falsecount="0"/>
        <line num="31" count="1" type="stmt"/>
        <line num="37" count="2" type="stmt"/>
        <line num="38" count="2" type="stmt"/>
        <line num="40" count="2" type="stmt"/>
        <line num="50" count="2" type="stmt"/>
        <line num="74" count="2" type="cond" truecount="2" falsecount="0"/>
        <line num="75" count="1" type="stmt"/>
        <line num="77" count="1" type="stmt"/>
        <line num="80" count="2" type="stmt"/>
        <line num="82" count="1" type="stmt"/>
      </file>
    </package>
    <package name="src.middleware">
      <metrics statements="47" coveredstatements="37" conditionals="14" coveredconditionals="6" methods="6" coveredmethods="4"/>
      <file name="auth.js" path="C:\Users\Xakep\Desktop\investiga-mais\backend\src\middleware\auth.js">
        <metrics statements="12" coveredstatements="12" conditionals="4" coveredconditionals="4" methods="1" coveredmethods="1"/>
        <line num="1" count="4" type="stmt"/>
        <line num="2" count="4" type="stmt"/>
        <line num="3" count="4" type="cond" truecount="2" falsecount="0"/>
        <line num="6" count="3" type="stmt"/>
        <line num="8" count="3" type="cond" truecount="2" falsecount="0"/>
        <line num="9" count="1" type="stmt"/>
        <line num="12" count="2" type="stmt"/>
        <line num="13" count="2" type="stmt"/>
        <line num="14" count="1" type="stmt"/>
        <line num="15" count="1" type="stmt"/>
        <line num="17" count="1" type="stmt"/>
        <line num="21" count="4" type="stmt"/>
      </file>
      <file name="errorHandler.js" path="C:\Users\Xakep\Desktop\investiga-mais\backend\src\middleware\errorHandler.js">
        <metrics statements="5" coveredstatements="5" conditionals="4" coveredconditionals="2" methods="1" coveredmethods="1"/>
        <line num="1" count="5" type="stmt"/>
        <line num="3" count="5" type="stmt"/>
        <line num="4" count="1" type="cond" truecount="1" falsecount="1"/>
        <line num="6" count="1" type="cond" truecount="1" falsecount="1"/>
        <line num="8" count="1" type="stmt"/>
      </file>
      <file name="index.js" path="C:\Users\Xakep\Desktop\investiga-mais\backend\src\middleware\index.js">
        <metrics statements="6" coveredstatements="6" conditionals="0" coveredconditionals="0" methods="0" coveredmethods="0"/>
        <line num="1" count="5" type="stmt"/>
        <line num="2" count="5" type="stmt"/>
        <line num="3" count="5" type="stmt"/>
        <line num="4" count="5" type="stmt"/>
        <line num="5" count="5" type="stmt"/>
        <line num="7" count="5" type="stmt"/>
      </file>
      <file name="limiterPerfil.js" path="C:\Users\Xakep\Desktop\investiga-mais\backend\src\middleware\limiterPerfil.js">
        <metrics statements="12" coveredstatements="3" conditionals="6" coveredconditionals="0" methods="1" coveredmethods="0"/>
        <line num="1" count="4" type="stmt"/>
        <line num="3" count="4" type="stmt"/>
        <line num="5" count="4" type="stmt"/>
        <line num="6" count="0" type="stmt"/>
        <line num="7" count="0" type="cond" truecount="0" falsecount="2"/>
        <line num="9" count="0" type="stmt"/>
        <line num="10" count="0" type="cond" truecount="0" falsecount="2"/>
        <line num="12" count="0" type="stmt"/>
        <line num="14" count="0" type="cond" truecount="0" falsecount="2"/>
        <line num="15" count="0" type="stmt"/>
        <line num="18" count="0" type="stmt"/>
        <line num="19" count="0" type="stmt"/>
      </file>
      <file name="logger.js" path="C:\Users\Xakep\Desktop\investiga-mais\backend\src\middleware\logger.js">
        <metrics statements="7" coveredstatements="7" conditionals="0" coveredconditionals="0" methods="2" coveredmethods="2"/>
        <line num="1" count="5" type="stmt"/>
        <line num="2" count="41" type="stmt"/>
        <line num="4" count="41" type="stmt"/>
        <line num="5" count="41" type="stmt"/>
        <line num="6" count="41" type="stmt"/>
        <line num="8" count="41" type="stmt"/>
        <line num="11" count="41" type="stmt"/>
      </file>
      <file name="rateLimiter.js" path="C:\Users\Xakep\Desktop\investiga-mais\backend\src\middleware\rateLimiter.js">
        <metrics statements="5" coveredstatements="4" conditionals="0" coveredconditionals="0" methods="1" coveredmethods="0"/>
        <line num="1" count="5" type="stmt"/>
        <line num="2" count="5" type="stmt"/>
        <line num="4" count="5" type="stmt"/>
        <line num="8" count="0" type="stmt"/>
        <line num="12" count="5" type="stmt"/>
      </file>
    </package>
    <package name="src.routes">
      <metrics statements="77" coveredstatements="53" conditionals="8" coveredconditionals="0" methods="4" coveredmethods="1"/>
      <file name="authRoutes.js" path="C:\Users\Xakep\Desktop\investiga-mais\backend\src\routes\authRoutes.js">
        <metrics statements="12" coveredstatements="11" conditionals="0" coveredconditionals="0" methods="1" coveredmethods="0"/>
        <line num="1" count="5" type="stmt"/>
        <line num="2" count="5" type="stmt"/>
        <line num="4" count="5" type="stmt"/>
        <line num="5" count="5" type="stmt"/>
        <line num="6" count="5" type="stmt"/>
        <line num="9" count="5" type="stmt"/>
        <line num="10" count="0" type="stmt"/>
        <line num="17" count="5" type="stmt"/>
        <line num="20" count="5" type="stmt"/>
        <line num="23" count="5" type="stmt"/>
        <line num="24" count="5" type="stmt"/>
        <line num="26" count="5" type="stmt"/>
      </file>
      <file name="cnpj.js" path="C:\Users\Xakep\Desktop\investiga-mais\backend\src\routes\cnpj.js">
        <metrics statements="31" coveredstatements="10" conditionals="8" coveredconditionals="0" methods="1" coveredmethods="0"/>
        <line num="1" count="5" type="stmt"/>
        <line num="2" count="5" type="stmt"/>
        <line num="3" count="5" type="stmt"/>
        <line num="4" count="5" type="stmt"/>
        <line num="5" count="5" type="stmt"/>
        <line num="6" count="5" type="stmt"/>
        <line num="8" count="5" type="stmt"/>
        <line num="11" count="5" type="stmt"/>
        <line num="13" count="5" type="stmt"/>
        <line num="14" count="0" type="stmt"/>
        <line num="15" count="0" type="stmt"/>
        <line num="16" count="0" type="stmt"/>
        <line num="17" count="0" type="stmt"/>
        <line num="18" count="0" type="cond" truecount="0" falsecount="2"/>
        <line num="20" count="0" type="cond" truecount="0" falsecount="4"/>
        <line num="21" count="0" type="stmt"/>
        <line num="24" count="0" type="stmt"/>
        <line num="25" count="0" type="stmt"/>
        <line num="28" count="0" type="stmt"/>
        <line num="29" count="0" type="stmt"/>
        <line num="30" count="0" type="stmt"/>
        <line num="31" count="0" type="stmt"/>
        <line num="34" count="0" type="stmt"/>
        <line num="35" count="0" type="stmt"/>
        <line num="36" count="0" type="stmt"/>
        <line num="39" count="0" type="cond" truecount="0" falsecount="2"/>
        <line num="40" count="0" type="stmt"/>
        <line num="48" count="0" type="stmt"/>
        <line num="56" count="0" type="stmt"/>
        <line num="59" count="0" type="stmt"/>
        <line num="63" count="5" type="stmt"/>
      </file>
      <file name="consultaRoutes.js" path="C:\Users\Xakep\Desktop\investiga-mais\backend\src\routes\consultaRoutes.js">
        <metrics statements="6" coveredstatements="6" conditionals="0" coveredconditionals="0" methods="0" coveredmethods="0"/>
        <line num="1" count="5" type="stmt"/>
        <line num="2" count="5" type="stmt"/>
        <line num="3" count="5" type="stmt"/>
        <line num="6" count="5" type="stmt"/>
        <line num="7" count="5" type="stmt"/>
        <line num="9" count="5" type="stmt"/>
      </file>
      <file name="perfilRoutes.js" path="C:\Users\Xakep\Desktop\investiga-mais\backend\src\routes\perfilRoutes.js">
        <metrics statements="11" coveredstatements="11" conditionals="0" coveredconditionals="0" methods="1" coveredmethods="1"/>
        <line num="1" count="5" type="stmt"/>
        <line num="2" count="5" type="stmt"/>
        <line num="4" count="5" type="stmt"/>
        <line num="5" count="5" type="stmt"/>
        <line num="6" count="5" type="stmt"/>
        <line num="9" count="5" type="stmt"/>
        <line num="10" count="8" type="stmt"/>
        <line num="11" count="8" type="stmt"/>
        <line num="15" count="5" type="stmt"/>
        <line num="18" count="5" type="stmt"/>
        <line num="20" count="5" type="stmt"/>
      </file>
      <file name="segurancaRoutes.js" path="C:\Users\Xakep\Desktop\investiga-mais\backend\src\routes\segurancaRoutes.js">
        <metrics statements="12" coveredstatements="10" conditionals="0" coveredconditionals="0" methods="1" coveredmethods="0"/>
        <line num="1" count="5" type="stmt"/>
        <line num="2" count="5" type="stmt"/>
        <line num="4" count="5" type="stmt"/>
        <line num="5" count="5" type="stmt"/>
        <line num="8" count="5" type="stmt"/>
        <line num="9" count="0" type="stmt"/>
        <line num="10" count="0" type="stmt"/>
        <line num="14" count="5" type="stmt"/>
        <line num="17" count="5" type="stmt"/>
        <line num="20" count="5" type="stmt"/>
        <line num="23" count="5" type="stmt"/>
        <line num="25" count="5" type="stmt"/>
      </file>
      <file name="webhookRoutes.js" path="C:\Users\Xakep\Desktop\investiga-mais\backend\src\routes\webhookRoutes.js">
        <metrics statements="5" coveredstatements="5" conditionals="0" coveredconditionals="0" methods="0" coveredmethods="0"/>
        <line num="1" count="5" type="stmt"/>
        <line num="2" count="5" type="stmt"/>
        <line num="3" count="5" type="stmt"/>
        <line num="6" count="5" type="stmt"/>
        <line num="8" count="5" type="stmt"/>
      </file>
    </package>
    <package name="src.services">
      <metrics statements="11" coveredstatements="7" conditionals="2" coveredconditionals="0" methods="1" coveredmethods="1"/>
      <file name="email.js" path="C:\Users\Xakep\Desktop\investiga-mais\backend\src\services\email.js">
        <metrics statements="11" coveredstatements="7" conditionals="2" coveredconditionals="0" methods="1" coveredmethods="1"/>
        <line num="1" count="4" type="stmt"/>
        <line num="4" count="1" type="stmt"/>
        <line num="5" count="1" type="stmt"/>
        <line num="6" count="1" type="stmt"/>
        <line num="13" count="0" type="cond" truecount="0" falsecount="2"/>
        <line num="14" count="0" type="stmt"/>
        <line num="15" count="0" type="stmt"/>
        <line num="18" count="0" type="stmt"/>
        <line num="20" count="1" type="stmt"/>
        <line num="21" count="1" type="stmt"/>
        <line num="25" count="4" type="stmt"/>
      </file>
    </package>
  </project>
</coverage>
