{"C:\\Users\\Xakep\\Desktop\\investiga-mais\\backend\\src\\app.js": {"path":"C:\\Users\\Xakep\\Desktop\\investiga-mais\\backend\\src\\app.js","statementMap":{"0":{"start":{"line":1,"column":0},"end":{"line":1,"column":26}},"1":{"start":{"line":2,"column":16},"end":{"line":2,"column":34}},"2":{"start":{"line":3,"column":13},"end":{"line":3,"column":28}},"3":{"start":{"line":4,"column":21},"end":{"line":4,"column":45}},"4":{"start":{"line":6,"column":12},"end":{"line":6,"column":21}},"5":{"start":{"line":8,"column":0},"end":{"line":8,"column":23}},"6":{"start":{"line":11,"column":0},"end":{"line":14,"column":3}},"7":{"start":{"line":16,"column":0},"end":{"line":16,"column":23}},"8":{"start":{"line":24,"column":4},"end":{"line":24,"column":27}},"9":{"start":{"line":28,"column":19},"end":{"line":28,"column":49}},"10":{"start":{"line":29,"column":19},"end":{"line":29,"column":43}},"11":{"start":{"line":30,"column":22},"end":{"line":30,"column":55}},"12":{"start":{"line":31,"column":23},"end":{"line":31,"column":57}},"13":{"start":{"line":32,"column":21},"end":{"line":32,"column":53}},"14":{"start":{"line":33,"column":24},"end":{"line":33,"column":59}},"15":{"start":{"line":34,"column":20},"end":{"line":34,"column":51}},"16":{"start":{"line":35,"column":23},"end":{"line":35,"column":57}},"17":{"start":{"line":38,"column":0},"end":{"line":40,"column":2}},"18":{"start":{"line":39,"column":2},"end":{"line":39,"column":56}},"19":{"start":{"line":42,"column":0},"end":{"line":42,"column":15}},"20":{"start":{"line":45,"column":0},"end":{"line":45,"column":40}},"21":{"start":{"line":46,"column":0},"end":{"line":46,"column":32}},"22":{"start":{"line":47,"column":0},"end":{"line":47,"column":32}},"23":{"start":{"line":48,"column":0},"end":{"line":48,"column":38}},"24":{"start":{"line":51,"column":0},"end":{"line":51,"column":53}},"25":{"start":{"line":52,"column":0},"end":{"line":52,"column":36}},"26":{"start":{"line":53,"column":0},"end":{"line":53,"column":42}},"27":{"start":{"line":54,"column":0},"end":{"line":54,"column":35}},"28":{"start":{"line":55,"column":0},"end":{"line":55,"column":40}},"29":{"start":{"line":58,"column":22},"end":{"line":58,"column":53}},"30":{"start":{"line":59,"column":0},"end":{"line":61,"column":2}},"31":{"start":{"line":60,"column":2},"end":{"line":60,"column":51}},"32":{"start":{"line":64,"column":0},"end":{"line":64,"column":21}},"33":{"start":{"line":66,"column":0},"end":{"line":66,"column":20}}},"fnMap":{"0":{"name":"(anonymous_0)","decl":{"start":{"line":38,"column":13},"end":{"line":38,"column":14}},"loc":{"start":{"line":38,"column":27},"end":{"line":40,"column":1}},"line":38},"1":{"name":"(anonymous_1)","decl":{"start":{"line":59,"column":8},"end":{"line":59,"column":9}},"loc":{"start":{"line":59,"column":22},"end":{"line":61,"column":1}},"line":59}},"branchMap":{},"s":{"0":5,"1":5,"2":5,"3":5,"4":5,"5":5,"6":5,"7":5,"8":5,"9":5,"10":5,"11":5,"12":5,"13":5,"14":5,"15":5,"16":5,"17":5,"18":0,"19":5,"20":5,"21":5,"22":5,"23":5,"24":5,"25":5,"26":5,"27":5,"28":5,"29":5,"30":5,"31":0,"32":5,"33":5},"f":{"0":0,"1":0},"b":{},"_coverageSchema":"1a1c01bbd47fc00a2c39e90264f33305004495a9","hash":"1be075951364c831c53230b61b2fc0ed6ad38df3"}
,"C:\\Users\\Xakep\\Desktop\\investiga-mais\\backend\\src\\controllers\\adminController.js": {"path":"C:\\Users\\Xakep\\Desktop\\investiga-mais\\backend\\src\\controllers\\adminController.js","statementMap":{"0":{"start":{"line":1,"column":15},"end":{"line":1,"column":34}},"1":{"start":{"line":2,"column":15},"end":{"line":2,"column":32}},"2":{"start":{"line":3,"column":15},"end":{"line":3,"column":39}},"3":{"start":{"line":4,"column":37},"end":{"line":4,"column":82}},"4":{"start":{"line":5,"column":24},"end":{"line":5,"column":52}},"5":{"start":{"line":6,"column":35},"end":{"line":6,"column":73}},"6":{"start":{"line":7,"column":35},"end":{"line":7,"column":67}},"7":{"start":{"line":9,"column":0},"end":{"line":89,"column":2}},"8":{"start":{"line":10,"column":2},"end":{"line":88,"column":3}},"9":{"start":{"line":11,"column":43},"end":{"line":11,"column":51}},"10":{"start":{"line":13,"column":4},"end":{"line":13,"column":80}},"11":{"start":{"line":13,"column":24},"end":{"line":13,"column":80}},"12":{"start":{"line":15,"column":23},"end":{"line":15,"column":42}},"13":{"start":{"line":17,"column":4},"end":{"line":19,"column":5}},"14":{"start":{"line":18,"column":6},"end":{"line":18,"column":70}},"15":{"start":{"line":21,"column":22},"end":{"line":25,"column":6}},"16":{"start":{"line":27,"column":4},"end":{"line":27,"column":72}},"17":{"start":{"line":27,"column":19},"end":{"line":27,"column":72}},"18":{"start":{"line":29,"column":24},"end":{"line":29,"column":61}},"19":{"start":{"line":30,"column":31},"end":{"line":30,"column":65}},"20":{"start":{"line":32,"column":4},"end":{"line":40,"column":7}},"21":{"start":{"line":42,"column":17},"end":{"line":64,"column":5}},"22":{"start":{"line":66,"column":4},"end":{"line":70,"column":5}},"23":{"start":{"line":67,"column":6},"end":{"line":67,"column":76}},"24":{"start":{"line":69,"column":6},"end":{"line":69,"column":101}},"25":{"start":{"line":73,"column":4},"end":{"line":79,"column":5}},"26":{"start":{"line":74,"column":6},"end":{"line":78,"column":9}},"27":{"start":{"line":81,"column":4},"end":{"line":84,"column":7}},"28":{"start":{"line":86,"column":4},"end":{"line":86,"column":48}},"29":{"start":{"line":87,"column":4},"end":{"line":87,"column":81}},"30":{"start":{"line":91,"column":0},"end":{"line":116,"column":2}},"31":{"start":{"line":92,"column":2},"end":{"line":115,"column":3}},"32":{"start":{"line":93,"column":22},"end":{"line":101,"column":6}},"33":{"start":{"line":103,"column":23},"end":{"line":109,"column":7}},"34":{"start":{"line":103,"column":45},"end":{"line":109,"column":5}},"35":{"start":{"line":111,"column":4},"end":{"line":111,"column":55}},"36":{"start":{"line":113,"column":4},"end":{"line":113,"column":52}},"37":{"start":{"line":114,"column":4},"end":{"line":114,"column":59}},"38":{"start":{"line":118,"column":0},"end":{"line":158,"column":2}},"39":{"start":{"line":119,"column":2},"end":{"line":157,"column":3}},"40":{"start":{"line":120,"column":23},"end":{"line":120,"column":46}},"41":{"start":{"line":121,"column":4},"end":{"line":121,"column":81}},"42":{"start":{"line":121,"column":27},"end":{"line":121,"column":81}},"43":{"start":{"line":123,"column":21},"end":{"line":135,"column":6}},"44":{"start":{"line":137,"column":4},"end":{"line":137,"column":73}},"45":{"start":{"line":137,"column":19},"end":{"line":137,"column":73}},"46":{"start":{"line":139,"column":32},"end":{"line":146,"column":7}},"47":{"start":{"line":139,"column":63},"end":{"line":146,"column":5}},"48":{"start":{"line":148,"column":4},"end":{"line":153,"column":7}},"49":{"start":{"line":155,"column":4},"end":{"line":155,"column":58}},"50":{"start":{"line":156,"column":4},"end":{"line":156,"column":71}},"51":{"start":{"line":160,"column":0},"end":{"line":210,"column":2}},"52":{"start":{"line":161,"column":2},"end":{"line":209,"column":3}},"53":{"start":{"line":162,"column":23},"end":{"line":162,"column":46}},"54":{"start":{"line":163,"column":25},"end":{"line":163,"column":33}},"55":{"start":{"line":164,"column":24},"end":{"line":164,"column":36}},"56":{"start":{"line":166,"column":4},"end":{"line":168,"column":5}},"57":{"start":{"line":167,"column":6},"end":{"line":167,"column":59}},"58":{"start":{"line":170,"column":21},"end":{"line":170,"column":84}},"59":{"start":{"line":171,"column":4},"end":{"line":171,"column":73}},"60":{"start":{"line":171,"column":19},"end":{"line":171,"column":73}},"61":{"start":{"line":173,"column":25},"end":{"line":181,"column":6}},"62":{"start":{"line":183,"column":18},"end":{"line":183,"column":77}},"63":{"start":{"line":185,"column":22},"end":{"line":189,"column":6}},"64":{"start":{"line":191,"column":4},"end":{"line":194,"column":7}},"65":{"start":{"line":196,"column":4},"end":{"line":199,"column":7}},"66":{"start":{"line":201,"column":4},"end":{"line":205,"column":7}},"67":{"start":{"line":207,"column":4},"end":{"line":207,"column":50}},"68":{"start":{"line":208,"column":4},"end":{"line":208,"column":66}}},"fnMap":{"0":{"name":"(anonymous_0)","decl":{"start":{"line":9,"column":26},"end":{"line":9,"column":27}},"loc":{"start":{"line":9,"column":46},"end":{"line":89,"column":1}},"line":9},"1":{"name":"(anonymous_1)","decl":{"start":{"line":91,"column":26},"end":{"line":91,"column":27}},"loc":{"start":{"line":91,"column":46},"end":{"line":116,"column":1}},"line":91},"2":{"name":"(anonymous_2)","decl":{"start":{"line":103,"column":37},"end":{"line":103,"column":38}},"loc":{"start":{"line":103,"column":45},"end":{"line":109,"column":5}},"line":103},"3":{"name":"(anonymous_3)","decl":{"start":{"line":118,"column":36},"end":{"line":118,"column":37}},"loc":{"start":{"line":118,"column":56},"end":{"line":158,"column":1}},"line":118},"4":{"name":"(anonymous_4)","decl":{"start":{"line":139,"column":55},"end":{"line":139,"column":56}},"loc":{"start":{"line":139,"column":63},"end":{"line":146,"column":5}},"line":139},"5":{"name":"(anonymous_5)","decl":{"start":{"line":160,"column":28},"end":{"line":160,"column":29}},"loc":{"start":{"line":160,"column":48},"end":{"line":210,"column":1}},"line":160}},"branchMap":{"0":{"loc":{"start":{"line":13,"column":4},"end":{"line":13,"column":80}},"type":"if","locations":[{"start":{"line":13,"column":4},"end":{"line":13,"column":80}},{"start":{},"end":{}}],"line":13},"1":{"loc":{"start":{"line":13,"column":8},"end":{"line":13,"column":22}},"type":"binary-expr","locations":[{"start":{"line":13,"column":8},"end":{"line":13,"column":14}},{"start":{"line":13,"column":18},"end":{"line":13,"column":22}}],"line":13},"2":{"loc":{"start":{"line":17,"column":4},"end":{"line":19,"column":5}},"type":"if","locations":[{"start":{"line":17,"column":4},"end":{"line":19,"column":5}},{"start":{},"end":{}}],"line":17},"3":{"loc":{"start":{"line":17,"column":8},"end":{"line":17,"column":53}},"type":"binary-expr","locations":[{"start":{"line":17,"column":8},"end":{"line":17,"column":33}},{"start":{"line":17,"column":37},"end":{"line":17,"column":53}}],"line":17},"4":{"loc":{"start":{"line":27,"column":4},"end":{"line":27,"column":72}},"type":"if","locations":[{"start":{"line":27,"column":4},"end":{"line":27,"column":72}},{"start":{},"end":{}}],"line":27},"5":{"loc":{"start":{"line":37,"column":14},"end":{"line":37,"column":31}},"type":"binary-expr","locations":[{"start":{"line":37,"column":14},"end":{"line":37,"column":18}},{"start":{"line":37,"column":22},"end":{"line":37,"column":31}}],"line":37},"6":{"loc":{"start":{"line":38,"column":18},"end":{"line":38,"column":39}},"type":"binary-expr","locations":[{"start":{"line":38,"column":18},"end":{"line":38,"column":26}},{"start":{"line":38,"column":30},"end":{"line":38,"column":39}}],"line":38},"7":{"loc":{"start":{"line":66,"column":4},"end":{"line":70,"column":5}},"type":"if","locations":[{"start":{"line":66,"column":4},"end":{"line":70,"column":5}},{"start":{"line":68,"column":11},"end":{"line":70,"column":5}}],"line":66},"8":{"loc":{"start":{"line":73,"column":4},"end":{"line":79,"column":5}},"type":"if","locations":[{"start":{"line":73,"column":4},"end":{"line":79,"column":5}},{"start":{},"end":{}}],"line":73},"9":{"loc":{"start":{"line":76,"column":28},"end":{"line":76,"column":45}},"type":"binary-expr","locations":[{"start":{"line":76,"column":28},"end":{"line":76,"column":32}},{"start":{"line":76,"column":36},"end":{"line":76,"column":45}}],"line":76},"10":{"loc":{"start":{"line":77,"column":15},"end":{"line":77,"column":74}},"type":"binary-expr","locations":[{"start":{"line":77,"column":15},"end":{"line":77,"column":24}},{"start":{"line":77,"column":28},"end":{"line":77,"column":68}},{"start":{"line":77,"column":72},"end":{"line":77,"column":74}}],"line":77},"11":{"loc":{"start":{"line":107,"column":22},"end":{"line":107,"column":52}},"type":"binary-expr","locations":[{"start":{"line":107,"column":22},"end":{"line":107,"column":46}},{"start":{"line":107,"column":50},"end":{"line":107,"column":52}}],"line":107},"12":{"loc":{"start":{"line":121,"column":4},"end":{"line":121,"column":81}},"type":"if","locations":[{"start":{"line":121,"column":4},"end":{"line":121,"column":81}},{"start":{},"end":{}}],"line":121},"13":{"loc":{"start":{"line":137,"column":4},"end":{"line":137,"column":73}},"type":"if","locations":[{"start":{"line":137,"column":4},"end":{"line":137,"column":73}},{"start":{},"end":{}}],"line":137},"14":{"loc":{"start":{"line":145,"column":17},"end":{"line":145,"column":90}},"type":"cond-expr","locations":[{"start":{"line":145,"column":31},"end":{"line":145,"column":83}},{"start":{"line":145,"column":86},"end":{"line":145,"column":90}}],"line":145},"15":{"loc":{"start":{"line":166,"column":4},"end":{"line":168,"column":5}},"type":"if","locations":[{"start":{"line":166,"column":4},"end":{"line":168,"column":5}},{"start":{},"end":{}}],"line":166},"16":{"loc":{"start":{"line":166,"column":8},"end":{"line":166,"column":47}},"type":"binary-expr","locations":[{"start":{"line":166,"column":8},"end":{"line":166,"column":17}},{"start":{"line":166,"column":21},"end":{"line":166,"column":47}}],"line":166},"17":{"loc":{"start":{"line":171,"column":4},"end":{"line":171,"column":73}},"type":"if","locations":[{"start":{"line":171,"column":4},"end":{"line":171,"column":73}},{"start":{},"end":{}}],"line":171},"18":{"loc":{"start":{"line":183,"column":18},"end":{"line":183,"column":77}},"type":"binary-expr","locations":[{"start":{"line":183,"column":18},"end":{"line":183,"column":27}},{"start":{"line":183,"column":31},"end":{"line":183,"column":71}},{"start":{"line":183,"column":75},"end":{"line":183,"column":77}}],"line":183}},"s":{"0":6,"1":6,"2":6,"3":6,"4":6,"5":6,"6":6,"7":6,"8":0,"9":0,"10":0,"11":0,"12":0,"13":0,"14":0,"15":0,"16":0,"17":0,"18":0,"19":0,"20":0,"21":0,"22":0,"23":0,"24":0,"25":0,"26":0,"27":0,"28":0,"29":0,"30":6,"31":2,"32":2,"33":1,"34":1,"35":1,"36":1,"37":1,"38":6,"39":3,"40":3,"41":3,"42":1,"43":2,"44":2,"45":1,"46":1,"47":1,"48":1,"49":0,"50":0,"51":6,"52":4,"53":4,"54":4,"55":4,"56":4,"57":1,"58":3,"59":2,"60":1,"61":1,"62":1,"63":1,"64":1,"65":1,"66":1,"67":1,"68":1},"f":{"0":0,"1":2,"2":1,"3":3,"4":1,"5":4},"b":{"0":[0,0],"1":[0,0],"2":[0,0],"3":[0,0],"4":[0,0],"5":[0,0],"6":[0,0],"7":[0,0],"8":[0,0],"9":[0,0],"10":[0,0,0],"11":[1,0],"12":[1,2],"13":[1,1],"14":[1,0],"15":[1,3],"16":[4,3],"17":[1,1],"18":[1,1,1]},"_coverageSchema":"1a1c01bbd47fc00a2c39e90264f33305004495a9","hash":"216c9f8a121e9c6adad89e34851742570842c861"}
,"C:\\Users\\Xakep\\Desktop\\investiga-mais\\backend\\src\\controllers\\authController.js": {"path":"C:\\Users\\Xakep\\Desktop\\investiga-mais\\backend\\src\\controllers\\authController.js","statementMap":{"0":{"start":{"line":1,"column":15},"end":{"line":1,"column":34}},"1":{"start":{"line":2,"column":12},"end":{"line":2,"column":35}},"2":{"start":{"line":3,"column":15},"end":{"line":3,"column":39}},"3":{"start":{"line":4,"column":39},"end":{"line":4,"column":84}},"4":{"start":{"line":5,"column":35},"end":{"line":5,"column":67}},"5":{"start":{"line":7,"column":19},"end":{"line":7,"column":64}},"6":{"start":{"line":9,"column":0},"end":{"line":60,"column":1}},"7":{"start":{"line":10,"column":25},"end":{"line":10,"column":33}},"8":{"start":{"line":12,"column":2},"end":{"line":14,"column":3}},"9":{"start":{"line":13,"column":4},"end":{"line":13,"column":61}},"10":{"start":{"line":16,"column":2},"end":{"line":18,"column":3}},"11":{"start":{"line":17,"column":4},"end":{"line":17,"column":70}},"12":{"start":{"line":20,"column":2},"end":{"line":20,"column":29}},"13":{"start":{"line":22,"column":2},"end":{"line":59,"column":3}},"14":{"start":{"line":23,"column":20},"end":{"line":23,"column":73}},"15":{"start":{"line":25,"column":4},"end":{"line":27,"column":5}},"16":{"start":{"line":26,"column":6},"end":{"line":26,"column":57}},"17":{"start":{"line":29,"column":18},"end":{"line":39,"column":5}},"18":{"start":{"line":42,"column":4},"end":{"line":47,"column":6}},"19":{"start":{"line":49,"column":4},"end":{"line":55,"column":38}},"20":{"start":{"line":57,"column":4},"end":{"line":57,"column":40}},"21":{"start":{"line":58,"column":4},"end":{"line":58,"column":56}},"22":{"start":{"line":62,"column":0},"end":{"line":68,"column":1}},"23":{"start":{"line":64,"column":2},"end":{"line":64,"column":83}},"24":{"start":{"line":67,"column":2},"end":{"line":67,"column":62}}},"fnMap":{"0":{"name":"(anonymous_0)","decl":{"start":{"line":9,"column":16},"end":{"line":9,"column":17}},"loc":{"start":{"line":9,"column":42},"end":{"line":60,"column":1}},"line":9},"1":{"name":"(anonymous_1)","decl":{"start":{"line":62,"column":17},"end":{"line":62,"column":18}},"loc":{"start":{"line":62,"column":31},"end":{"line":68,"column":1}},"line":62}},"branchMap":{"0":{"loc":{"start":{"line":7,"column":19},"end":{"line":7,"column":64}},"type":"binary-expr","locations":[{"start":{"line":7,"column":19},"end":{"line":7,"column":41}},{"start":{"line":7,"column":45},"end":{"line":7,"column":64}}],"line":7},"1":{"loc":{"start":{"line":12,"column":2},"end":{"line":14,"column":3}},"type":"if","locations":[{"start":{"line":12,"column":2},"end":{"line":14,"column":3}},{"start":{},"end":{}}],"line":12},"2":{"loc":{"start":{"line":12,"column":6},"end":{"line":12,"column":22}},"type":"binary-expr","locations":[{"start":{"line":12,"column":6},"end":{"line":12,"column":12}},{"start":{"line":12,"column":16},"end":{"line":12,"column":22}}],"line":12},"3":{"loc":{"start":{"line":16,"column":2},"end":{"line":18,"column":3}},"type":"if","locations":[{"start":{"line":16,"column":2},"end":{"line":18,"column":3}},{"start":{},"end":{}}],"line":16},"4":{"loc":{"start":{"line":16,"column":6},"end":{"line":16,"column":50}},"type":"binary-expr","locations":[{"start":{"line":16,"column":6},"end":{"line":16,"column":26}},{"start":{"line":16,"column":30},"end":{"line":16,"column":50}}],"line":16},"5":{"loc":{"start":{"line":25,"column":4},"end":{"line":27,"column":5}},"type":"if","locations":[{"start":{"line":25,"column":4},"end":{"line":27,"column":5}},{"start":{},"end":{}}],"line":25},"6":{"loc":{"start":{"line":25,"column":8},"end":{"line":25,"column":69}},"type":"binary-expr","locations":[{"start":{"line":25,"column":8},"end":{"line":25,"column":16}},{"start":{"line":25,"column":20},"end":{"line":25,"column":69}}],"line":25}},"s":{"0":5,"1":5,"2":5,"3":5,"4":5,"5":5,"6":5,"7":4,"8":4,"9":1,"10":3,"11":1,"12":2,"13":2,"14":2,"15":2,"16":1,"17":1,"18":1,"19":1,"20":0,"21":0,"22":5,"23":1,"24":1},"f":{"0":4,"1":1},"b":{"0":[5,0],"1":[1,3],"2":[4,3],"3":[1,2],"4":[3,2],"5":[1,1],"6":[2,1]},"_coverageSchema":"1a1c01bbd47fc00a2c39e90264f33305004495a9","hash":"9020c3d67689cf9c8c3314a9d1768c8788c4b109"}
,"C:\\Users\\Xakep\\Desktop\\investiga-mais\\backend\\src\\controllers\\consultaController.js": {"path":"C:\\Users\\Xakep\\Desktop\\investiga-mais\\backend\\src\\controllers\\consultaController.js","statementMap":{"0":{"start":{"line":1,"column":14},"end":{"line":1,"column":30}},"1":{"start":{"line":2,"column":15},"end":{"line":2,"column":39}},"2":{"start":{"line":3,"column":24},"end":{"line":3,"column":69}},"3":{"start":{"line":4,"column":35},"end":{"line":4,"column":67}},"4":{"start":{"line":9,"column":14},"end":{"line":9,"column":71}},"5":{"start":{"line":9,"column":22},"end":{"line":9,"column":71}},"6":{"start":{"line":9,"column":47},"end":{"line":9,"column":70}},"7":{"start":{"line":15,"column":21},"end":{"line":15,"column":22}},"8":{"start":{"line":16,"column":18},"end":{"line":16,"column":21}},"9":{"start":{"line":18,"column":2},"end":{"line":80,"column":3}},"10":{"start":{"line":18,"column":21},"end":{"line":18,"column":22}},"11":{"start":{"line":19,"column":4},"end":{"line":19,"column":74}},"12":{"start":{"line":21,"column":4},"end":{"line":79,"column":5}},"13":{"start":{"line":22,"column":23},"end":{"line":26,"column":8}},"14":{"start":{"line":29,"column":6},"end":{"line":31,"column":7}},"15":{"start":{"line":30,"column":8},"end":{"line":30,"column":29}},"16":{"start":{"line":34,"column":6},"end":{"line":36,"column":7}},"17":{"start":{"line":35,"column":8},"end":{"line":35,"column":40}},"18":{"start":{"line":39,"column":6},"end":{"line":41,"column":7}},"19":{"start":{"line":40,"column":8},"end":{"line":40,"column":48}},"20":{"start":{"line":44,"column":6},"end":{"line":44,"column":46}},"21":{"start":{"line":47,"column":6},"end":{"line":49,"column":7}},"22":{"start":{"line":48,"column":8},"end":{"line":48,"column":18}},"23":{"start":{"line":52,"column":21},"end":{"line":52,"column":41}},"24":{"start":{"line":53,"column":22},"end":{"line":53,"column":49}},"25":{"start":{"line":54,"column":19},"end":{"line":54,"column":37}},"26":{"start":{"line":56,"column":6},"end":{"line":56,"column":107}},"27":{"start":{"line":57,"column":6},"end":{"line":59,"column":7}},"28":{"start":{"line":58,"column":8},"end":{"line":58,"column":58}},"29":{"start":{"line":62,"column":6},"end":{"line":64,"column":7}},"30":{"start":{"line":63,"column":8},"end":{"line":63,"column":40}},"31":{"start":{"line":67,"column":6},"end":{"line":69,"column":7}},"32":{"start":{"line":68,"column":8},"end":{"line":68,"column":48}},"33":{"start":{"line":72,"column":6},"end":{"line":78,"column":7}},"34":{"start":{"line":74,"column":8},"end":{"line":74,"column":37}},"35":{"start":{"line":77,"column":8},"end":{"line":77,"column":67}},"36":{"start":{"line":77,"column":37},"end":{"line":77,"column":65}},"37":{"start":{"line":87,"column":0},"end":{"line":249,"column":2}},"38":{"start":{"line":88,"column":19},"end":{"line":88,"column":29}},"39":{"start":{"line":89,"column":18},"end":{"line":89,"column":26}},"40":{"start":{"line":91,"column":2},"end":{"line":93,"column":3}},"41":{"start":{"line":92,"column":4},"end":{"line":92,"column":78}},"42":{"start":{"line":95,"column":2},"end":{"line":248,"column":3}},"43":{"start":{"line":97,"column":30},"end":{"line":99,"column":6}},"44":{"start":{"line":102,"column":20},"end":{"line":104,"column":6}},"45":{"start":{"line":106,"column":23},"end":{"line":106,"column":40}},"46":{"start":{"line":107,"column":21},"end":{"line":107,"column":25}},"47":{"start":{"line":109,"column":4},"end":{"line":199,"column":5}},"48":{"start":{"line":110,"column":6},"end":{"line":110,"column":72}},"49":{"start":{"line":114,"column":6},"end":{"line":182,"column":7}},"50":{"start":{"line":115,"column":8},"end":{"line":115,"column":57}},"51":{"start":{"line":117,"column":8},"end":{"line":119,"column":9}},"52":{"start":{"line":118,"column":10},"end":{"line":118,"column":50}},"53":{"start":{"line":123,"column":8},"end":{"line":125,"column":9}},"54":{"start":{"line":124,"column":10},"end":{"line":124,"column":167}},"55":{"start":{"line":127,"column":8},"end":{"line":129,"column":9}},"56":{"start":{"line":128,"column":10},"end":{"line":128,"column":96}},"57":{"start":{"line":131,"column":8},"end":{"line":133,"column":9}},"58":{"start":{"line":132,"column":10},"end":{"line":132,"column":72}},"59":{"start":{"line":135,"column":8},"end":{"line":137,"column":9}},"60":{"start":{"line":136,"column":10},"end":{"line":136,"column":78}},"61":{"start":{"line":140,"column":23},"end":{"line":140,"column":45}},"62":{"start":{"line":141,"column":24},"end":{"line":141,"column":53}},"63":{"start":{"line":143,"column":8},"end":{"line":145,"column":9}},"64":{"start":{"line":144,"column":10},"end":{"line":144,"column":167}},"65":{"start":{"line":147,"column":8},"end":{"line":149,"column":9}},"66":{"start":{"line":148,"column":10},"end":{"line":148,"column":96}},"67":{"start":{"line":151,"column":8},"end":{"line":153,"column":9}},"68":{"start":{"line":152,"column":10},"end":{"line":152,"column":72}},"69":{"start":{"line":156,"column":8},"end":{"line":177,"column":9}},"70":{"start":{"line":157,"column":10},"end":{"line":176,"column":11}},"71":{"start":{"line":158,"column":12},"end":{"line":165,"column":15}},"72":{"start":{"line":167,"column":12},"end":{"line":170,"column":15}},"73":{"start":{"line":172,"column":12},"end":{"line":172,"column":41}},"74":{"start":{"line":173,"column":12},"end":{"line":173,"column":105}},"75":{"start":{"line":175,"column":12},"end":{"line":175,"column":98}},"76":{"start":{"line":180,"column":8},"end":{"line":180,"column":61}},"77":{"start":{"line":181,"column":8},"end":{"line":181,"column":76}},"78":{"start":{"line":185,"column":6},"end":{"line":190,"column":9}},"79":{"start":{"line":192,"column":6},"end":{"line":192,"column":64}},"80":{"start":{"line":194,"column":6},"end":{"line":194,"column":64}},"81":{"start":{"line":196,"column":6},"end":{"line":198,"column":7}},"82":{"start":{"line":197,"column":8},"end":{"line":197,"column":70}},"83":{"start":{"line":202,"column":4},"end":{"line":212,"column":5}},"84":{"start":{"line":203,"column":6},"end":{"line":210,"column":9}},"85":{"start":{"line":211,"column":6},"end":{"line":211,"column":25}},"86":{"start":{"line":215,"column":4},"end":{"line":227,"column":5}},"87":{"start":{"line":216,"column":6},"end":{"line":226,"column":7}},"88":{"start":{"line":217,"column":8},"end":{"line":220,"column":11}},"89":{"start":{"line":222,"column":8},"end":{"line":222,"column":43}},"90":{"start":{"line":223,"column":8},"end":{"line":223,"column":102}},"91":{"start":{"line":225,"column":8},"end":{"line":225,"column":92}},"92":{"start":{"line":230,"column":4},"end":{"line":240,"column":7}},"93":{"start":{"line":243,"column":4},"end":{"line":243,"column":50}},"94":{"start":{"line":244,"column":4},"end":{"line":247,"column":7}},"95":{"start":{"line":255,"column":0},"end":{"line":332,"column":1}},"96":{"start":{"line":256,"column":31},"end":{"line":256,"column":39}},"97":{"start":{"line":264,"column":6},"end":{"line":264,"column":15}},"98":{"start":{"line":266,"column":2},"end":{"line":331,"column":3}},"99":{"start":{"line":268,"column":18},"end":{"line":268,"column":25}},"100":{"start":{"line":270,"column":4},"end":{"line":272,"column":5}},"101":{"start":{"line":271,"column":6},"end":{"line":271,"column":41}},"102":{"start":{"line":274,"column":4},"end":{"line":282,"column":5}},"103":{"start":{"line":276,"column":20},"end":{"line":276,"column":53}},"104":{"start":{"line":277,"column":18},"end":{"line":277,"column":51}},"105":{"start":{"line":278,"column":6},"end":{"line":281,"column":7}},"106":{"start":{"line":284,"column":4},"end":{"line":288,"column":5}},"107":{"start":{"line":285,"column":6},"end":{"line":287,"column":7}},"108":{"start":{"line":290,"column":4},"end":{"line":294,"column":5}},"109":{"start":{"line":291,"column":6},"end":{"line":293,"column":7}},"110":{"start":{"line":297,"column":18},"end":{"line":297,"column":56}},"111":{"start":{"line":300,"column":22},"end":{"line":313,"column":6}},"112":{"start":{"line":315,"column":4},"end":{"line":322,"column":6}},"113":{"start":{"line":318,"column":40},"end":{"line":321,"column":7}},"114":{"start":{"line":324,"column":4},"end":{"line":324,"column":67}},"115":{"start":{"line":326,"column":4},"end":{"line":330,"column":6}}},"fnMap":{"0":{"name":"(anonymous_0)","decl":{"start":{"line":9,"column":14},"end":{"line":9,"column":15}},"loc":{"start":{"line":9,"column":22},"end":{"line":9,"column":71}},"line":9},"1":{"name":"(anonymous_1)","decl":{"start":{"line":9,"column":34},"end":{"line":9,"column":35}},"loc":{"start":{"line":9,"column":47},"end":{"line":9,"column":70}},"line":9},"2":{"name":"consultarReceitaWSComRetry","decl":{"start":{"line":14,"column":15},"end":{"line":14,"column":41}},"loc":{"start":{"line":14,"column":48},"end":{"line":81,"column":1}},"line":14},"3":{"name":"(anonymous_3)","decl":{"start":{"line":77,"column":26},"end":{"line":77,"column":27}},"loc":{"start":{"line":77,"column":37},"end":{"line":77,"column":65}},"line":77},"4":{"name":"(anonymous_4)","decl":{"start":{"line":87,"column":24},"end":{"line":87,"column":25}},"loc":{"start":{"line":87,"column":44},"end":{"line":249,"column":1}},"line":87},"5":{"name":"(anonymous_5)","decl":{"start":{"line":255,"column":26},"end":{"line":255,"column":27}},"loc":{"start":{"line":255,"column":46},"end":{"line":332,"column":1}},"line":255},"6":{"name":"(anonymous_6)","decl":{"start":{"line":318,"column":32},"end":{"line":318,"column":33}},"loc":{"start":{"line":318,"column":40},"end":{"line":321,"column":7}},"line":318}},"branchMap":{"0":{"loc":{"start":{"line":29,"column":6},"end":{"line":31,"column":7}},"type":"if","locations":[{"start":{"line":29,"column":6},"end":{"line":31,"column":7}},{"start":{},"end":{}}],"line":29},"1":{"loc":{"start":{"line":29,"column":10},"end":{"line":29,"column":81}},"type":"binary-expr","locations":[{"start":{"line":29,"column":10},"end":{"line":29,"column":33}},{"start":{"line":29,"column":37},"end":{"line":29,"column":58}},{"start":{"line":29,"column":62},"end":{"line":29,"column":81}}],"line":29},"2":{"loc":{"start":{"line":34,"column":6},"end":{"line":36,"column":7}},"type":"if","locations":[{"start":{"line":34,"column":6},"end":{"line":36,"column":7}},{"start":{},"end":{}}],"line":34},"3":{"loc":{"start":{"line":34,"column":10},"end":{"line":34,"column":78}},"type":"binary-expr","locations":[{"start":{"line":34,"column":10},"end":{"line":34,"column":33}},{"start":{"line":34,"column":37},"end":{"line":34,"column":78}}],"line":34},"4":{"loc":{"start":{"line":39,"column":6},"end":{"line":41,"column":7}},"type":"if","locations":[{"start":{"line":39,"column":6},"end":{"line":41,"column":7}},{"start":{},"end":{}}],"line":39},"5":{"loc":{"start":{"line":47,"column":6},"end":{"line":49,"column":7}},"type":"if","locations":[{"start":{"line":47,"column":6},"end":{"line":49,"column":7}},{"start":{},"end":{}}],"line":47},"6":{"loc":{"start":{"line":57,"column":6},"end":{"line":59,"column":7}},"type":"if","locations":[{"start":{"line":57,"column":6},"end":{"line":59,"column":7}},{"start":{},"end":{}}],"line":57},"7":{"loc":{"start":{"line":62,"column":6},"end":{"line":64,"column":7}},"type":"if","locations":[{"start":{"line":62,"column":6},"end":{"line":64,"column":7}},{"start":{},"end":{}}],"line":62},"8":{"loc":{"start":{"line":62,"column":10},"end":{"line":62,"column":54}},"type":"binary-expr","locations":[{"start":{"line":62,"column":10},"end":{"line":62,"column":24}},{"start":{"line":62,"column":28},"end":{"line":62,"column":54}}],"line":62},"9":{"loc":{"start":{"line":67,"column":6},"end":{"line":69,"column":7}},"type":"if","locations":[{"start":{"line":67,"column":6},"end":{"line":69,"column":7}},{"start":{},"end":{}}],"line":67},"10":{"loc":{"start":{"line":72,"column":6},"end":{"line":78,"column":7}},"type":"if","locations":[{"start":{"line":72,"column":6},"end":{"line":78,"column":7}},{"start":{"line":75,"column":13},"end":{"line":78,"column":7}}],"line":72},"11":{"loc":{"start":{"line":91,"column":2},"end":{"line":93,"column":3}},"type":"if","locations":[{"start":{"line":91,"column":2},"end":{"line":93,"column":3}},{"start":{},"end":{}}],"line":91},"12":{"loc":{"start":{"line":109,"column":4},"end":{"line":199,"column":5}},"type":"if","locations":[{"start":{"line":109,"column":4},"end":{"line":199,"column":5}},{"start":{"line":193,"column":11},"end":{"line":199,"column":5}}],"line":109},"13":{"loc":{"start":{"line":117,"column":8},"end":{"line":119,"column":9}},"type":"if","locations":[{"start":{"line":117,"column":8},"end":{"line":119,"column":9}},{"start":{},"end":{}}],"line":117},"14":{"loc":{"start":{"line":117,"column":12},"end":{"line":117,"column":46}},"type":"binary-expr","locations":[{"start":{"line":117,"column":12},"end":{"line":117,"column":28}},{"start":{"line":117,"column":32},"end":{"line":117,"column":46}}],"line":117},"15":{"loc":{"start":{"line":123,"column":8},"end":{"line":125,"column":9}},"type":"if","locations":[{"start":{"line":123,"column":8},"end":{"line":125,"column":9}},{"start":{},"end":{}}],"line":123},"16":{"loc":{"start":{"line":127,"column":8},"end":{"line":129,"column":9}},"type":"if","locations":[{"start":{"line":127,"column":8},"end":{"line":129,"column":9}},{"start":{},"end":{}}],"line":127},"17":{"loc":{"start":{"line":131,"column":8},"end":{"line":133,"column":9}},"type":"if","locations":[{"start":{"line":131,"column":8},"end":{"line":133,"column":9}},{"start":{},"end":{}}],"line":131},"18":{"loc":{"start":{"line":135,"column":8},"end":{"line":137,"column":9}},"type":"if","locations":[{"start":{"line":135,"column":8},"end":{"line":137,"column":9}},{"start":{},"end":{}}],"line":135},"19":{"loc":{"start":{"line":143,"column":8},"end":{"line":145,"column":9}},"type":"if","locations":[{"start":{"line":143,"column":8},"end":{"line":145,"column":9}},{"start":{},"end":{}}],"line":143},"20":{"loc":{"start":{"line":143,"column":12},"end":{"line":143,"column":56}},"type":"binary-expr","locations":[{"start":{"line":143,"column":12},"end":{"line":143,"column":26}},{"start":{"line":143,"column":30},"end":{"line":143,"column":56}}],"line":143},"21":{"loc":{"start":{"line":147,"column":8},"end":{"line":149,"column":9}},"type":"if","locations":[{"start":{"line":147,"column":8},"end":{"line":149,"column":9}},{"start":{},"end":{}}],"line":147},"22":{"loc":{"start":{"line":151,"column":8},"end":{"line":153,"column":9}},"type":"if","locations":[{"start":{"line":151,"column":8},"end":{"line":153,"column":9}},{"start":{},"end":{}}],"line":151},"23":{"loc":{"start":{"line":151,"column":12},"end":{"line":151,"column":60}},"type":"binary-expr","locations":[{"start":{"line":151,"column":12},"end":{"line":151,"column":33}},{"start":{"line":151,"column":37},"end":{"line":151,"column":60}}],"line":151},"24":{"loc":{"start":{"line":156,"column":8},"end":{"line":177,"column":9}},"type":"if","locations":[{"start":{"line":156,"column":8},"end":{"line":177,"column":9}},{"start":{},"end":{}}],"line":156},"25":{"loc":{"start":{"line":196,"column":6},"end":{"line":198,"column":7}},"type":"if","locations":[{"start":{"line":196,"column":6},"end":{"line":198,"column":7}},{"start":{},"end":{}}],"line":196},"26":{"loc":{"start":{"line":196,"column":10},"end":{"line":196,"column":66}},"type":"binary-expr","locations":[{"start":{"line":196,"column":10},"end":{"line":196,"column":27}},{"start":{"line":196,"column":31},"end":{"line":196,"column":66}}],"line":196},"27":{"loc":{"start":{"line":202,"column":4},"end":{"line":212,"column":5}},"type":"if","locations":[{"start":{"line":202,"column":4},"end":{"line":212,"column":5}},{"start":{},"end":{}}],"line":202},"28":{"loc":{"start":{"line":205,"column":16},"end":{"line":205,"column":94}},"type":"binary-expr","locations":[{"start":{"line":205,"column":16},"end":{"line":205,"column":36}},{"start":{"line":205,"column":40},"end":{"line":205,"column":64}},{"start":{"line":205,"column":68},"end":{"line":205,"column":94}}],"line":205},"29":{"loc":{"start":{"line":215,"column":4},"end":{"line":227,"column":5}},"type":"if","locations":[{"start":{"line":215,"column":4},"end":{"line":227,"column":5}},{"start":{},"end":{}}],"line":215},"30":{"loc":{"start":{"line":258,"column":4},"end":{"line":258,"column":12}},"type":"default-arg","locations":[{"start":{"line":258,"column":11},"end":{"line":258,"column":12}}],"line":258},"31":{"loc":{"start":{"line":259,"column":4},"end":{"line":259,"column":13}},"type":"default-arg","locations":[{"start":{"line":259,"column":12},"end":{"line":259,"column":13}}],"line":259},"32":{"loc":{"start":{"line":270,"column":4},"end":{"line":272,"column":5}},"type":"if","locations":[{"start":{"line":270,"column":4},"end":{"line":272,"column":5}},{"start":{},"end":{}}],"line":270},"33":{"loc":{"start":{"line":274,"column":4},"end":{"line":282,"column":5}},"type":"if","locations":[{"start":{"line":274,"column":4},"end":{"line":282,"column":5}},{"start":{},"end":{}}],"line":274},"34":{"loc":{"start":{"line":284,"column":4},"end":{"line":288,"column":5}},"type":"if","locations":[{"start":{"line":284,"column":4},"end":{"line":288,"column":5}},{"start":{},"end":{}}],"line":284},"35":{"loc":{"start":{"line":290,"column":4},"end":{"line":294,"column":5}},"type":"if","locations":[{"start":{"line":290,"column":4},"end":{"line":294,"column":5}},{"start":{},"end":{}}],"line":290}},"s":{"0":5,"1":5,"2":5,"3":5,"4":5,"5":0,"6":0,"7":6,"8":6,"9":6,"10":6,"11":6,"12":6,"13":6,"14":3,"15":1,"16":2,"17":0,"18":2,"19":0,"20":2,"21":5,"22":2,"23":3,"24":3,"25":3,"26":3,"27":3,"28":3,"29":3,"30":2,"31":1,"32":1,"33":0,"34":0,"35":0,"36":0,"37":5,"38":12,"39":12,"40":12,"41":1,"42":11,"43":11,"44":11,"45":10,"46":10,"47":10,"48":6,"49":6,"50":6,"51":1,"52":0,"53":5,"54":2,"55":3,"56":1,"57":2,"58":2,"59":0,"60":0,"61":0,"62":0,"63":0,"64":0,"65":0,"66":0,"67":0,"68":0,"69":0,"70":0,"71":0,"72":0,"73":0,"74":0,"75":0,"76":0,"77":0,"78":1,"79":1,"80":4,"81":4,"82":1,"83":4,"84":2,"85":2,"86":4,"87":3,"88":3,"89":3,"90":3,"91":0,"92":4,"93":1,"94":1,"95":5,"96":5,"97":5,"98":5,"99":5,"100":5,"101":1,"102":5,"103":0,"104":0,"105":0,"106":5,"107":1,"108":5,"109":1,"110":5,"111":5,"112":4,"113":1,"114":1,"115":1},"f":{"0":0,"1":0,"2":6,"3":0,"4":12,"5":5,"6":1},"b":{"0":[1,2],"1":[3,3,2],"2":[0,2],"3":[2,0],"4":[0,2],"5":[2,3],"6":[3,0],"7":[2,1],"8":[3,2],"9":[1,0],"10":[0,0],"11":[1,11],"12":[6,4],"13":[0,1],"14":[1,1],"15":[2,3],"16":[1,2],"17":[2,0],"18":[0,0],"19":[0,0],"20":[0,0],"21":[0,0],"22":[0,0],"23":[0,0],"24":[0,0],"25":[1,3],"26":[4,3],"27":[2,2],"28":[2,0,0],"29":[3,1],"30":[5],"31":[5],"32":[1,4],"33":[0,5],"34":[1,4],"35":[1,4]},"_coverageSchema":"1a1c01bbd47fc00a2c39e90264f33305004495a9","hash":"1e83cb427b586d6c9b73757df0b2b5b5d31cc7d8"}
,"C:\\Users\\Xakep\\Desktop\\investiga-mais\\backend\\src\\controllers\\perfilController.js": {"path":"C:\\Users\\Xakep\\Desktop\\investiga-mais\\backend\\src\\controllers\\perfilController.js","statementMap":{"0":{"start":{"line":1,"column":15},"end":{"line":1,"column":39}},"1":{"start":{"line":2,"column":35},"end":{"line":2,"column":67}},"2":{"start":{"line":7,"column":0},"end":{"line":54,"column":1}},"3":{"start":{"line":8,"column":61},"end":{"line":8,"column":69}},"4":{"start":{"line":9,"column":20},"end":{"line":9,"column":31}},"5":{"start":{"line":11,"column":2},"end":{"line":53,"column":3}},"6":{"start":{"line":13,"column":20},"end":{"line":16,"column":6}},"7":{"start":{"line":18,"column":24},"end":{"line":25,"column":5}},"8":{"start":{"line":28,"column":4},"end":{"line":38,"column":5}},"9":{"start":{"line":37,"column":6},"end":{"line":37,"column":47}},"10":{"start":{"line":40,"column":4},"end":{"line":43,"column":6}},"11":{"start":{"line":46,"column":4},"end":{"line":49,"column":6}},"12":{"start":{"line":51,"column":4},"end":{"line":51,"column":60}},"13":{"start":{"line":52,"column":4},"end":{"line":52,"column":58}},"14":{"start":{"line":59,"column":0},"end":{"line":98,"column":1}},"15":{"start":{"line":60,"column":20},"end":{"line":60,"column":31}},"16":{"start":{"line":62,"column":2},"end":{"line":97,"column":3}},"17":{"start":{"line":63,"column":20},"end":{"line":76,"column":6}},"18":{"start":{"line":78,"column":4},"end":{"line":80,"column":5}},"19":{"start":{"line":79,"column":6},"end":{"line":79,"column":58}},"20":{"start":{"line":82,"column":26},"end":{"line":87,"column":10}},"21":{"start":{"line":85,"column":25},"end":{"line":85,"column":83}},"22":{"start":{"line":90,"column":4},"end":{"line":93,"column":6}},"23":{"start":{"line":95,"column":4},"end":{"line":95,"column":56}},"24":{"start":{"line":96,"column":4},"end":{"line":96,"column":54}}},"fnMap":{"0":{"name":"(anonymous_0)","decl":{"start":{"line":7,"column":26},"end":{"line":7,"column":27}},"loc":{"start":{"line":7,"column":46},"end":{"line":54,"column":1}},"line":7},"1":{"name":"(anonymous_1)","decl":{"start":{"line":59,"column":22},"end":{"line":59,"column":23}},"loc":{"start":{"line":59,"column":42},"end":{"line":98,"column":1}},"line":59},"2":{"name":"(anonymous_2)","decl":{"start":{"line":85,"column":15},"end":{"line":85,"column":16}},"loc":{"start":{"line":85,"column":25},"end":{"line":85,"column":83}},"line":85}},"branchMap":{"0":{"loc":{"start":{"line":21,"column":18},"end":{"line":21,"column":58}},"type":"cond-expr","locations":[{"start":{"line":21,"column":31},"end":{"line":21,"column":51}},{"start":{"line":21,"column":54},"end":{"line":21,"column":58}}],"line":21},"1":{"loc":{"start":{"line":28,"column":4},"end":{"line":38,"column":5}},"type":"if","locations":[{"start":{"line":28,"column":4},"end":{"line":38,"column":5}},{"start":{},"end":{}}],"line":28},"2":{"loc":{"start":{"line":29,"column":6},"end":{"line":35,"column":12}},"type":"binary-expr","locations":[{"start":{"line":29,"column":6},"end":{"line":29,"column":31}},{"start":{"line":30,"column":6},"end":{"line":30,"column":10}},{"start":{"line":31,"column":6},"end":{"line":31,"column":14}},{"start":{"line":32,"column":6},"end":{"line":32,"column":16}},{"start":{"line":33,"column":6},"end":{"line":33,"column":12}},{"start":{"line":34,"column":6},"end":{"line":34,"column":8}},{"start":{"line":35,"column":6},"end":{"line":35,"column":12}}],"line":29},"3":{"loc":{"start":{"line":78,"column":4},"end":{"line":80,"column":5}},"type":"if","locations":[{"start":{"line":78,"column":4},"end":{"line":80,"column":5}},{"start":{},"end":{}}],"line":78},"4":{"loc":{"start":{"line":82,"column":26},"end":{"line":87,"column":10}},"type":"cond-expr","locations":[{"start":{"line":83,"column":8},"end":{"line":86,"column":20}},{"start":{"line":87,"column":8},"end":{"line":87,"column":10}}],"line":82}},"s":{"0":5,"1":5,"2":5,"3":4,"4":4,"5":4,"6":4,"7":4,"8":4,"9":2,"10":4,"11":3,"12":1,"13":1,"14":5,"15":4,"16":4,"17":4,"18":3,"19":1,"20":2,"21":3,"22":2,"23":1,"24":1},"f":{"0":4,"1":4,"2":3},"b":{"0":[3,1],"1":[2,2],"2":[4,3,3,3,2,2,2],"3":[1,2],"4":[1,1]},"_coverageSchema":"1a1c01bbd47fc00a2c39e90264f33305004495a9","hash":"64ea371fd13cbc9ecd6e6066e7a5bba55f2a436b"}
,"C:\\Users\\Xakep\\Desktop\\investiga-mais\\backend\\src\\controllers\\recuperacaoController.js": {"path":"C:\\Users\\Xakep\\Desktop\\investiga-mais\\backend\\src\\controllers\\recuperacaoController.js","statementMap":{"0":{"start":{"line":1,"column":15},"end":{"line":1,"column":39}},"1":{"start":{"line":2,"column":15},"end":{"line":2,"column":32}},"2":{"start":{"line":3,"column":15},"end":{"line":3,"column":34}},"3":{"start":{"line":4,"column":39},"end":{"line":4,"column":84}},"4":{"start":{"line":5,"column":24},"end":{"line":5,"column":52}},"5":{"start":{"line":7,"column":0},"end":{"line":60,"column":2}},"6":{"start":{"line":8,"column":2},"end":{"line":59,"column":3}},"7":{"start":{"line":9,"column":22},"end":{"line":9,"column":30}},"8":{"start":{"line":11,"column":4},"end":{"line":13,"column":5}},"9":{"start":{"line":12,"column":6},"end":{"line":12,"column":63}},"10":{"start":{"line":15,"column":20},"end":{"line":15,"column":73}},"11":{"start":{"line":16,"column":4},"end":{"line":18,"column":5}},"12":{"start":{"line":17,"column":6},"end":{"line":17,"column":68}},"13":{"start":{"line":21,"column":4},"end":{"line":23,"column":7}},"14":{"start":{"line":25,"column":18},"end":{"line":25,"column":56}},"15":{"start":{"line":26,"column":22},"end":{"line":26,"column":59}},"16":{"start":{"line":28,"column":4},"end":{"line":34,"column":7}},"17":{"start":{"line":36,"column":17},"end":{"line":36,"column":71}},"18":{"start":{"line":38,"column":17},"end":{"line":48,"column":5}},"19":{"start":{"line":50,"column":4},"end":{"line":54,"column":5}},"20":{"start":{"line":51,"column":6},"end":{"line":51,"column":74}},"21":{"start":{"line":53,"column":6},"end":{"line":53,"column":59}},"22":{"start":{"line":56,"column":4},"end":{"line":56,"column":92}},"23":{"start":{"line":58,"column":4},"end":{"line":58,"column":14}},"24":{"start":{"line":62,"column":0},"end":{"line":89,"column":2}},"25":{"start":{"line":63,"column":2},"end":{"line":88,"column":3}},"26":{"start":{"line":64,"column":33},"end":{"line":64,"column":41}},"27":{"start":{"line":66,"column":4},"end":{"line":68,"column":5}},"28":{"start":{"line":67,"column":6},"end":{"line":67,"column":114}},"29":{"start":{"line":70,"column":21},"end":{"line":70,"column":83}},"30":{"start":{"line":72,"column":4},"end":{"line":74,"column":5}},"31":{"start":{"line":73,"column":6},"end":{"line":73,"column":74}},"32":{"start":{"line":76,"column":22},"end":{"line":76,"column":54}},"33":{"start":{"line":78,"column":4},"end":{"line":81,"column":7}},"34":{"start":{"line":83,"column":4},"end":{"line":83,"column":63}},"35":{"start":{"line":85,"column":4},"end":{"line":85,"column":81}},"36":{"start":{"line":87,"column":4},"end":{"line":87,"column":14}}},"fnMap":{"0":{"name":"(anonymous_0)","decl":{"start":{"line":7,"column":25},"end":{"line":7,"column":26}},"loc":{"start":{"line":7,"column":51},"end":{"line":60,"column":1}},"line":7},"1":{"name":"(anonymous_1)","decl":{"start":{"line":62,"column":23},"end":{"line":62,"column":24}},"loc":{"start":{"line":62,"column":49},"end":{"line":89,"column":1}},"line":62}},"branchMap":{"0":{"loc":{"start":{"line":11,"column":4},"end":{"line":13,"column":5}},"type":"if","locations":[{"start":{"line":11,"column":4},"end":{"line":13,"column":5}},{"start":{},"end":{}}],"line":11},"1":{"loc":{"start":{"line":16,"column":4},"end":{"line":18,"column":5}},"type":"if","locations":[{"start":{"line":16,"column":4},"end":{"line":18,"column":5}},{"start":{},"end":{}}],"line":16},"2":{"loc":{"start":{"line":50,"column":4},"end":{"line":54,"column":5}},"type":"if","locations":[{"start":{"line":50,"column":4},"end":{"line":54,"column":5}},{"start":{"line":52,"column":11},"end":{"line":54,"column":5}}],"line":50},"3":{"loc":{"start":{"line":66,"column":4},"end":{"line":68,"column":5}},"type":"if","locations":[{"start":{"line":66,"column":4},"end":{"line":68,"column":5}},{"start":{},"end":{}}],"line":66},"4":{"loc":{"start":{"line":72,"column":4},"end":{"line":74,"column":5}},"type":"if","locations":[{"start":{"line":72,"column":4},"end":{"line":74,"column":5}},{"start":{},"end":{}}],"line":72},"5":{"loc":{"start":{"line":72,"column":8},"end":{"line":72,"column":52}},"type":"binary-expr","locations":[{"start":{"line":72,"column":8},"end":{"line":72,"column":17}},{"start":{"line":72,"column":21},"end":{"line":72,"column":52}}],"line":72}},"s":{"0":5,"1":5,"2":5,"3":5,"4":5,"5":5,"6":3,"7":3,"8":3,"9":1,"10":2,"11":2,"12":1,"13":1,"14":1,"15":1,"16":1,"17":1,"18":1,"19":1,"20":0,"21":1,"22":1,"23":0,"24":5,"25":3,"26":3,"27":3,"28":1,"29":2,"30":2,"31":1,"32":1,"33":1,"34":1,"35":1,"36":0},"f":{"0":3,"1":3},"b":{"0":[1,2],"1":[1,1],"2":[0,1],"3":[1,2],"4":[1,1],"5":[2,2]},"_coverageSchema":"1a1c01bbd47fc00a2c39e90264f33305004495a9","hash":"c6aca3e963408604b644127fbe9fd757b594d66b"}
,"C:\\Users\\Xakep\\Desktop\\investiga-mais\\backend\\src\\controllers\\segurancaController.js": {"path":"C:\\Users\\Xakep\\Desktop\\investiga-mais\\backend\\src\\controllers\\segurancaController.js","statementMap":{"0":{"start":{"line":1,"column":14},"end":{"line":1,"column":30}},"1":{"start":{"line":2,"column":15},"end":{"line":2,"column":39}},"2":{"start":{"line":3,"column":35},"end":{"line":3,"column":67}},"3":{"start":{"line":4,"column":30},"end":{"line":4,"column":58}},"4":{"start":{"line":6,"column":21},"end":{"line":6,"column":45}},"5":{"start":{"line":7,"column":25},"end":{"line":7,"column":53}},"6":{"start":{"line":8,"column":30},"end":{"line":8,"column":63}},"7":{"start":{"line":13,"column":0},"end":{"line":101,"column":1}},"8":{"start":{"line":14,"column":19},"end":{"line":14,"column":28}},"9":{"start":{"line":15,"column":26},"end":{"line":15,"column":34}},"10":{"start":{"line":17,"column":4},"end":{"line":19,"column":5}},"11":{"start":{"line":18,"column":8},"end":{"line":18,"column":55}},"12":{"start":{"line":21,"column":4},"end":{"line":100,"column":5}},"13":{"start":{"line":22,"column":21},"end":{"line":30,"column":10}},"14":{"start":{"line":32,"column":21},"end":{"line":32,"column":30}},"15":{"start":{"line":34,"column":52},"end":{"line":34,"column":75}},"16":{"start":{"line":37,"column":8},"end":{"line":45,"column":10}},"17":{"start":{"line":47,"column":8},"end":{"line":84,"column":9}},"18":{"start":{"line":86,"column":8},"end":{"line":86,"column":91}},"19":{"start":{"line":89,"column":8},"end":{"line":97,"column":10}},"20":{"start":{"line":99,"column":8},"end":{"line":99,"column":72}},"21":{"start":{"line":108,"column":0},"end":{"line":177,"column":1}},"22":{"start":{"line":109,"column":22},"end":{"line":109,"column":32}},"23":{"start":{"line":110,"column":26},"end":{"line":110,"column":34}},"24":{"start":{"line":112,"column":4},"end":{"line":114,"column":5}},"25":{"start":{"line":113,"column":8},"end":{"line":113,"column":58}},"26":{"start":{"line":116,"column":4},"end":{"line":176,"column":5}},"27":{"start":{"line":117,"column":21},"end":{"line":123,"column":10}},"28":{"start":{"line":125,"column":21},"end":{"line":125,"column":30}},"29":{"start":{"line":128,"column":8},"end":{"line":136,"column":10}},"30":{"start":{"line":138,"column":8},"end":{"line":160,"column":9}},"31":{"start":{"line":162,"column":8},"end":{"line":162,"column":95}},"32":{"start":{"line":165,"column":8},"end":{"line":173,"column":10}},"33":{"start":{"line":175,"column":8},"end":{"line":175,"column":62}},"34":{"start":{"line":183,"column":0},"end":{"line":259,"column":1}},"35":{"start":{"line":184,"column":20},"end":{"line":184,"column":29}},"36":{"start":{"line":185,"column":26},"end":{"line":185,"column":34}},"37":{"start":{"line":187,"column":4},"end":{"line":189,"column":5}},"38":{"start":{"line":188,"column":8},"end":{"line":188,"column":56}},"39":{"start":{"line":191,"column":4},"end":{"line":193,"column":5}},"40":{"start":{"line":192,"column":8},"end":{"line":192,"column":91}},"41":{"start":{"line":195,"column":4},"end":{"line":258,"column":5}},"42":{"start":{"line":196,"column":21},"end":{"line":218,"column":9}},"43":{"start":{"line":220,"column":21},"end":{"line":220,"column":30}},"44":{"start":{"line":223,"column":8},"end":{"line":231,"column":10}},"45":{"start":{"line":233,"column":8},"end":{"line":242,"column":9}},"46":{"start":{"line":244,"column":8},"end":{"line":244,"column":103}},"47":{"start":{"line":247,"column":8},"end":{"line":255,"column":10}},"48":{"start":{"line":257,"column":8},"end":{"line":257,"column":73}}},"fnMap":{"0":{"name":"(anonymous_0)","decl":{"start":{"line":13,"column":18},"end":{"line":13,"column":19}},"loc":{"start":{"line":13,"column":38},"end":{"line":101,"column":1}},"line":13},"1":{"name":"(anonymous_1)","decl":{"start":{"line":108,"column":22},"end":{"line":108,"column":23}},"loc":{"start":{"line":108,"column":42},"end":{"line":177,"column":1}},"line":108},"2":{"name":"(anonymous_2)","decl":{"start":{"line":183,"column":28},"end":{"line":183,"column":29}},"loc":{"start":{"line":183,"column":48},"end":{"line":259,"column":1}},"line":183}},"branchMap":{"0":{"loc":{"start":{"line":17,"column":4},"end":{"line":19,"column":5}},"type":"if","locations":[{"start":{"line":17,"column":4},"end":{"line":19,"column":5}},{"start":{},"end":{}}],"line":17},"1":{"loc":{"start":{"line":77,"column":34},"end":{"line":77,"column":63}},"type":"binary-expr","locations":[{"start":{"line":77,"column":34},"end":{"line":77,"column":55}},{"start":{"line":77,"column":59},"end":{"line":77,"column":63}}],"line":77},"2":{"loc":{"start":{"line":78,"column":25},"end":{"line":78,"column":45}},"type":"binary-expr","locations":[{"start":{"line":78,"column":25},"end":{"line":78,"column":37}},{"start":{"line":78,"column":41},"end":{"line":78,"column":45}}],"line":78},"3":{"loc":{"start":{"line":86,"column":65},"end":{"line":86,"column":90}},"type":"binary-expr","locations":[{"start":{"line":86,"column":65},"end":{"line":86,"column":83}},{"start":{"line":86,"column":87},"end":{"line":86,"column":90}}],"line":86},"4":{"loc":{"start":{"line":95,"column":27},"end":{"line":95,"column":73}},"type":"binary-expr","locations":[{"start":{"line":95,"column":27},"end":{"line":95,"column":45}},{"start":{"line":95,"column":49},"end":{"line":95,"column":73}}],"line":95},"5":{"loc":{"start":{"line":112,"column":4},"end":{"line":114,"column":5}},"type":"if","locations":[{"start":{"line":112,"column":4},"end":{"line":114,"column":5}},{"start":{},"end":{}}],"line":112},"6":{"loc":{"start":{"line":162,"column":69},"end":{"line":162,"column":94}},"type":"binary-expr","locations":[{"start":{"line":162,"column":69},"end":{"line":162,"column":87}},{"start":{"line":162,"column":91},"end":{"line":162,"column":94}}],"line":162},"7":{"loc":{"start":{"line":171,"column":27},"end":{"line":171,"column":73}},"type":"binary-expr","locations":[{"start":{"line":171,"column":27},"end":{"line":171,"column":45}},{"start":{"line":171,"column":49},"end":{"line":171,"column":73}}],"line":171},"8":{"loc":{"start":{"line":187,"column":4},"end":{"line":189,"column":5}},"type":"if","locations":[{"start":{"line":187,"column":4},"end":{"line":189,"column":5}},{"start":{},"end":{}}],"line":187},"9":{"loc":{"start":{"line":191,"column":4},"end":{"line":193,"column":5}},"type":"if","locations":[{"start":{"line":191,"column":4},"end":{"line":193,"column":5}},{"start":{},"end":{}}],"line":191},"10":{"loc":{"start":{"line":225,"column":27},"end":{"line":225,"column":41}},"type":"binary-expr","locations":[{"start":{"line":225,"column":27},"end":{"line":225,"column":36}},{"start":{"line":225,"column":40},"end":{"line":225,"column":41}}],"line":225},"11":{"loc":{"start":{"line":237,"column":30},"end":{"line":237,"column":69}},"type":"binary-expr","locations":[{"start":{"line":237,"column":30},"end":{"line":237,"column":42}},{"start":{"line":237,"column":46},"end":{"line":237,"column":69}}],"line":237},"12":{"loc":{"start":{"line":238,"column":25},"end":{"line":238,"column":43}},"type":"binary-expr","locations":[{"start":{"line":238,"column":25},"end":{"line":238,"column":37}},{"start":{"line":238,"column":41},"end":{"line":238,"column":43}}],"line":238},"13":{"loc":{"start":{"line":244,"column":77},"end":{"line":244,"column":102}},"type":"binary-expr","locations":[{"start":{"line":244,"column":77},"end":{"line":244,"column":95}},{"start":{"line":244,"column":99},"end":{"line":244,"column":102}}],"line":244},"14":{"loc":{"start":{"line":253,"column":27},"end":{"line":253,"column":73}},"type":"binary-expr","locations":[{"start":{"line":253,"column":27},"end":{"line":253,"column":45}},{"start":{"line":253,"column":49},"end":{"line":253,"column":73}}],"line":253}},"s":{"0":6,"1":6,"2":6,"3":6,"4":6,"5":6,"6":6,"7":6,"8":3,"9":3,"10":3,"11":1,"12":2,"13":2,"14":1,"15":1,"16":1,"17":1,"18":1,"19":1,"20":1,"21":6,"22":3,"23":3,"24":3,"25":1,"26":2,"27":2,"28":1,"29":1,"30":1,"31":1,"32":1,"33":1,"34":6,"35":3,"36":3,"37":3,"38":1,"39":2,"40":0,"41":2,"42":2,"43":1,"44":1,"45":1,"46":1,"47":1,"48":1},"f":{"0":3,"1":3,"2":3},"b":{"0":[1,2],"1":[1,1],"2":[1,1],"3":[1,1],"4":[1,1],"5":[1,2],"6":[1,1],"7":[1,1],"8":[1,2],"9":[0,2],"10":[1,0],"11":[1,1],"12":[1,0],"13":[1,1],"14":[1,1]},"_coverageSchema":"1a1c01bbd47fc00a2c39e90264f33305004495a9","hash":"0c75cf5739f08a068bc1b72e04c81bea973c1349"}
,"C:\\Users\\Xakep\\Desktop\\investiga-mais\\backend\\src\\controllers\\webhookController.js": {"path":"C:\\Users\\Xakep\\Desktop\\investiga-mais\\backend\\src\\controllers\\webhookController.js","statementMap":{"0":{"start":{"line":1,"column":15},"end":{"line":1,"column":34}},"1":{"start":{"line":2,"column":15},"end":{"line":2,"column":39}},"2":{"start":{"line":3,"column":15},"end":{"line":3,"column":32}},"3":{"start":{"line":4,"column":37},"end":{"line":4,"column":82}},"4":{"start":{"line":5,"column":24},"end":{"line":5,"column":52}},"5":{"start":{"line":7,"column":0},"end":{"line":83,"column":2}},"6":{"start":{"line":8,"column":2},"end":{"line":82,"column":3}},"7":{"start":{"line":9,"column":32},"end":{"line":9,"column":40}},"8":{"start":{"line":10,"column":18},"end":{"line":10,"column":48}},"9":{"start":{"line":11,"column":16},"end":{"line":11,"column":34}},"10":{"start":{"line":13,"column":4},"end":{"line":13,"column":83}},"11":{"start":{"line":15,"column":4},"end":{"line":17,"column":5}},"12":{"start":{"line":16,"column":6},"end":{"line":16,"column":81}},"13":{"start":{"line":19,"column":4},"end":{"line":21,"column":5}},"14":{"start":{"line":20,"column":6},"end":{"line":20,"column":81}},"15":{"start":{"line":23,"column":22},"end":{"line":27,"column":6}},"16":{"start":{"line":29,"column":4},"end":{"line":34,"column":5}},"17":{"start":{"line":30,"column":6},"end":{"line":33,"column":9}},"18":{"start":{"line":36,"column":24},"end":{"line":36,"column":61}},"19":{"start":{"line":37,"column":31},"end":{"line":37,"column":65}},"20":{"start":{"line":39,"column":4},"end":{"line":47,"column":6}},"21":{"start":{"line":49,"column":17},"end":{"line":71,"column":5}},"22":{"start":{"line":73,"column":4},"end":{"line":77,"column":5}},"23":{"start":{"line":74,"column":6},"end":{"line":74,"column":71}},"24":{"start":{"line":76,"column":6},"end":{"line":76,"column":96}},"25":{"start":{"line":79,"column":4},"end":{"line":79,"column":100}},"26":{"start":{"line":81,"column":4},"end":{"line":81,"column":14}}},"fnMap":{"0":{"name":"(anonymous_0)","decl":{"start":{"line":7,"column":29},"end":{"line":7,"column":30}},"loc":{"start":{"line":7,"column":55},"end":{"line":83,"column":1}},"line":7}},"branchMap":{"0":{"loc":{"start":{"line":15,"column":4},"end":{"line":17,"column":5}},"type":"if","locations":[{"start":{"line":15,"column":4},"end":{"line":17,"column":5}},{"start":{},"end":{}}],"line":15},"1":{"loc":{"start":{"line":15,"column":8},"end":{"line":15,"column":51}},"type":"binary-expr","locations":[{"start":{"line":15,"column":8},"end":{"line":15,"column":33}},{"start":{"line":15,"column":37},"end":{"line":15,"column":43}},{"start":{"line":15,"column":47},"end":{"line":15,"column":51}}],"line":15},"2":{"loc":{"start":{"line":19,"column":4},"end":{"line":21,"column":5}},"type":"if","locations":[{"start":{"line":19,"column":4},"end":{"line":21,"column":5}},{"start":{},"end":{}}],"line":19},"3":{"loc":{"start":{"line":19,"column":8},"end":{"line":19,"column":48}},"type":"binary-expr","locations":[{"start":{"line":19,"column":8},"end":{"line":19,"column":28}},{"start":{"line":19,"column":32},"end":{"line":19,"column":48}}],"line":19},"4":{"loc":{"start":{"line":29,"column":4},"end":{"line":34,"column":5}},"type":"if","locations":[{"start":{"line":29,"column":4},"end":{"line":34,"column":5}},{"start":{},"end":{}}],"line":29},"5":{"loc":{"start":{"line":44,"column":14},"end":{"line":44,"column":41}},"type":"binary-expr","locations":[{"start":{"line":44,"column":14},"end":{"line":44,"column":28}},{"start":{"line":44,"column":32},"end":{"line":44,"column":41}}],"line":44},"6":{"loc":{"start":{"line":45,"column":18},"end":{"line":45,"column":53}},"type":"binary-expr","locations":[{"start":{"line":45,"column":18},"end":{"line":45,"column":40}},{"start":{"line":45,"column":44},"end":{"line":45,"column":53}}],"line":45},"7":{"loc":{"start":{"line":73,"column":4},"end":{"line":77,"column":5}},"type":"if","locations":[{"start":{"line":73,"column":4},"end":{"line":77,"column":5}},{"start":{"line":75,"column":11},"end":{"line":77,"column":5}}],"line":73}},"s":{"0":5,"1":5,"2":5,"3":5,"4":5,"5":5,"6":7,"7":7,"8":7,"9":7,"10":7,"11":7,"12":2,"13":5,"14":1,"15":4,"16":3,"17":1,"18":2,"19":2,"20":2,"21":2,"22":2,"23":1,"24":1,"25":2,"26":1},"f":{"0":7},"b":{"0":[2,5],"1":[7,6,5],"2":[1,4],"3":[5,4],"4":[1,2],"5":[2,2],"6":[2,2],"7":[1,1]},"_coverageSchema":"1a1c01bbd47fc00a2c39e90264f33305004495a9","hash":"dbe108dc140bbb08e016872ce741c8d4a32c3fc6"}
,"C:\\Users\\Xakep\\Desktop\\investiga-mais\\backend\\src\\controllers\\whatsappController.js": {"path":"C:\\Users\\Xakep\\Desktop\\investiga-mais\\backend\\src\\controllers\\whatsappController.js","statementMap":{"0":{"start":{"line":1,"column":62},"end":{"line":1,"column":100}},"1":{"start":{"line":3,"column":0},"end":{"line":30,"column":2}},"2":{"start":{"line":4,"column":31},"end":{"line":4,"column":39}},"3":{"start":{"line":6,"column":2},"end":{"line":29,"column":3}},"4":{"start":{"line":7,"column":22},"end":{"line":7,"column":72}},"5":{"start":{"line":9,"column":4},"end":{"line":15,"column":5}},"6":{"start":{"line":10,"column":6},"end":{"line":14,"column":9}},"7":{"start":{"line":17,"column":4},"end":{"line":22,"column":7}},"8":{"start":{"line":24,"column":4},"end":{"line":24,"column":55}},"9":{"start":{"line":25,"column":4},"end":{"line":28,"column":7}},"10":{"start":{"line":32,"column":0},"end":{"line":48,"column":2}},"11":{"start":{"line":33,"column":2},"end":{"line":47,"column":3}},"12":{"start":{"line":34,"column":22},"end":{"line":34,"column":63}},"13":{"start":{"line":36,"column":4},"end":{"line":38,"column":5}},"14":{"start":{"line":37,"column":6},"end":{"line":37,"column":45}},"15":{"start":{"line":40,"column":4},"end":{"line":40,"column":43}},"16":{"start":{"line":42,"column":4},"end":{"line":42,"column":61}},"17":{"start":{"line":43,"column":4},"end":{"line":46,"column":7}}},"fnMap":{"0":{"name":"(anonymous_0)","decl":{"start":{"line":3,"column":25},"end":{"line":3,"column":26}},"loc":{"start":{"line":3,"column":45},"end":{"line":30,"column":1}},"line":3},"1":{"name":"(anonymous_1)","decl":{"start":{"line":32,"column":33},"end":{"line":32,"column":34}},"loc":{"start":{"line":32,"column":53},"end":{"line":48,"column":1}},"line":32}},"branchMap":{"0":{"loc":{"start":{"line":9,"column":4},"end":{"line":15,"column":5}},"type":"if","locations":[{"start":{"line":9,"column":4},"end":{"line":15,"column":5}},{"start":{},"end":{}}],"line":9},"1":{"loc":{"start":{"line":12,"column":17},"end":{"line":12,"column":64}},"type":"binary-expr","locations":[{"start":{"line":12,"column":17},"end":{"line":12,"column":34}},{"start":{"line":12,"column":38},"end":{"line":12,"column":64}}],"line":12},"2":{"loc":{"start":{"line":13,"column":14},"end":{"line":13,"column":36}},"type":"binary-expr","locations":[{"start":{"line":13,"column":14},"end":{"line":13,"column":28}},{"start":{"line":13,"column":32},"end":{"line":13,"column":36}}],"line":13},"3":{"loc":{"start":{"line":19,"column":11},"end":{"line":19,"column":33}},"type":"binary-expr","locations":[{"start":{"line":19,"column":11},"end":{"line":19,"column":24}},{"start":{"line":19,"column":28},"end":{"line":19,"column":33}}],"line":19},"4":{"loc":{"start":{"line":36,"column":4},"end":{"line":38,"column":5}},"type":"if","locations":[{"start":{"line":36,"column":4},"end":{"line":38,"column":5}},{"start":{},"end":{}}],"line":36}},"s":{"0":6,"1":6,"2":3,"3":3,"4":3,"5":3,"6":1,"7":2,"8":0,"9":0,"10":6,"11":2,"12":2,"13":2,"14":1,"15":1,"16":0,"17":0},"f":{"0":3,"1":2},"b":{"0":[1,2],"1":[1,0],"2":[1,1],"3":[2,1],"4":[1,1]},"_coverageSchema":"1a1c01bbd47fc00a2c39e90264f33305004495a9","hash":"7bd043d279a4c2309992b47b2f5bc90d7d29340d"}
,"C:\\Users\\Xakep\\Desktop\\investiga-mais\\backend\\src\\lib\\prisma.js": {"path":"C:\\Users\\Xakep\\Desktop\\investiga-mais\\backend\\src\\lib\\prisma.js","statementMap":{"0":{"start":{"line":1,"column":25},"end":{"line":1,"column":50}},"1":{"start":{"line":2,"column":15},"end":{"line":2,"column":33}},"2":{"start":{"line":4,"column":0},"end":{"line":4,"column":23}}},"fnMap":{},"branchMap":{},"s":{"0":5,"1":5,"2":5},"f":{},"b":{},"_coverageSchema":"1a1c01bbd47fc00a2c39e90264f33305004495a9","hash":"1372739e3e85faedb0771d708f5263d1ea33e30b"}
,"C:\\Users\\Xakep\\Desktop\\investiga-mais\\backend\\src\\middleware\\auth.js": {"path":"C:\\Users\\Xakep\\Desktop\\investiga-mais\\backend\\src\\middleware\\auth.js","statementMap":{"0":{"start":{"line":1,"column":12},"end":{"line":1,"column":35}},"1":{"start":{"line":2,"column":22},"end":{"line":2,"column":54}},"2":{"start":{"line":4,"column":19},"end":{"line":4,"column":64}},"3":{"start":{"line":7,"column":16},"end":{"line":7,"column":34}},"4":{"start":{"line":9,"column":2},"end":{"line":12,"column":3}},"5":{"start":{"line":10,"column":4},"end":{"line":10,"column":53}},"6":{"start":{"line":11,"column":4},"end":{"line":11,"column":53}},"7":{"start":{"line":14,"column":2},"end":{"line":37,"column":3}},"8":{"start":{"line":15,"column":20},"end":{"line":15,"column":49}},"9":{"start":{"line":18,"column":4},"end":{"line":21,"column":5}},"10":{"start":{"line":19,"column":6},"end":{"line":19,"column":78}},"11":{"start":{"line":20,"column":6},"end":{"line":20,"column":77}},"12":{"start":{"line":24,"column":4},"end":{"line":30,"column":5}},"13":{"start":{"line":32,"column":4},"end":{"line":32,"column":93}},"14":{"start":{"line":33,"column":4},"end":{"line":33,"column":10}},"15":{"start":{"line":35,"column":4},"end":{"line":35,"column":63}},"16":{"start":{"line":36,"column":4},"end":{"line":36,"column":48}},"17":{"start":{"line":40,"column":0},"end":{"line":40,"column":28}}},"fnMap":{"0":{"name":"verifyToken","decl":{"start":{"line":6,"column":9},"end":{"line":6,"column":20}},"loc":{"start":{"line":6,"column":37},"end":{"line":38,"column":1}},"line":6}},"branchMap":{"0":{"loc":{"start":{"line":4,"column":19},"end":{"line":4,"column":64}},"type":"binary-expr","locations":[{"start":{"line":4,"column":19},"end":{"line":4,"column":41}},{"start":{"line":4,"column":45},"end":{"line":4,"column":64}}],"line":4},"1":{"loc":{"start":{"line":9,"column":2},"end":{"line":12,"column":3}},"type":"if","locations":[{"start":{"line":9,"column":2},"end":{"line":12,"column":3}},{"start":{},"end":{}}],"line":9},"2":{"loc":{"start":{"line":18,"column":4},"end":{"line":21,"column":5}},"type":"if","locations":[{"start":{"line":18,"column":4},"end":{"line":21,"column":5}},{"start":{},"end":{}}],"line":18},"3":{"loc":{"start":{"line":26,"column":11},"end":{"line":26,"column":30}},"type":"binary-expr","locations":[{"start":{"line":26,"column":11},"end":{"line":26,"column":22}},{"start":{"line":26,"column":26},"end":{"line":26,"column":30}}],"line":26},"4":{"loc":{"start":{"line":27,"column":13},"end":{"line":27,"column":34}},"type":"binary-expr","locations":[{"start":{"line":27,"column":13},"end":{"line":27,"column":26}},{"start":{"line":27,"column":30},"end":{"line":27,"column":34}}],"line":27},"5":{"loc":{"start":{"line":28,"column":12},"end":{"line":28,"column":32}},"type":"binary-expr","locations":[{"start":{"line":28,"column":12},"end":{"line":28,"column":24}},{"start":{"line":28,"column":28},"end":{"line":28,"column":32}}],"line":28},"6":{"loc":{"start":{"line":29,"column":12},"end":{"line":29,"column":37}},"type":"binary-expr","locations":[{"start":{"line":29,"column":12},"end":{"line":29,"column":24}},{"start":{"line":29,"column":28},"end":{"line":29,"column":37}}],"line":29}},"s":{"0":5,"1":5,"2":5,"3":3,"4":3,"5":1,"6":1,"7":2,"8":2,"9":1,"10":0,"11":0,"12":1,"13":1,"14":1,"15":1,"16":1,"17":5},"f":{"0":3},"b":{"0":[5,1],"1":[1,2],"2":[0,1],"3":[1,1],"4":[1,0],"5":[1,1],"6":[1,1]},"_coverageSchema":"1a1c01bbd47fc00a2c39e90264f33305004495a9","hash":"d793df78f053f097ed1839d98a4570443a1816e0"}
,"C:\\Users\\Xakep\\Desktop\\investiga-mais\\backend\\src\\middleware\\errorHandler.js": {"path":"C:\\Users\\Xakep\\Desktop\\investiga-mais\\backend\\src\\middleware\\errorHandler.js","statementMap":{"0":{"start":{"line":1,"column":22},"end":{"line":1,"column":54}},"1":{"start":{"line":3,"column":0},"end":{"line":9,"column":1}},"2":{"start":{"line":4,"column":2},"end":{"line":4,"column":77}},"3":{"start":{"line":6,"column":18},"end":{"line":6,"column":59}},"4":{"start":{"line":8,"column":2},"end":{"line":8,"column":37}}},"fnMap":{"0":{"name":"(anonymous_0)","decl":{"start":{"line":3,"column":17},"end":{"line":3,"column":18}},"loc":{"start":{"line":3,"column":42},"end":{"line":9,"column":1}},"line":3}},"branchMap":{"0":{"loc":{"start":{"line":4,"column":16},"end":{"line":4,"column":76}},"type":"cond-expr","locations":[{"start":{"line":4,"column":56},"end":{"line":4,"column":70}},{"start":{"line":4,"column":73},"end":{"line":4,"column":76}}],"line":4},"1":{"loc":{"start":{"line":6,"column":18},"end":{"line":6,"column":59}},"type":"binary-expr","locations":[{"start":{"line":6,"column":18},"end":{"line":6,"column":29}},{"start":{"line":6,"column":33},"end":{"line":6,"column":59}}],"line":6}},"s":{"0":4,"1":4,"2":1,"3":1,"4":1},"f":{"0":1},"b":{"0":[0,1],"1":[1,0]},"_coverageSchema":"1a1c01bbd47fc00a2c39e90264f33305004495a9","hash":"145a8f72922ac743922401e394377a914d49331e"}
,"C:\\Users\\Xakep\\Desktop\\investiga-mais\\backend\\src\\middleware\\index.js": {"path":"C:\\Users\\Xakep\\Desktop\\investiga-mais\\backend\\src\\middleware\\index.js","statementMap":{"0":{"start":{"line":1,"column":20},"end":{"line":1,"column":37}},"1":{"start":{"line":2,"column":21},"end":{"line":2,"column":46}},"2":{"start":{"line":3,"column":22},"end":{"line":3,"column":48}},"3":{"start":{"line":4,"column":21},"end":{"line":4,"column":45}},"4":{"start":{"line":5,"column":15},"end":{"line":5,"column":34}},"5":{"start":{"line":7,"column":0},"end":{"line":13,"column":1}}},"fnMap":{},"branchMap":{},"s":{"0":4,"1":4,"2":4,"3":4,"4":4,"5":4},"f":{},"b":{},"_coverageSchema":"1a1c01bbd47fc00a2c39e90264f33305004495a9","hash":"f218ff671d2fd376ba1f1460fa34f75101769daa"}
,"C:\\Users\\Xakep\\Desktop\\investiga-mais\\backend\\src\\middleware\\limiterPerfil.js": {"path":"C:\\Users\\Xakep\\Desktop\\investiga-mais\\backend\\src\\middleware\\limiterPerfil.js","statementMap":{"0":{"start":{"line":1,"column":22},"end":{"line":1,"column":54}},"1":{"start":{"line":3,"column":18},"end":{"line":3,"column":20}},"2":{"start":{"line":5,"column":0},"end":{"line":20,"column":1}},"3":{"start":{"line":6,"column":20},"end":{"line":6,"column":39}},"4":{"start":{"line":7,"column":2},"end":{"line":7,"column":31}},"5":{"start":{"line":7,"column":18},"end":{"line":7,"column":31}},"6":{"start":{"line":9,"column":14},"end":{"line":9,"column":24}},"7":{"start":{"line":10,"column":19},"end":{"line":10,"column":44}},"8":{"start":{"line":12,"column":18},"end":{"line":12,"column":22}},"9":{"start":{"line":14,"column":2},"end":{"line":16,"column":3}},"10":{"start":{"line":15,"column":4},"end":{"line":15,"column":67}},"11":{"start":{"line":18,"column":2},"end":{"line":18,"column":28}},"12":{"start":{"line":19,"column":2},"end":{"line":19,"column":8}}},"fnMap":{"0":{"name":"(anonymous_0)","decl":{"start":{"line":5,"column":17},"end":{"line":5,"column":18}},"loc":{"start":{"line":5,"column":37},"end":{"line":20,"column":1}},"line":5}},"branchMap":{"0":{"loc":{"start":{"line":7,"column":2},"end":{"line":7,"column":31}},"type":"if","locations":[{"start":{"line":7,"column":2},"end":{"line":7,"column":31}},{"start":{},"end":{}}],"line":7},"1":{"loc":{"start":{"line":10,"column":19},"end":{"line":10,"column":44}},"type":"binary-expr","locations":[{"start":{"line":10,"column":19},"end":{"line":10,"column":39}},{"start":{"line":10,"column":43},"end":{"line":10,"column":44}}],"line":10},"2":{"loc":{"start":{"line":14,"column":2},"end":{"line":16,"column":3}},"type":"if","locations":[{"start":{"line":14,"column":2},"end":{"line":16,"column":3}},{"start":{},"end":{}}],"line":14}},"s":{"0":4,"1":4,"2":4,"3":0,"4":0,"5":0,"6":0,"7":0,"8":0,"9":0,"10":0,"11":0,"12":0},"f":{"0":0},"b":{"0":[0,0],"1":[0,0],"2":[0,0]},"_coverageSchema":"1a1c01bbd47fc00a2c39e90264f33305004495a9","hash":"bc6eb831a97a719033f10f54fd834fa998dfe7fb"}
,"C:\\Users\\Xakep\\Desktop\\investiga-mais\\backend\\src\\middleware\\logger.js": {"path":"C:\\Users\\Xakep\\Desktop\\investiga-mais\\backend\\src\\middleware\\logger.js","statementMap":{"0":{"start":{"line":1,"column":0},"end":{"line":12,"column":1}},"1":{"start":{"line":2,"column":16},"end":{"line":2,"column":26}},"2":{"start":{"line":4,"column":2},"end":{"line":9,"column":4}},"3":{"start":{"line":5,"column":23},"end":{"line":5,"column":41}},"4":{"start":{"line":6,"column":22},"end":{"line":6,"column":46}},"5":{"start":{"line":8,"column":4},"end":{"line":8,"column":103}},"6":{"start":{"line":11,"column":2},"end":{"line":11,"column":8}}},"fnMap":{"0":{"name":"(anonymous_0)","decl":{"start":{"line":1,"column":17},"end":{"line":1,"column":18}},"loc":{"start":{"line":1,"column":37},"end":{"line":12,"column":1}},"line":1},"1":{"name":"(anonymous_1)","decl":{"start":{"line":4,"column":19},"end":{"line":4,"column":20}},"loc":{"start":{"line":4,"column":25},"end":{"line":9,"column":3}},"line":4}},"branchMap":{},"s":{"0":4,"1":26,"2":26,"3":26,"4":26,"5":26,"6":26},"f":{"0":26,"1":26},"b":{},"_coverageSchema":"1a1c01bbd47fc00a2c39e90264f33305004495a9","hash":"1288b61c3e4c7af7b2db114e3e1fdad33370302d"}
,"C:\\Users\\Xakep\\Desktop\\investiga-mais\\backend\\src\\middleware\\rateLimiter.js": {"path":"C:\\Users\\Xakep\\Desktop\\investiga-mais\\backend\\src\\middleware\\rateLimiter.js","statementMap":{"0":{"start":{"line":1,"column":18},"end":{"line":1,"column":47}},"1":{"start":{"line":2,"column":22},"end":{"line":2,"column":54}},"2":{"start":{"line":4,"column":21},"end":{"line":10,"column":2}},"3":{"start":{"line":8,"column":4},"end":{"line":8,"column":73}},"4":{"start":{"line":12,"column":0},"end":{"line":12,"column":29}}},"fnMap":{"0":{"name":"(anonymous_0)","decl":{"start":{"line":7,"column":11},"end":{"line":7,"column":12}},"loc":{"start":{"line":7,"column":25},"end":{"line":9,"column":3}},"line":7}},"branchMap":{},"s":{"0":4,"1":4,"2":4,"3":0,"4":4},"f":{"0":0},"b":{},"_coverageSchema":"1a1c01bbd47fc00a2c39e90264f33305004495a9","hash":"0e3e9bcbae0fd36fe0e83b4fe1616beaa6ecc1de"}
,"C:\\Users\\Xakep\\Desktop\\investiga-mais\\backend\\src\\middleware\\somenteRoles.js": {"path":"C:\\Users\\Xakep\\Desktop\\investiga-mais\\backend\\src\\middleware\\somenteRoles.js","statementMap":{"0":{"start":{"line":1,"column":22},"end":{"line":1,"column":54}},"1":{"start":{"line":4,"column":2},"end":{"line":15,"column":3}},"2":{"start":{"line":5,"column":24},"end":{"line":5,"column":38}},"3":{"start":{"line":6,"column":22},"end":{"line":6,"column":57}},"4":{"start":{"line":8,"column":4},"end":{"line":11,"column":5}},"5":{"start":{"line":9,"column":6},"end":{"line":9,"column":147}},"6":{"start":{"line":10,"column":6},"end":{"line":10,"column":76}},"7":{"start":{"line":13,"column":4},"end":{"line":13,"column":101}},"8":{"start":{"line":14,"column":4},"end":{"line":14,"column":10}},"9":{"start":{"line":18,"column":0},"end":{"line":18,"column":29}}},"fnMap":{"0":{"name":"somenteRoles","decl":{"start":{"line":3,"column":9},"end":{"line":3,"column":21}},"loc":{"start":{"line":3,"column":44},"end":{"line":16,"column":1}},"line":3},"1":{"name":"(anonymous_1)","decl":{"start":{"line":4,"column":9},"end":{"line":4,"column":10}},"loc":{"start":{"line":4,"column":29},"end":{"line":15,"column":3}},"line":4}},"branchMap":{"0":{"loc":{"start":{"line":3,"column":22},"end":{"line":3,"column":42}},"type":"default-arg","locations":[{"start":{"line":3,"column":40},"end":{"line":3,"column":42}}],"line":3},"1":{"loc":{"start":{"line":6,"column":22},"end":{"line":6,"column":57}},"type":"binary-expr","locations":[{"start":{"line":6,"column":22},"end":{"line":6,"column":41}},{"start":{"line":6,"column":45},"end":{"line":6,"column":57}}],"line":6},"2":{"loc":{"start":{"line":8,"column":4},"end":{"line":11,"column":5}},"type":"if","locations":[{"start":{"line":8,"column":4},"end":{"line":11,"column":5}},{"start":{},"end":{}}],"line":8}},"s":{"0":5,"1":25,"2":25,"3":25,"4":25,"5":0,"6":0,"7":25,"8":25,"9":5},"f":{"0":25,"1":25},"b":{"0":[0],"1":[25,0],"2":[0,25]},"_coverageSchema":"1a1c01bbd47fc00a2c39e90264f33305004495a9","hash":"3702f62a97cfb887f3a21f83f82c99b19143db7c"}
,"C:\\Users\\Xakep\\Desktop\\investiga-mais\\backend\\src\\routes\\adminRoutes.js": {"path":"C:\\Users\\Xakep\\Desktop\\investiga-mais\\backend\\src\\routes\\adminRoutes.js","statementMap":{"0":{"start":{"line":1,"column":16},"end":{"line":1,"column":34}},"1":{"start":{"line":2,"column":15},"end":{"line":2,"column":31}},"2":{"start":{"line":4,"column":20},"end":{"line":4,"column":49}},"3":{"start":{"line":5,"column":21},"end":{"line":5,"column":58}},"4":{"start":{"line":6,"column":14},"end":{"line":6,"column":39}},"5":{"start":{"line":8,"column":24},"end":{"line":8,"column":65}},"6":{"start":{"line":11,"column":0},"end":{"line":14,"column":2}},"7":{"start":{"line":12,"column":2},"end":{"line":12,"column":81}},"8":{"start":{"line":13,"column":2},"end":{"line":13,"column":8}},"9":{"start":{"line":17,"column":0},"end":{"line":17,"column":23}},"10":{"start":{"line":18,"column":0},"end":{"line":18,"column":39}},"11":{"start":{"line":21,"column":0},"end":{"line":21,"column":65}},"12":{"start":{"line":24,"column":0},"end":{"line":24,"column":57}},"13":{"start":{"line":27,"column":0},"end":{"line":27,"column":81}},"14":{"start":{"line":30,"column":0},"end":{"line":30,"column":74}},"15":{"start":{"line":32,"column":0},"end":{"line":32,"column":23}}},"fnMap":{"0":{"name":"(anonymous_0)","decl":{"start":{"line":11,"column":11},"end":{"line":11,"column":12}},"loc":{"start":{"line":11,"column":31},"end":{"line":14,"column":1}},"line":11}},"branchMap":{},"s":{"0":5,"1":5,"2":5,"3":5,"4":5,"5":5,"6":5,"7":0,"8":0,"9":5,"10":5,"11":5,"12":5,"13":5,"14":5,"15":5},"f":{"0":0},"b":{},"_coverageSchema":"1a1c01bbd47fc00a2c39e90264f33305004495a9","hash":"b75bed783647466106935dcd015cd0fd1aeafc91"}
,"C:\\Users\\Xakep\\Desktop\\investiga-mais\\backend\\src\\routes\\authRoutes.js": {"path":"C:\\Users\\Xakep\\Desktop\\investiga-mais\\backend\\src\\routes\\authRoutes.js","statementMap":{"0":{"start":{"line":1,"column":16},"end":{"line":1,"column":34}},"1":{"start":{"line":2,"column":15},"end":{"line":2,"column":31}},"2":{"start":{"line":4,"column":20},"end":{"line":4,"column":49}},"3":{"start":{"line":5,"column":23},"end":{"line":5,"column":63}},"4":{"start":{"line":6,"column":30},"end":{"line":6,"column":77}},"5":{"start":{"line":9,"column":0},"end":{"line":14,"column":2}},"6":{"start":{"line":10,"column":2},"end":{"line":13,"column":4}},"7":{"start":{"line":17,"column":0},"end":{"line":17,"column":43}},"8":{"start":{"line":20,"column":0},"end":{"line":20,"column":44}},"9":{"start":{"line":23,"column":0},"end":{"line":23,"column":63}},"10":{"start":{"line":24,"column":0},"end":{"line":24,"column":65}},"11":{"start":{"line":26,"column":0},"end":{"line":26,"column":23}}},"fnMap":{"0":{"name":"(anonymous_0)","decl":{"start":{"line":9,"column":35},"end":{"line":9,"column":36}},"loc":{"start":{"line":9,"column":49},"end":{"line":14,"column":1}},"line":9}},"branchMap":{},"s":{"0":5,"1":5,"2":5,"3":5,"4":5,"5":5,"6":0,"7":5,"8":5,"9":5,"10":5,"11":5},"f":{"0":0},"b":{},"_coverageSchema":"1a1c01bbd47fc00a2c39e90264f33305004495a9","hash":"39dbc8197739061098f522834b29261ee4ecbd8f"}
[...]
,"C:\\Users\\Xakep\\Desktop\\investiga-mais\\backend\\src\\routes\\segurancaRoutes.js": {"path":"C:\\Users\\Xakep\\Desktop\\investiga-mais\\backend\\src\\routes\\segurancaRoutes.js","statementMap":{"0":{"start":{"line":1,"column":16},"end":{"line":1,"column":34}},"1":{"start":{"line":2,"column":15},"end":{"line":2,"column":31}},"2":{"start":{"line":4,"column":20},"end":{"line":4,"column":49}},"3":{"start":{"line":5,"column":21},"end":{"line":5,"column":58}},"4":{"start":{"line":6,"column":14},"end":{"line":6,"column":39}},"5":{"start":{"line":8,"column":28},"end":{"line":8,"column":73}},"6":{"start":{"line":11,"column":0},"end":{"line":14,"column":2}},"7":{"start":{"line":12,"column":2},"end":{"line":12,"column":129}},"8":{"start":{"line":13,"column":2},"end":{"line":13,"column":8}},"9":{"start":{"line":17,"column":0},"end":{"line":17,"column":23}},"10":{"start":{"line":18,"column":0},"end":{"line":18,"column":41}},"11":{"start":{"line":20,"column":0},"end":{"line":20,"column":52}},"12":{"start":{"line":21,"column":0},"end":{"line":21,"column":67}},"13":{"start":{"line":22,"column":0},"end":{"line":22,"column":67}},"14":{"start":{"line":24,"column":0},"end":{"line":24,"column":23}}},"fnMap":{"0":{"name":"(anonymous_0)","decl":{"start":{"line":11,"column":11},"end":{"line":11,"column":12}},"loc":{"start":{"line":11,"column":31},"end":{"line":14,"column":1}},"line":11}},"branchMap":{},"s":{"0":5,"1":5,"2":5,"3":5,"4":5,"5":5,"6":5,"7":0,"8":0,"9":5,"10":5,"11":5,"12":5,"13":5,"14":5},"f":{"0":0},"b":{},"_coverageSchema":"1a1c01bbd47fc00a2c39e90264f33305004495a9","hash":"fde586b5ad88f5ab03689073370f29da72e89c35"}
,"C:\\Users\\Xakep\\Desktop\\investiga-mais\\backend\\src\\routes\\webhookRoutes.js": {"path":"C:\\Users\\Xakep\\Desktop\\investiga-mais\\backend\\src\\routes\\webhookRoutes.js","statementMap":{"0":{"start":{"line":1,"column":16},"end":{"line":1,"column":34}},"1":{"start":{"line":2,"column":15},"end":{"line":2,"column":31}},"2":{"start":{"line":3,"column":31},"end":{"line":3,"column":74}},"3":{"start":{"line":6,"column":0},"end":{"line":6,"column":53}},"4":{"start":{"line":8,"column":0},"end":{"line":8,"column":23}}},"fnMap":{},"branchMap":{},"s":{"0":5,"1":5,"2":5,"3":5,"4":5},"f":{},"b":{},"_coverageSchema":"1a1c01bbd47fc00a2c39e90264f33305004495a9","hash":"2fb440bbb038d14235c53c249cbefd234b06c2c8"}
,"C:\\Users\\Xakep\\Desktop\\investiga-mais\\backend\\src\\routes\\whatsappRoutes.js": {"path":"C:\\Users\\Xakep\\Desktop\\investiga-mais\\backend\\src\\routes\\whatsappRoutes.js","statementMap":{"0":{"start":{"line":1,"column":16},"end":{"line":1,"column":34}},"1":{"start":{"line":2,"column":15},"end":{"line":2,"column":31}},"2":{"start":{"line":3,"column":27},"end":{"line":3,"column":71}},"3":{"start":{"line":4,"column":20},"end":{"line":4,"column":49}},"4":{"start":{"line":7,"column":0},"end":{"line":10,"column":3}},"5":{"start":{"line":8,"column":2},"end":{"line":8,"column":85}},"6":{"start":{"line":9,"column":2},"end":{"line":9,"column":9}},"7":{"start":{"line":13,"column":0},"end":{"line":13,"column":67}},"8":{"start":{"line":16,"column":0},"end":{"line":16,"column":24}},"9":{"start":{"line":18,"column":0},"end":{"line":18,"column":58}},"10":{"start":{"line":20,"column":0},"end":{"line":20,"column":24}}},"fnMap":{"0":{"name":"(anonymous_0)","decl":{"start":{"line":7,"column":11},"end":{"line":7,"column":12}},"loc":{"start":{"line":7,"column":31},"end":{"line":10,"column":1}},"line":7}},"branchMap":{},"s":{"0":5,"1":5,"2":5,"3":5,"4":5,"5":0,"6":0,"7":5,"8":5,"9":5,"10":5},"f":{"0":0},"b":{},"_coverageSchema":"1a1c01bbd47fc00a2c39e90264f33305004495a9","hash":"cdcb98048c65d2f02c14577050f064763c0adf4b"}
,"C:\\Users\\Xakep\\Desktop\\investiga-mais\\backend\\src\\services\\email.js": {"path":"C:\\Users\\Xakep\\Desktop\\investiga-mais\\backend\\src\\services\\email.js","statementMap":{"0":{"start":{"line":1,"column":19},"end":{"line":1,"column":36}},"1":{"start":{"line":4,"column":17},"end":{"line":4,"column":55}},"2":{"start":{"line":5,"column":2},"end":{"line":22,"column":3}},"3":{"start":{"line":6,"column":28},"end":{"line":11,"column":6}},"4":{"start":{"line":13,"column":4},"end":{"line":16,"column":5}},"5":{"start":{"line":14,"column":6},"end":{"line":14,"column":52}},"6":{"start":{"line":15,"column":6},"end":{"line":15,"column":53}},"7":{"start":{"line":18,"column":4},"end":{"line":18,"column":43}},"8":{"start":{"line":20,"column":4},"end":{"line":20,"column":57}},"9":{"start":{"line":21,"column":4},"end":{"line":21,"column":55}},"10":{"start":{"line":25,"column":0},"end":{"line":25,"column":33}}},"fnMap":{"0":{"name":"enviarEmail","decl":{"start":{"line":3,"column":15},"end":{"line":3,"column":26}},"loc":{"start":{"line":3,"column":54},"end":{"line":23,"column":1}},"line":3}},"branchMap":{"0":{"loc":{"start":{"line":13,"column":4},"end":{"line":16,"column":5}},"type":"if","locations":[{"start":{"line":13,"column":4},"end":{"line":16,"column":5}},{"start":{},"end":{}}],"line":13}},"s":{"0":5,"1":1,"2":1,"3":1,"4":0,"5":0,"6":0,"7":0,"8":1,"9":1,"10":5},"f":{"0":1},"b":{"0":[0,0]},"_coverageSchema":"1a1c01bbd47fc00a2c39e90264f33305004495a9","hash":"0bc2213173463fddf6a7dfba6b671f3ae7e1c8ed"}
,"C:\\Users\\Xakep\\Desktop\\investiga-mais\\backend\\src\\services\\whatsappService.js": {"path":"C:\\Users\\Xakep\\Desktop\\investiga-mais\\backend\\src\\services\\whatsappService.js","statementMap":{"0":{"start":{"line":1,"column":14},"end":{"line":1,"column":30}},"1":{"start":{"line":2,"column":15},"end":{"line":2,"column":39}},"2":{"start":{"line":4,"column":19},"end":{"line":4,"column":45}},"3":{"start":{"line":5,"column":24},"end":{"line":5,"column":60}},"4":{"start":{"line":7,"column":0},"end":{"line":48,"column":2}},"5":{"start":{"line":8,"column":2},"end":{"line":16,"column":3}},"6":{"start":{"line":9,"column":4},"end":{"line":9,"column":67}},"7":{"start":{"line":10,"column":4},"end":{"line":15,"column":6}},"8":{"start":{"line":18,"column":2},"end":{"line":47,"column":3}},"9":{"start":{"line":19,"column":21},"end":{"line":33,"column":5}},"10":{"start":{"line":35,"column":4},"end":{"line":39,"column":6}},"11":{"start":{"line":41,"column":4},"end":{"line":41,"column":81}},"12":{"start":{"line":42,"column":4},"end":{"line":46,"column":6}},"13":{"start":{"line":50,"column":0},"end":{"line":88,"column":2}},"14":{"start":{"line":51,"column":2},"end":{"line":87,"column":3}},"15":{"start":{"line":52,"column":25},"end":{"line":52,"column":77}},"16":{"start":{"line":54,"column":4},"end":{"line":56,"column":5}},"17":{"start":{"line":55,"column":6},"end":{"line":55,"column":61}},"18":{"start":{"line":58,"column":19},"end":{"line":58,"column":36}},"19":{"start":{"line":59,"column":21},"end":{"line":59,"column":72}},"20":{"start":{"line":61,"column":19},"end":{"line":61,"column":74}},"21":{"start":{"line":63,"column":4},"end":{"line":67,"column":5}},"22":{"start":{"line":64,"column":6},"end":{"line":66,"column":9}},"23":{"start":{"line":69,"column":4},"end":{"line":75,"column":7}},"24":{"start":{"line":77,"column":4},"end":{"line":80,"column":7}},"25":{"start":{"line":82,"column":4},"end":{"line":82,"column":82}},"26":{"start":{"line":83,"column":4},"end":{"line":83,"column":29}},"27":{"start":{"line":85,"column":4},"end":{"line":85,"column":60}},"28":{"start":{"line":86,"column":4},"end":{"line":86,"column":55}}},"fnMap":{"0":{"name":"(anonymous_0)","decl":{"start":{"line":7,"column":33},"end":{"line":7,"column":34}},"loc":{"start":{"line":7,"column":65},"end":{"line":48,"column":1}},"line":7},"1":{"name":"(anonymous_1)","decl":{"start":{"line":50,"column":36},"end":{"line":50,"column":37}},"loc":{"start":{"line":50,"column":52},"end":{"line":88,"column":1}},"line":50}},"branchMap":{"0":{"loc":{"start":{"line":8,"column":2},"end":{"line":16,"column":3}},"type":"if","locations":[{"start":{"line":8,"column":2},"end":{"line":16,"column":3}},{"start":{},"end":{}}],"line":8},"1":{"loc":{"start":{"line":41,"column":42},"end":{"line":41,"column":79}},"type":"binary-expr","locations":[{"start":{"line":41,"column":42},"end":{"line":41,"column":62}},{"start":{"line":41,"column":66},"end":{"line":41,"column":79}}],"line":41},"2":{"loc":{"start":{"line":45,"column":12},"end":{"line":45,"column":40}},"type":"binary-expr","locations":[{"start":{"line":45,"column":12},"end":{"line":45,"column":32}},{"start":{"line":45,"column":36},"end":{"line":45,"column":40}}],"line":45},"3":{"loc":{"start":{"line":54,"column":4},"end":{"line":56,"column":5}},"type":"if","locations":[{"start":{"line":54,"column":4},"end":{"line":56,"column":5}},{"start":{},"end":{}}],"line":54},"4":{"loc":{"start":{"line":59,"column":21},"end":{"line":59,"column":72}},"type":"binary-expr","locations":[{"start":{"line":59,"column":21},"end":{"line":59,"column":44}},{"start":{"line":59,"column":48},"end":{"line":59,"column":72}}],"line":59},"5":{"loc":{"start":{"line":63,"column":4},"end":{"line":67,"column":5}},"type":"if","locations":[{"start":{"line":63,"column":4},"end":{"line":67,"column":5}},{"start":{},"end":{}}],"line":63}},"s":{"0":6,"1":6,"2":6,"3":6,"4":6,"5":3,"6":1,"7":1,"8":2,"9":2,"10":1,"11":1,"12":1,"13":6,"14":2,"15":2,"16":2,"17":1,"18":1,"19":1,"20":1,"21":1,"22":1,"23":1,"24":1,"25":1,"26":1,"27":0,"28":0},"f":{"0":3,"1":2},"b":{"0":[1,2],"1":[1,1],"2":[1,1],"3":[1,1],"4":[1,0],"5":[1,0]},"_coverageSchema":"1a1c01bbd47fc00a2c39e90264f33305004495a9","hash":"b280db4bf2d636cefdaa57135eb19f5b7f5d4bdc"}
,"C:\\Users\\Xakep\\Desktop\\investiga-mais\\backend\\src\\utils\\ipqsRisk.js": {"path":"C:\\Users\\Xakep\\Desktop\\investiga-mais\\backend\\src\\utils\\ipqsRisk.js","statementMap":{"0":{"start":{"line":5,"column":18},"end":{"line":5,"column":25}},"1":{"start":{"line":6,"column":23},"end":{"line":6,"column":33}},"2":{"start":{"line":7,"column":18},"end":{"line":7,"column":49}},"3":{"start":{"line":10,"column":2},"end":{"line":10,"column":40}},"4":{"start":{"line":10,"column":25},"end":{"line":10,"column":40}},"5":{"start":{"line":11,"column":2},"end":{"line":11,"column":53}},"6":{"start":{"line":11,"column":38},"end":{"line":11,"column":53}},"7":{"start":{"line":12,"column":2},"end":{"line":12,"column":45}},"8":{"start":{"line":12,"column":30},"end":{"line":12,"column":45}},"9":{"start":{"line":13,"column":2},"end":{"line":13,"column":38}},"10":{"start":{"line":13,"column":23},"end":{"line":13,"column":38}},"11":{"start":{"line":14,"column":2},"end":{"line":14,"column":36}},"12":{"start":{"line":14,"column":21},"end":{"line":14,"column":36}},"13":{"start":{"line":15,"column":2},"end":{"line":15,"column":46}},"14":{"start":{"line":15,"column":32},"end":{"line":15,"column":46}},"15":{"start":{"line":16,"column":2},"end":{"line":16,"column":54}},"16":{"start":{"line":16,"column":40},"end":{"line":16,"column":54}},"17":{"start":{"line":17,"column":2},"end":{"line":17,"column":53}},"18":{"start":{"line":17,"column":38},"end":{"line":17,"column":53}},"19":{"start":{"line":20,"column":2},"end":{"line":20,"column":51}},"20":{"start":{"line":23,"column":2},"end":{"line":38,"column":3}},"21":{"start":{"line":24,"column":4},"end":{"line":24,"column":25}},"22":{"start":{"line":25,"column":4},"end":{"line":25,"column":45}},"23":{"start":{"line":26,"column":9},"end":{"line":38,"column":3}},"24":{"start":{"line":27,"column":4},"end":{"line":27,"column":22}},"25":{"start":{"line":28,"column":4},"end":{"line":28,"column":66}},"26":{"start":{"line":29,"column":9},"end":{"line":38,"column":3}},"27":{"start":{"line":30,"column":4},"end":{"line":30,"column":26}},"28":{"start":{"line":31,"column":4},"end":{"line":31,"column":72}},"29":{"start":{"line":32,"column":9},"end":{"line":38,"column":3}},"30":{"start":{"line":33,"column":4},"end":{"line":33,"column":23}},"31":{"start":{"line":34,"column":4},"end":{"line":34,"column":58}},"32":{"start":{"line":36,"column":4},"end":{"line":36,"column":29}},"33":{"start":{"line":37,"column":4},"end":{"line":37,"column":43}},"34":{"start":{"line":40,"column":2},"end":{"line":57,"column":3}},"35":{"start":{"line":60,"column":0},"end":{"line":62,"column":1}}},"fnMap":{"0":{"name":"calcularRiscoIPQS","decl":{"start":{"line":4,"column":9},"end":{"line":4,"column":26}},"loc":{"start":{"line":4,"column":33},"end":{"line":58,"column":1}},"line":4}},"branchMap":{"0":{"loc":{"start":{"line":10,"column":2},"end":{"line":10,"column":40}},"type":"if","locations":[{"start":{"line":10,"column":2},"end":{"line":10,"column":40}},{"start":{},"end":{}}],"line":10},"1":{"loc":{"start":{"line":11,"column":2},"end":{"line":11,"column":53}},"type":"if","locations":[{"start":{"line":11,"column":2},"end":{"line":11,"column":53}},{"start":{},"end":{}}],"line":11},"2":{"loc":{"start":{"line":11,"column":6},"end":{"line":11,"column":36}},"type":"binary-expr","locations":[{"start":{"line":11,"column":6},"end":{"line":11,"column":21}},{"start":{"line":11,"column":25},"end":{"line":11,"column":36}}],"line":11},"3":{"loc":{"start":{"line":12,"column":2},"end":{"line":12,"column":45}},"type":"if","locations":[{"start":{"line":12,"column":2},"end":{"line":12,"column":45}},{"start":{},"end":{}}],"line":12},"4":{"loc":{"start":{"line":12,"column":6},"end":{"line":12,"column":28}},"type":"binary-expr","locations":[{"start":{"line":12,"column":6},"end":{"line":12,"column":16}},{"start":{"line":12,"column":20},"end":{"line":12,"column":28}}],"line":12},"5":{"loc":{"start":{"line":13,"column":2},"end":{"line":13,"column":38}},"type":"if","locations":[{"start":{"line":13,"column":2},"end":{"line":13,"column":38}},{"start":{},"end":{}}],"line":13},"6":{"loc":{"start":{"line":14,"column":2},"end":{"line":14,"column":36}},"type":"if","locations":[{"start":{"line":14,"column":2},"end":{"line":14,"column":36}},{"start":{},"end":{}}],"line":14},"7":{"loc":{"start":{"line":15,"column":2},"end":{"line":15,"column":46}},"type":"if","locations":[{"start":{"line":15,"column":2},"end":{"line":15,"column":46}},{"start":{},"end":{}}],"line":15},"8":{"loc":{"start":{"line":16,"column":2},"end":{"line":16,"column":54}},"type":"if","locations":[{"start":{"line":16,"column":2},"end":{"line":16,"column":54}},{"start":{},"end":{}}],"line":16},"9":{"loc":{"start":{"line":17,"column":2},"end":{"line":17,"column":53}},"type":"if","locations":[{"start":{"line":17,"column":2},"end":{"line":17,"column":53}},{"start":{},"end":{}}],"line":17},"10":{"loc":{"start":{"line":23,"column":2},"end":{"line":38,"column":3}},"type":"if","locations":[{"start":{"line":23,"column":2},"end":{"line":38,"column":3}},{"start":{"line":26,"column":9},"end":{"line":38,"column":3}}],"line":23},"11":{"loc":{"start":{"line":26,"column":9},"end":{"line":38,"column":3}},"type":"if","locations":[{"start":{"line":26,"column":9},"end":{"line":38,"column":3}},{"start":{"line":29,"column":9},"end":{"line":38,"column":3}}],"line":26},"12":{"loc":{"start":{"line":29,"column":9},"end":{"line":38,"column":3}},"type":"if","locations":[{"start":{"line":29,"column":9},"end":{"line":38,"column":3}},{"start":{"line":32,"column":9},"end":{"line":38,"column":3}}],"line":29},"13":{"loc":{"start":{"line":32,"column":9},"end":{"line":38,"column":3}},"type":"if","locations":[{"start":{"line":32,"column":9},"end":{"line":38,"column":3}},{"start":{"line":35,"column":9},"end":{"line":38,"column":3}}],"line":32}},"s":{"0":1,"1":1,"2":1,"3":1,"4":0,"5":1,"6":0,"7":1,"8":0,"9":1,"10":0,"11":1,"12":0,"13":1,"14":0,"15":1,"16":0,"17":1,"18":0,"19":1,"20":1,"21":0,"22":0,"23":1,"24":0,"25":0,"26":1,"27":0,"28":0,"29":1,"30":0,"31":0,"32":1,"33":1,"34":1,"35":6},"f":{"0":1},"b":{"0":[0,1],"1":[0,1],"2":[1,1],"3":[0,1],"4":[1,0],"5":[0,1],"6":[0,1],"7":[0,1],"8":[0,1],"9":[0,1],"10":[0,1],"11":[0,1],"12":[0,1],"13":[0,1]},"_coverageSchema":"1a1c01bbd47fc00a2c39e90264f33305004495a9","hash":"9e6f66ecf0edd9d2bd97e3bb5985af2864ee2445"}
,"C:\\Users\\Xakep\\Desktop\\investiga-mais\\backend\\src\\utils\\roles.js": {"path":"C:\\Users\\Xakep\\Desktop\\investiga-mais\\backend\\src\\utils\\roles.js","statementMap":{"0":{"start":{"line":1,"column":14},"end":{"line":5,"column":1}},"1":{"start":{"line":7,"column":0},"end":{"line":7,"column":22}}},"fnMap":{},"branchMap":{},"s":{"0":5,"1":5},"f":{},"b":{},"_coverageSchema":"1a1c01bbd47fc00a2c39e90264f33305004495a9","hash":"c3ebf2d7d33584f2e0677b6754b13b472b9670a7"}
,"C:\\Users\\Xakep\\Desktop\\investiga-mais\\backend\\src\\utils\\sendResponse.js": {"path":"C:\\Users\\Xakep\\Desktop\\investiga-mais\\backend\\src\\utils\\sendResponse.js","statementMap":{"0":{"start":{"line":1,"column":0},"end":{"line":14,"column":1}},"1":{"start":{"line":2,"column":21},"end":{"line":2,"column":24}},"2":{"start":{"line":4,"column":26},"end":{"line":11,"column":3}},"3":{"start":{"line":13,"column":2},"end":{"line":13,"column":53}},"4":{"start":{"line":16,"column":0},"end":{"line":28,"column":1}},"5":{"start":{"line":17,"column":26},"end":{"line":25,"column":3}},"6":{"start":{"line":27,"column":2},"end":{"line":27,"column":53}}},"fnMap":{"0":{"name":"(anonymous_0)","decl":{"start":{"line":1,"column":22},"end":{"line":1,"column":23}},"loc":{"start":{"line":1,"column":87},"end":{"line":14,"column":1}},"line":1},"1":{"name":"(anonymous_1)","decl":{"start":{"line":16,"column":20},"end":{"line":16,"column":21}},"loc":{"start":{"line":16,"column":85},"end":{"line":28,"column":1}},"line":16}},"branchMap":{"0":{"loc":{"start":{"line":1,"column":28},"end":{"line":1,"column":37}},"type":"default-arg","locations":[{"start":{"line":1,"column":35},"end":{"line":1,"column":37}}],"line":1},"1":{"loc":{"start":{"line":1,"column":39},"end":{"line":1,"column":82}},"type":"default-arg","locations":[{"start":{"line":1,"column":49},"end":{"line":1,"column":82}}],"line":1},"2":{"loc":{"start":{"line":9,"column":10},"end":{"line":9,"column":44}},"type":"binary-expr","locations":[{"start":{"line":9,"column":10},"end":{"line":9,"column":31}},{"start":{"line":9,"column":35},"end":{"line":9,"column":44}}],"line":9},"3":{"loc":{"start":{"line":16,"column":26},"end":{"line":16,"column":42}},"type":"default-arg","locations":[{"start":{"line":16,"column":39},"end":{"line":16,"column":42}}],"line":16},"4":{"loc":{"start":{"line":16,"column":44},"end":{"line":16,"column":68}},"type":"default-arg","locations":[{"start":{"line":16,"column":54},"end":{"line":16,"column":68}}],"line":16},"5":{"loc":{"start":{"line":16,"column":70},"end":{"line":16,"column":80}},"type":"default-arg","locations":[{"start":{"line":16,"column":78},"end":{"line":16,"column":80}}],"line":16},"6":{"loc":{"start":{"line":22,"column":10},"end":{"line":22,"column":44}},"type":"binary-expr","locations":[{"start":{"line":22,"column":10},"end":{"line":22,"column":31}},{"start":{"line":22,"column":35},"end":{"line":22,"column":44}}],"line":22}},"s":{"0":8,"1":21,"2":21,"3":21,"4":8,"5":30,"6":30},"f":{"0":21,"1":30},"b":{"0":[0],"1":[16],"2":[21,0],"3":[0],"4":[0],"5":[28],"6":[30,2]},"_coverageSchema":"1a1c01bbd47fc00a2c39e90264f33305004495a9","hash":"8733249aade3df40ab00f40095aef1420172b580"}
}
