{"C:\\Users\\Xakep\\Desktop\\investiga-mais\\backend\\src\\app.js": {"path":"C:\\Users\\Xakep\\Desktop\\investiga-mais\\backend\\src\\app.js","statementMap":{"0":{"start":{"line":1,"column":0},"end":{"line":1,"column":26}},"1":{"start":{"line":2,"column":16},"end":{"line":2,"column":34}},"2":{"start":{"line":3,"column":13},"end":{"line":3,"column":28}},"3":{"start":{"line":4,"column":21},"end":{"line":4,"column":45}},"4":{"start":{"line":6,"column":12},"end":{"line":6,"column":21}},"5":{"start":{"line":8,"column":0},"end":{"line":8,"column":23}},"6":{"start":{"line":11,"column":0},"end":{"line":14,"column":3}},"7":{"start":{"line":16,"column":0},"end":{"line":16,"column":23}},"8":{"start":{"line":24,"column":4},"end":{"line":24,"column":27}},"9":{"start":{"line":28,"column":19},"end":{"line":28,"column":49}},"10":{"start":{"line":29,"column":19},"end":{"line":29,"column":43}},"11":{"start":{"line":30,"column":22},"end":{"line":30,"column":55}},"12":{"start":{"line":31,"column":23},"end":{"line":31,"column":57}},"13":{"start":{"line":32,"column":21},"end":{"line":32,"column":53}},"14":{"start":{"line":33,"column":24},"end":{"line":33,"column":59}},"15":{"start":{"line":34,"column":20},"end":{"line":34,"column":51}},"16":{"start":{"line":37,"column":0},"end":{"line":39,"column":2}},"17":{"start":{"line":38,"column":2},"end":{"line":38,"column":56}},"18":{"start":{"line":41,"column":0},"end":{"line":41,"column":15}},"19":{"start":{"line":44,"column":0},"end":{"line":44,"column":40}},"20":{"start":{"line":45,"column":0},"end":{"line":45,"column":32}},"21":{"start":{"line":46,"column":0},"end":{"line":46,"column":32}},"22":{"start":{"line":47,"column":0},"end":{"line":47,"column":38}},"23":{"start":{"line":50,"column":0},"end":{"line":50,"column":53}},"24":{"start":{"line":51,"column":0},"end":{"line":51,"column":36}},"25":{"start":{"line":52,"column":0},"end":{"line":52,"column":42}},"26":{"start":{"line":53,"column":0},"end":{"line":53,"column":35}},"27":{"start":{"line":56,"column":22},"end":{"line":56,"column":64}},"28":{"start":{"line":57,"column":0},"end":{"line":59,"column":2}},"29":{"start":{"line":58,"column":2},"end":{"line":58,"column":51}},"30":{"start":{"line":62,"column":0},"end":{"line":62,"column":21}},"31":{"start":{"line":64,"column":0},"end":{"line":64,"column":20}}},"fnMap":{"0":{"name":"(anonymous_0)","decl":{"start":{"line":37,"column":13},"end":{"line":37,"column":14}},"loc":{"start":{"line":37,"column":27},"end":{"line":39,"column":1}},"line":37},"1":{"name":"(anonymous_1)","decl":{"start":{"line":57,"column":8},"end":{"line":57,"column":9}},"loc":{"start":{"line":57,"column":22},"end":{"line":59,"column":1}},"line":57}},"branchMap":{},"s":{"0":5,"1":5,"2":5,"3":5,"4":5,"5":5,"6":5,"7":5,"8":5,"9":5,"10":5,"11":5,"12":5,"13":5,"14":5,"15":5,"16":5,"17":0,"18":5,"19":5,"20":5,"21":5,"22":5,"23":5,"24":5,"25":5,"26":5,"27":5,"28":5,"29":0,"30":5,"31":5},"f":{"0":0,"1":0},"b":{},"_coverageSchema":"1a1c01bbd47fc00a2c39e90264f33305004495a9","hash":"348921a599402b5600c7062bed25670b08c4633b"}
,"C:\\Users\\Xakep\\Desktop\\investiga-mais\\backend\\src\\controllers\\adminController.js": {"path":"C:\\Users\\Xakep\\Desktop\\investiga-mais\\backend\\src\\controllers\\adminController.js","statementMap":{"0":{"start":{"line":1,"column":15},"end":{"line":1,"column":34}},"1":{"start":{"line":2,"column":15},"end":{"line":2,"column":32}},"2":{"start":{"line":3,"column":25},"end":{"line":3,"column":50}},"3":{"start":{"line":4,"column":15},"end":{"line":4,"column":33}},"4":{"start":{"line":5,"column":37},"end":{"line":5,"column":82}},"5":{"start":{"line":6,"column":24},"end":{"line":6,"column":52}},"6":{"start":{"line":7,"column":35},"end":{"line":7,"column":80}},"7":{"start":{"line":9,"column":0},"end":{"line":87,"column":2}},"8":{"start":{"line":10,"column":4},"end":{"line":86,"column":5}},"9":{"start":{"line":11,"column":47},"end":{"line":11,"column":55}},"10":{"start":{"line":13,"column":8},"end":{"line":15,"column":9}},"11":{"start":{"line":14,"column":12},"end":{"line":14,"column":68}},"12":{"start":{"line":17,"column":27},"end":{"line":17,"column":46}},"13":{"start":{"line":19,"column":8},"end":{"line":21,"column":9}},"14":{"start":{"line":20,"column":12},"end":{"line":20,"column":76}},"15":{"start":{"line":23,"column":26},"end":{"line":27,"column":10}},"16":{"start":{"line":29,"column":8},"end":{"line":34,"column":9}},"17":{"start":{"line":30,"column":12},"end":{"line":33,"column":15}},"18":{"start":{"line":36,"column":28},"end":{"line":36,"column":65}},"19":{"start":{"line":37,"column":35},"end":{"line":37,"column":69}},"20":{"start":{"line":39,"column":8},"end":{"line":47,"column":11}},"21":{"start":{"line":49,"column":21},"end":{"line":71,"column":5}},"22":{"start":{"line":73,"column":8},"end":{"line":77,"column":9}},"23":{"start":{"line":74,"column":12},"end":{"line":74,"column":82}},"24":{"start":{"line":76,"column":12},"end":{"line":76,"column":107}},"25":{"start":{"line":79,"column":8},"end":{"line":82,"column":11}},"26":{"start":{"line":84,"column":8},"end":{"line":84,"column":52}},"27":{"start":{"line":85,"column":8},"end":{"line":85,"column":85}}},"fnMap":{"0":{"name":"(anonymous_0)","decl":{"start":{"line":9,"column":26},"end":{"line":9,"column":27}},"loc":{"start":{"line":9,"column":52},"end":{"line":87,"column":1}},"line":9}},"branchMap":{"0":{"loc":{"start":{"line":13,"column":8},"end":{"line":15,"column":9}},"type":"if","locations":[{"start":{"line":13,"column":8},"end":{"line":15,"column":9}},{"start":{},"end":{}}],"line":13},"1":{"loc":{"start":{"line":13,"column":12},"end":{"line":13,"column":26}},"type":"binary-expr","locations":[{"start":{"line":13,"column":12},"end":{"line":13,"column":18}},{"start":{"line":13,"column":22},"end":{"line":13,"column":26}}],"line":13},"2":{"loc":{"start":{"line":19,"column":8},"end":{"line":21,"column":9}},"type":"if","locations":[{"start":{"line":19,"column":8},"end":{"line":21,"column":9}},{"start":{},"end":{}}],"line":19},"3":{"loc":{"start":{"line":19,"column":12},"end":{"line":19,"column":57}},"type":"binary-expr","locations":[{"start":{"line":19,"column":12},"end":{"line":19,"column":37}},{"start":{"line":19,"column":41},"end":{"line":19,"column":57}}],"line":19},"4":{"loc":{"start":{"line":29,"column":8},"end":{"line":34,"column":9}},"type":"if","locations":[{"start":{"line":29,"column":8},"end":{"line":34,"column":9}},{"start":{},"end":{}}],"line":29},"5":{"loc":{"start":{"line":44,"column":22},"end":{"line":44,"column":39}},"type":"binary-expr","locations":[{"start":{"line":44,"column":22},"end":{"line":44,"column":26}},{"start":{"line":44,"column":30},"end":{"line":44,"column":39}}],"line":44},"6":{"loc":{"start":{"line":45,"column":26},"end":{"line":45,"column":47}},"type":"binary-expr","locations":[{"start":{"line":45,"column":26},"end":{"line":45,"column":34}},{"start":{"line":45,"column":38},"end":{"line":45,"column":47}}],"line":45},"7":{"loc":{"start":{"line":73,"column":8},"end":{"line":77,"column":9}},"type":"if","locations":[{"start":{"line":73,"column":8},"end":{"line":77,"column":9}},{"start":{"line":75,"column":15},"end":{"line":77,"column":9}}],"line":73}},"s":{"0":5,"1":5,"2":5,"3":5,"4":5,"5":5,"6":5,"7":5,"8":0,"9":0,"10":0,"11":0,"12":0,"13":0,"14":0,"15":0,"16":0,"17":0,"18":0,"19":0,"20":0,"21":0,"22":0,"23":0,"24":0,"25":0,"26":0,"27":0},"f":{"0":0},"b":{"0":[0,0],"1":[0,0],"2":[0,0],"3":[0,0],"4":[0,0],"5":[0,0],"6":[0,0],"7":[0,0]},"_coverageSchema":"1a1c01bbd47fc00a2c39e90264f33305004495a9","hash":"f1a6be9fa2bb11372da2825f8368978b0f582c51"}
,"C:\\Users\\Xakep\\Desktop\\investiga-mais\\backend\\src\\controllers\\authController.js": {"path":"C:\\Users\\Xakep\\Desktop\\investiga-mais\\backend\\src\\controllers\\authController.js","statementMap":{"0":{"start":{"line":1,"column":15},"end":{"line":1,"column":34}},"1":{"start":{"line":2,"column":12},"end":{"line":2,"column":35}},"2":{"start":{"line":3,"column":25},"end":{"line":3,"column":50}},"3":{"start":{"line":4,"column":15},"end":{"line":4,"column":33}},"4":{"start":{"line":5,"column":39},"end":{"line":5,"column":84}},"5":{"start":{"line":6,"column":35},"end":{"line":6,"column":80}},"6":{"start":{"line":8,"column":19},"end":{"line":8,"column":64}},"7":{"start":{"line":10,"column":0},"end":{"line":61,"column":1}},"8":{"start":{"line":11,"column":25},"end":{"line":11,"column":33}},"9":{"start":{"line":13,"column":2},"end":{"line":15,"column":3}},"10":{"start":{"line":14,"column":4},"end":{"line":14,"column":61}},"11":{"start":{"line":17,"column":2},"end":{"line":19,"column":3}},"12":{"start":{"line":18,"column":4},"end":{"line":18,"column":70}},"13":{"start":{"line":21,"column":2},"end":{"line":21,"column":29}},"14":{"start":{"line":23,"column":2},"end":{"line":60,"column":3}},"15":{"start":{"line":24,"column":20},"end":{"line":24,"column":73}},"16":{"start":{"line":26,"column":4},"end":{"line":28,"column":5}},"17":{"start":{"line":27,"column":6},"end":{"line":27,"column":57}},"18":{"start":{"line":30,"column":18},"end":{"line":40,"column":5}},"19":{"start":{"line":43,"column":4},"end":{"line":48,"column":6}},"20":{"start":{"line":50,"column":4},"end":{"line":56,"column":38}},"21":{"start":{"line":58,"column":4},"end":{"line":58,"column":40}},"22":{"start":{"line":59,"column":4},"end":{"line":59,"column":56}},"23":{"start":{"line":63,"column":0},"end":{"line":69,"column":1}},"24":{"start":{"line":65,"column":2},"end":{"line":65,"column":83}},"25":{"start":{"line":68,"column":2},"end":{"line":68,"column":62}}},"fnMap":{"0":{"name":"(anonymous_0)","decl":{"start":{"line":10,"column":16},"end":{"line":10,"column":17}},"loc":{"start":{"line":10,"column":42},"end":{"line":61,"column":1}},"line":10},"1":{"name":"(anonymous_1)","decl":{"start":{"line":63,"column":17},"end":{"line":63,"column":18}},"loc":{"start":{"line":63,"column":31},"end":{"line":69,"column":1}},"line":63}},"branchMap":{"0":{"loc":{"start":{"line":8,"column":19},"end":{"line":8,"column":64}},"type":"binary-expr","locations":[{"start":{"line":8,"column":19},"end":{"line":8,"column":41}},{"start":{"line":8,"column":45},"end":{"line":8,"column":64}}],"line":8},"1":{"loc":{"start":{"line":13,"column":2},"end":{"line":15,"column":3}},"type":"if","locations":[{"start":{"line":13,"column":2},"end":{"line":15,"column":3}},{"start":{},"end":{}}],"line":13},"2":{"loc":{"start":{"line":13,"column":6},"end":{"line":13,"column":22}},"type":"binary-expr","locations":[{"start":{"line":13,"column":6},"end":{"line":13,"column":12}},{"start":{"line":13,"column":16},"end":{"line":13,"column":22}}],"line":13},"3":{"loc":{"start":{"line":17,"column":2},"end":{"line":19,"column":3}},"type":"if","locations":[{"start":{"line":17,"column":2},"end":{"line":19,"column":3}},{"start":{},"end":{}}],"line":17},"4":{"loc":{"start":{"line":17,"column":6},"end":{"line":17,"column":50}},"type":"binary-expr","locations":[{"start":{"line":17,"column":6},"end":{"line":17,"column":26}},{"start":{"line":17,"column":30},"end":{"line":17,"column":50}}],"line":17},"5":{"loc":{"start":{"line":26,"column":4},"end":{"line":28,"column":5}},"type":"if","locations":[{"start":{"line":26,"column":4},"end":{"line":28,"column":5}},{"start":{},"end":{}}],"line":26},"6":{"loc":{"start":{"line":26,"column":8},"end":{"line":26,"column":65}},"type":"binary-expr","locations":[{"start":{"line":26,"column":8},"end":{"line":26,"column":16}},{"start":{"line":26,"column":20},"end":{"line":26,"column":65}}],"line":26}},"s":{"0":5,"1":5,"2":5,"3":5,"4":5,"5":5,"6":5,"7":5,"8":4,"9":4,"10":1,"11":3,"12":1,"13":2,"14":2,"15":2,"16":2,"17":1,"18":1,"19":1,"20":1,"21":0,"22":0,"23":5,"24":1,"25":1},"f":{"0":4,"1":1},"b":{"0":[5,0],"1":[1,3],"2":[4,3],"3":[1,2],"4":[3,2],"5":[1,1],"6":[2,1]},"_coverageSchema":"1a1c01bbd47fc00a2c39e90264f33305004495a9","hash":"87b2e96882a6c785932a34a3a43206a5e3e549fc"}
,"C:\\Users\\Xakep\\Desktop\\investiga-mais\\backend\\src\\controllers\\consultaController.js": {"path":"C:\\Users\\Xakep\\Desktop\\investiga-mais\\backend\\src\\controllers\\consultaController.js","statementMap":{"0":{"start":{"line":1,"column":14},"end":{"line":1,"column":30}},"1":{"start":{"line":2,"column":25},"end":{"line":2,"column":50}},"2":{"start":{"line":3,"column":15},"end":{"line":3,"column":33}},"3":{"start":{"line":4,"column":24},"end":{"line":4,"column":69}},"4":{"start":{"line":5,"column":35},"end":{"line":5,"column":80}},"5":{"start":{"line":10,"column":14},"end":{"line":10,"column":71}},"6":{"start":{"line":10,"column":22},"end":{"line":10,"column":71}},"7":{"start":{"line":10,"column":47},"end":{"line":10,"column":70}},"8":{"start":{"line":16,"column":16},"end":{"line":16,"column":17}},"9":{"start":{"line":18,"column":2},"end":{"line":57,"column":3}},"10":{"start":{"line":19,"column":4},"end":{"line":56,"column":5}},"11":{"start":{"line":20,"column":6},"end":{"line":20,"column":75}},"12":{"start":{"line":22,"column":25},"end":{"line":22,"column":88}},"13":{"start":{"line":24,"column":6},"end":{"line":24,"column":61}},"14":{"start":{"line":26,"column":6},"end":{"line":26,"column":28}},"15":{"start":{"line":28,"column":21},"end":{"line":28,"column":41}},"16":{"start":{"line":29,"column":22},"end":{"line":29,"column":46}},"17":{"start":{"line":30,"column":19},"end":{"line":30,"column":37}},"18":{"start":{"line":32,"column":6},"end":{"line":32,"column":107}},"19":{"start":{"line":33,"column":6},"end":{"line":35,"column":7}},"20":{"start":{"line":34,"column":8},"end":{"line":34,"column":58}},"21":{"start":{"line":38,"column":6},"end":{"line":47,"column":7}},"22":{"start":{"line":39,"column":8},"end":{"line":46,"column":9}},"23":{"start":{"line":40,"column":10},"end":{"line":40,"column":91}},"24":{"start":{"line":41,"column":10},"end":{"line":41,"column":31}},"25":{"start":{"line":42,"column":10},"end":{"line":42,"column":20}},"26":{"start":{"line":43,"column":10},"end":{"line":43,"column":19}},"27":{"start":{"line":45,"column":10},"end":{"line":45,"column":50}},"28":{"start":{"line":50,"column":6},"end":{"line":52,"column":7}},"29":{"start":{"line":51,"column":8},"end":{"line":51,"column":40}},"30":{"start":{"line":55,"column":6},"end":{"line":55,"column":35}},"31":{"start":{"line":59,"column":2},"end":{"line":59,"column":41}},"32":{"start":{"line":65,"column":0},"end":{"line":207,"column":1}},"33":{"start":{"line":66,"column":19},"end":{"line":66,"column":29}},"34":{"start":{"line":67,"column":18},"end":{"line":67,"column":26}},"35":{"start":{"line":69,"column":2},"end":{"line":71,"column":3}},"36":{"start":{"line":70,"column":4},"end":{"line":70,"column":77}},"37":{"start":{"line":73,"column":2},"end":{"line":206,"column":3}},"38":{"start":{"line":75,"column":30},"end":{"line":77,"column":6}},"39":{"start":{"line":80,"column":20},"end":{"line":82,"column":6}},"40":{"start":{"line":84,"column":23},"end":{"line":84,"column":40}},"41":{"start":{"line":85,"column":21},"end":{"line":85,"column":25}},"42":{"start":{"line":87,"column":4},"end":{"line":158,"column":5}},"43":{"start":{"line":88,"column":6},"end":{"line":88,"column":72}},"44":{"start":{"line":92,"column":6},"end":{"line":141,"column":7}},"45":{"start":{"line":93,"column":8},"end":{"line":93,"column":56}},"46":{"start":{"line":95,"column":8},"end":{"line":97,"column":9}},"47":{"start":{"line":96,"column":10},"end":{"line":96,"column":49}},"48":{"start":{"line":100,"column":8},"end":{"line":100,"column":60}},"49":{"start":{"line":103,"column":8},"end":{"line":124,"column":9}},"50":{"start":{"line":104,"column":10},"end":{"line":123,"column":11}},"51":{"start":{"line":105,"column":12},"end":{"line":112,"column":14}},"52":{"start":{"line":114,"column":12},"end":{"line":117,"column":14}},"53":{"start":{"line":119,"column":12},"end":{"line":119,"column":40}},"54":{"start":{"line":120,"column":12},"end":{"line":120,"column":104}},"55":{"start":{"line":122,"column":12},"end":{"line":122,"column":97}},"56":{"start":{"line":127,"column":8},"end":{"line":129,"column":9}},"57":{"start":{"line":128,"column":10},"end":{"line":128,"column":166}},"58":{"start":{"line":131,"column":8},"end":{"line":133,"column":9}},"59":{"start":{"line":132,"column":10},"end":{"line":132,"column":95}},"60":{"start":{"line":135,"column":8},"end":{"line":137,"column":9}},"61":{"start":{"line":136,"column":10},"end":{"line":136,"column":71}},"62":{"start":{"line":140,"column":8},"end":{"line":140,"column":75}},"63":{"start":{"line":144,"column":6},"end":{"line":149,"column":8}},"64":{"start":{"line":151,"column":6},"end":{"line":151,"column":63}},"65":{"start":{"line":153,"column":6},"end":{"line":153,"column":63}},"66":{"start":{"line":155,"column":6},"end":{"line":157,"column":7}},"67":{"start":{"line":156,"column":8},"end":{"line":156,"column":69}},"68":{"start":{"line":161,"column":4},"end":{"line":171,"column":5}},"69":{"start":{"line":162,"column":6},"end":{"line":169,"column":8}},"70":{"start":{"line":170,"column":6},"end":{"line":170,"column":24}},"71":{"start":{"line":174,"column":4},"end":{"line":186,"column":5}},"72":{"start":{"line":175,"column":6},"end":{"line":185,"column":7}},"73":{"start":{"line":176,"column":8},"end":{"line":179,"column":10}},"74":{"start":{"line":181,"column":8},"end":{"line":181,"column":42}},"75":{"start":{"line":182,"column":8},"end":{"line":182,"column":101}},"76":{"start":{"line":184,"column":8},"end":{"line":184,"column":91}},"77":{"start":{"line":189,"column":4},"end":{"line":199,"column":6}},"78":{"start":{"line":201,"column":4},"end":{"line":201,"column":49}},"79":{"start":{"line":202,"column":4},"end":{"line":205,"column":6}},"80":{"start":{"line":212,"column":0},"end":{"line":289,"column":1}},"81":{"start":{"line":213,"column":31},"end":{"line":213,"column":39}},"82":{"start":{"line":221,"column":6},"end":{"line":221,"column":15}},"83":{"start":{"line":223,"column":2},"end":{"line":288,"column":3}},"84":{"start":{"line":225,"column":18},"end":{"line":225,"column":25}},"85":{"start":{"line":227,"column":4},"end":{"line":229,"column":5}},"86":{"start":{"line":228,"column":6},"end":{"line":228,"column":41}},"87":{"start":{"line":231,"column":4},"end":{"line":239,"column":5}},"88":{"start":{"line":233,"column":20},"end":{"line":233,"column":53}},"89":{"start":{"line":234,"column":18},"end":{"line":234,"column":51}},"90":{"start":{"line":235,"column":6},"end":{"line":238,"column":7}},"91":{"start":{"line":241,"column":4},"end":{"line":245,"column":5}},"92":{"start":{"line":242,"column":6},"end":{"line":244,"column":7}},"93":{"start":{"line":247,"column":4},"end":{"line":251,"column":5}},"94":{"start":{"line":248,"column":6},"end":{"line":250,"column":7}},"95":{"start":{"line":254,"column":18},"end":{"line":254,"column":56}},"96":{"start":{"line":257,"column":22},"end":{"line":270,"column":6}},"97":{"start":{"line":272,"column":4},"end":{"line":279,"column":6}},"98":{"start":{"line":275,"column":40},"end":{"line":278,"column":7}},"99":{"start":{"line":281,"column":4},"end":{"line":281,"column":67}},"100":{"start":{"line":283,"column":4},"end":{"line":287,"column":6}}},"fnMap":{"0":{"name":"(anonymous_0)","decl":{"start":{"line":10,"column":14},"end":{"line":10,"column":15}},"loc":{"start":{"line":10,"column":22},"end":{"line":10,"column":71}},"line":10},"1":{"name":"(anonymous_1)","decl":{"start":{"line":10,"column":34},"end":{"line":10,"column":35}},"loc":{"start":{"line":10,"column":47},"end":{"line":10,"column":70}},"line":10},"2":{"name":"consultarReceitaWSComRetry","decl":{"start":{"line":15,"column":15},"end":{"line":15,"column":41}},"loc":{"start":{"line":15,"column":80},"end":{"line":60,"column":1}},"line":15},"3":{"name":"(anonymous_3)","decl":{"start":{"line":65,"column":24},"end":{"line":65,"column":25}},"loc":{"start":{"line":65,"column":44},"end":{"line":207,"column":1}},"line":65},"4":{"name":"(anonymous_4)","decl":{"start":{"line":212,"column":26},"end":{"line":212,"column":27}},"loc":{"start":{"line":212,"column":46},"end":{"line":289,"column":1}},"line":212},"5":{"name":"(anonymous_5)","decl":{"start":{"line":275,"column":32},"end":{"line":275,"column":33}},"loc":{"start":{"line":275,"column":40},"end":{"line":278,"column":7}},"line":275}},"branchMap":{"0":{"loc":{"start":{"line":15,"column":48},"end":{"line":15,"column":62}},"type":"default-arg","locations":[{"start":{"line":15,"column":61},"end":{"line":15,"column":62}}],"line":15},"1":{"loc":{"start":{"line":15,"column":64},"end":{"line":15,"column":78}},"type":"default-arg","locations":[{"start":{"line":15,"column":74},"end":{"line":15,"column":78}}],"line":15},"2":{"loc":{"start":{"line":33,"column":6},"end":{"line":35,"column":7}},"type":"if","locations":[{"start":{"line":33,"column":6},"end":{"line":35,"column":7}},{"start":{},"end":{}}],"line":33},"3":{"loc":{"start":{"line":38,"column":6},"end":{"line":47,"column":7}},"type":"if","locations":[{"start":{"line":38,"column":6},"end":{"line":47,"column":7}},{"start":{},"end":{}}],"line":38},"4":{"loc":{"start":{"line":39,"column":8},"end":{"line":46,"column":9}},"type":"if","locations":[{"start":{"line":39,"column":8},"end":{"line":46,"column":9}},{"start":{"line":44,"column":15},"end":{"line":46,"column":9}}],"line":39},"5":{"loc":{"start":{"line":50,"column":6},"end":{"line":52,"column":7}},"type":"if","locations":[{"start":{"line":50,"column":6},"end":{"line":52,"column":7}},{"start":{},"end":{}}],"line":50},"6":{"loc":{"start":{"line":50,"column":10},"end":{"line":50,"column":60}},"type":"binary-expr","locations":[{"start":{"line":50,"column":10},"end":{"line":50,"column":24}},{"start":{"line":50,"column":28},"end":{"line":50,"column":60}}],"line":50},"7":{"loc":{"start":{"line":69,"column":2},"end":{"line":71,"column":3}},"type":"if","locations":[{"start":{"line":69,"column":2},"end":{"line":71,"column":3}},{"start":{},"end":{}}],"line":69},"8":{"loc":{"start":{"line":87,"column":4},"end":{"line":158,"column":5}},"type":"if","locations":[{"start":{"line":87,"column":4},"end":{"line":158,"column":5}},{"start":{"line":152,"column":11},"end":{"line":158,"column":5}}],"line":87},"9":{"loc":{"start":{"line":95,"column":8},"end":{"line":97,"column":9}},"type":"if","locations":[{"start":{"line":95,"column":8},"end":{"line":97,"column":9}},{"start":{},"end":{}}],"line":95},"10":{"loc":{"start":{"line":95,"column":12},"end":{"line":95,"column":46}},"type":"binary-expr","locations":[{"start":{"line":95,"column":12},"end":{"line":95,"column":28}},{"start":{"line":95,"column":32},"end":{"line":95,"column":46}}],"line":95},"11":{"loc":{"start":{"line":103,"column":8},"end":{"line":124,"column":9}},"type":"if","locations":[{"start":{"line":103,"column":8},"end":{"line":124,"column":9}},{"start":{},"end":{}}],"line":103},"12":{"loc":{"start":{"line":127,"column":8},"end":{"line":129,"column":9}},"type":"if","locations":[{"start":{"line":127,"column":8},"end":{"line":129,"column":9}},{"start":{},"end":{}}],"line":127},"13":{"loc":{"start":{"line":131,"column":8},"end":{"line":133,"column":9}},"type":"if","locations":[{"start":{"line":131,"column":8},"end":{"line":133,"column":9}},{"start":{},"end":{}}],"line":131},"14":{"loc":{"start":{"line":135,"column":8},"end":{"line":137,"column":9}},"type":"if","locations":[{"start":{"line":135,"column":8},"end":{"line":137,"column":9}},{"start":{},"end":{}}],"line":135},"15":{"loc":{"start":{"line":155,"column":6},"end":{"line":157,"column":7}},"type":"if","locations":[{"start":{"line":155,"column":6},"end":{"line":157,"column":7}},{"start":{},"end":{}}],"line":155},"16":{"loc":{"start":{"line":155,"column":10},"end":{"line":155,"column":66}},"type":"binary-expr","locations":[{"start":{"line":155,"column":10},"end":{"line":155,"column":27}},{"start":{"line":155,"column":31},"end":{"line":155,"column":66}}],"line":155},"17":{"loc":{"start":{"line":161,"column":4},"end":{"line":171,"column":5}},"type":"if","locations":[{"start":{"line":161,"column":4},"end":{"line":171,"column":5}},{"start":{},"end":{}}],"line":161},"18":{"loc":{"start":{"line":164,"column":16},"end":{"line":164,"column":94}},"type":"binary-expr","locations":[{"start":{"line":164,"column":16},"end":{"line":164,"column":36}},{"start":{"line":164,"column":40},"end":{"line":164,"column":64}},{"start":{"line":164,"column":68},"end":{"line":164,"column":94}}],"line":164},"19":{"loc":{"start":{"line":174,"column":4},"end":{"line":186,"column":5}},"type":"if","locations":[{"start":{"line":174,"column":4},"end":{"line":186,"column":5}},{"start":{},"end":{}}],"line":174},"20":{"loc":{"start":{"line":215,"column":4},"end":{"line":215,"column":12}},"type":"default-arg","locations":[{"start":{"line":215,"column":11},"end":{"line":215,"column":12}}],"line":215},"21":{"loc":{"start":{"line":216,"column":4},"end":{"line":216,"column":13}},"type":"default-arg","locations":[{"start":{"line":216,"column":12},"end":{"line":216,"column":13}}],"line":216},"22":{"loc":{"start":{"line":227,"column":4},"end":{"line":229,"column":5}},"type":"if","locations":[{"start":{"line":227,"column":4},"end":{"line":229,"column":5}},{"start":{},"end":{}}],"line":227},"23":{"loc":{"start":{"line":231,"column":4},"end":{"line":239,"column":5}},"type":"if","locations":[{"start":{"line":231,"column":4},"end":{"line":239,"column":5}},{"start":{},"end":{}}],"line":231},"24":{"loc":{"start":{"line":241,"column":4},"end":{"line":245,"column":5}},"type":"if","locations":[{"start":{"line":241,"column":4},"end":{"line":245,"column":5}},{"start":{},"end":{}}],"line":241},"25":{"loc":{"start":{"line":247,"column":4},"end":{"line":251,"column":5}},"type":"if","locations":[{"start":{"line":247,"column":4},"end":{"line":251,"column":5}},{"start":{},"end":{}}],"line":247}},"s":{"0":5,"1":5,"2":5,"3":5,"4":5,"5":5,"6":0,"7":0,"8":0,"9":0,"10":0,"11":0,"12":0,"13":0,"14":0,"15":0,"16":0,"17":0,"18":0,"19":0,"20":0,"21":0,"22":0,"23":0,"24":0,"25":0,"26":0,"27":0,"28":0,"29":0,"30":0,"31":0,"32":5,"33":0,"34":0,"35":0,"36":0,"37":0,"38":0,"39":0,"40":0,"41":0,"42":0,"43":0,"44":0,"45":0,"46":0,"47":0,"48":0,"49":0,"50":0,"51":0,"52":0,"53":0,"54":0,"55":0,"56":0,"57":0,"58":0,"59":0,"60":0,"61":0,"62":0,"63":0,"64":0,"65":0,"66":0,"67":0,"68":0,"69":0,"70":0,"71":0,"72":0,"73":0,"74":0,"75":0,"76":0,"77":0,"78":0,"79":0,"80":5,"81":0,"82":0,"83":0,"84":0,"85":0,"86":0,"87":0,"88":0,"89":0,"90":0,"91":0,"92":0,"93":0,"94":0,"95":0,"96":0,"97":0,"98":0,"99":0,"100":0},"f":{"0":0,"1":0,"2":0,"3":0,"4":0,"5":0},"b":{"0":[0],"1":[0],"2":[0,0],"3":[0,0],"4":[0,0],"5":[0,0],"6":[0,0],"7":[0,0],"8":[0,0],"9":[0,0],"10":[0,0],"11":[0,0],"12":[0,0],"13":[0,0],"14":[0,0],"15":[0,0],"16":[0,0],"17":[0,0],"18":[0,0,0],"19":[0,0],"20":[0],"21":[0],"22":[0,0],"23":[0,0],"24":[0,0],"25":[0,0]},"_coverageSchema":"1a1c01bbd47fc00a2c39e90264f33305004495a9","hash":"6d52680bb2268397b8aedfff91c8e294f990a70c"}
,"C:\\Users\\Xakep\\Desktop\\investiga-mais\\backend\\src\\controllers\\perfilController.js": {"path":"C:\\Users\\Xakep\\Desktop\\investiga-mais\\backend\\src\\controllers\\perfilController.js","statementMap":{"0":{"start":{"line":1,"column":25},"end":{"line":1,"column":50}},"1":{"start":{"line":2,"column":15},"end":{"line":2,"column":33}},"2":{"start":{"line":3,"column":35},"end":{"line":3,"column":80}},"3":{"start":{"line":8,"column":0},"end":{"line":55,"column":1}},"4":{"start":{"line":9,"column":61},"end":{"line":9,"column":69}},"5":{"start":{"line":10,"column":20},"end":{"line":10,"column":38}},"6":{"start":{"line":12,"column":2},"end":{"line":54,"column":3}},"7":{"start":{"line":14,"column":20},"end":{"line":17,"column":6}},"8":{"start":{"line":19,"column":24},"end":{"line":26,"column":5}},"9":{"start":{"line":29,"column":4},"end":{"line":39,"column":5}},"10":{"start":{"line":38,"column":6},"end":{"line":38,"column":47}},"11":{"start":{"line":41,"column":4},"end":{"line":44,"column":6}},"12":{"start":{"line":47,"column":4},"end":{"line":50,"column":6}},"13":{"start":{"line":52,"column":4},"end":{"line":52,"column":60}},"14":{"start":{"line":53,"column":4},"end":{"line":53,"column":58}},"15":{"start":{"line":60,"column":0},"end":{"line":99,"column":1}},"16":{"start":{"line":61,"column":20},"end":{"line":61,"column":38}},"17":{"start":{"line":63,"column":2},"end":{"line":98,"column":3}},"18":{"start":{"line":64,"column":20},"end":{"line":77,"column":6}},"19":{"start":{"line":79,"column":4},"end":{"line":81,"column":5}},"20":{"start":{"line":80,"column":6},"end":{"line":80,"column":58}},"21":{"start":{"line":83,"column":26},"end":{"line":88,"column":10}},"22":{"start":{"line":86,"column":25},"end":{"line":86,"column":83}},"23":{"start":{"line":91,"column":4},"end":{"line":94,"column":6}},"24":{"start":{"line":96,"column":4},"end":{"line":96,"column":56}},"25":{"start":{"line":97,"column":4},"end":{"line":97,"column":54}}},"fnMap":{"0":{"name":"(anonymous_0)","decl":{"start":{"line":8,"column":26},"end":{"line":8,"column":27}},"loc":{"start":{"line":8,"column":46},"end":{"line":55,"column":1}},"line":8},"1":{"name":"(anonymous_1)","decl":{"start":{"line":60,"column":22},"end":{"line":60,"column":23}},"loc":{"start":{"line":60,"column":42},"end":{"line":99,"column":1}},"line":60},"2":{"name":"(anonymous_2)","decl":{"start":{"line":86,"column":15},"end":{"line":86,"column":16}},"loc":{"start":{"line":86,"column":25},"end":{"line":86,"column":83}},"line":86}},"branchMap":{"0":{"loc":{"start":{"line":22,"column":18},"end":{"line":22,"column":58}},"type":"cond-expr","locations":[{"start":{"line":22,"column":31},"end":{"line":22,"column":51}},{"start":{"line":22,"column":54},"end":{"line":22,"column":58}}],"line":22},"1":{"loc":{"start":{"line":29,"column":4},"end":{"line":39,"column":5}},"type":"if","locations":[{"start":{"line":29,"column":4},"end":{"line":39,"column":5}},{"start":{},"end":{}}],"line":29},"2":{"loc":{"start":{"line":30,"column":6},"end":{"line":36,"column":12}},"type":"binary-expr","locations":[{"start":{"line":30,"column":6},"end":{"line":30,"column":31}},{"start":{"line":31,"column":6},"end":{"line":31,"column":10}},{"start":{"line":32,"column":6},"end":{"line":32,"column":14}},{"start":{"line":33,"column":6},"end":{"line":33,"column":16}},{"start":{"line":34,"column":6},"end":{"line":34,"column":12}},{"start":{"line":35,"column":6},"end":{"line":35,"column":8}},{"start":{"line":36,"column":6},"end":{"line":36,"column":12}}],"line":30},"3":{"loc":{"start":{"line":79,"column":4},"end":{"line":81,"column":5}},"type":"if","locations":[{"start":{"line":79,"column":4},"end":{"line":81,"column":5}},{"start":{},"end":{}}],"line":79},"4":{"loc":{"start":{"line":83,"column":26},"end":{"line":88,"column":10}},"type":"cond-expr","locations":[{"start":{"line":84,"column":8},"end":{"line":87,"column":20}},{"start":{"line":88,"column":8},"end":{"line":88,"column":10}}],"line":83}},"s":{"0":5,"1":5,"2":5,"3":5,"4":0,"5":0,"6":0,"7":0,"8":0,"9":0,"10":0,"11":0,"12":0,"13":0,"14":0,"15":5,"16":0,"17":0,"18":0,"19":0,"20":0,"21":0,"22":0,"23":0,"24":0,"25":0},"f":{"0":0,"1":0,"2":0},"b":{"0":[0,0],"1":[0,0],"2":[0,0,0,0,0,0,0],"3":[0,0],"4":[0,0]},"_coverageSchema":"1a1c01bbd47fc00a2c39e90264f33305004495a9","hash":"adadadd9e6209217067d428e52e86f82d9cdcdfc"}
,"C:\\Users\\Xakep\\Desktop\\investiga-mais\\backend\\src\\controllers\\recuperacaoController.js": {"path":"C:\\Users\\Xakep\\Desktop\\investiga-mais\\backend\\src\\controllers\\recuperacaoController.js","statementMap":{"0":{"start":{"line":1,"column":25},"end":{"line":1,"column":50}},"1":{"start":{"line":2,"column":15},"end":{"line":2,"column":33}},"2":{"start":{"line":3,"column":15},"end":{"line":3,"column":32}},"3":{"start":{"line":4,"column":15},"end":{"line":4,"column":34}},"4":{"start":{"line":5,"column":39},"end":{"line":5,"column":84}},"5":{"start":{"line":6,"column":24},"end":{"line":6,"column":52}},"6":{"start":{"line":8,"column":0},"end":{"line":61,"column":2}},"7":{"start":{"line":9,"column":2},"end":{"line":60,"column":3}},"8":{"start":{"line":10,"column":22},"end":{"line":10,"column":30}},"9":{"start":{"line":12,"column":4},"end":{"line":14,"column":5}},"10":{"start":{"line":13,"column":6},"end":{"line":13,"column":63}},"11":{"start":{"line":16,"column":20},"end":{"line":16,"column":73}},"12":{"start":{"line":17,"column":4},"end":{"line":19,"column":5}},"13":{"start":{"line":18,"column":6},"end":{"line":18,"column":68}},"14":{"start":{"line":22,"column":4},"end":{"line":24,"column":7}},"15":{"start":{"line":26,"column":18},"end":{"line":26,"column":56}},"16":{"start":{"line":27,"column":22},"end":{"line":27,"column":59}},"17":{"start":{"line":29,"column":4},"end":{"line":35,"column":7}},"18":{"start":{"line":37,"column":17},"end":{"line":37,"column":71}},"19":{"start":{"line":39,"column":17},"end":{"line":49,"column":5}},"20":{"start":{"line":51,"column":4},"end":{"line":55,"column":5}},"21":{"start":{"line":52,"column":6},"end":{"line":52,"column":74}},"22":{"start":{"line":54,"column":6},"end":{"line":54,"column":59}},"23":{"start":{"line":57,"column":4},"end":{"line":57,"column":92}},"24":{"start":{"line":59,"column":4},"end":{"line":59,"column":14}},"25":{"start":{"line":63,"column":0},"end":{"line":90,"column":2}},"26":{"start":{"line":64,"column":2},"end":{"line":89,"column":3}},"27":{"start":{"line":65,"column":33},"end":{"line":65,"column":41}},"28":{"start":{"line":67,"column":4},"end":{"line":69,"column":5}},"29":{"start":{"line":68,"column":6},"end":{"line":68,"column":114}},"30":{"start":{"line":71,"column":21},"end":{"line":71,"column":83}},"31":{"start":{"line":73,"column":4},"end":{"line":75,"column":5}},"32":{"start":{"line":74,"column":6},"end":{"line":74,"column":74}},"33":{"start":{"line":77,"column":22},"end":{"line":77,"column":54}},"34":{"start":{"line":79,"column":4},"end":{"line":82,"column":7}},"35":{"start":{"line":84,"column":4},"end":{"line":84,"column":63}},"36":{"start":{"line":86,"column":4},"end":{"line":86,"column":81}},"37":{"start":{"line":88,"column":4},"end":{"line":88,"column":14}}},"fnMap":{"0":{"name":"(anonymous_0)","decl":{"start":{"line":8,"column":25},"end":{"line":8,"column":26}},"loc":{"start":{"line":8,"column":51},"end":{"line":61,"column":1}},"line":8},"1":{"name":"(anonymous_1)","decl":{"start":{"line":63,"column":23},"end":{"line":63,"column":24}},"loc":{"start":{"line":63,"column":49},"end":{"line":90,"column":1}},"line":63}},"branchMap":{"0":{"loc":{"start":{"line":12,"column":4},"end":{"line":14,"column":5}},"type":"if","locations":[{"start":{"line":12,"column":4},"end":{"line":14,"column":5}},{"start":{},"end":{}}],"line":12},"1":{"loc":{"start":{"line":17,"column":4},"end":{"line":19,"column":5}},"type":"if","locations":[{"start":{"line":17,"column":4},"end":{"line":19,"column":5}},{"start":{},"end":{}}],"line":17},"2":{"loc":{"start":{"line":51,"column":4},"end":{"line":55,"column":5}},"type":"if","locations":[{"start":{"line":51,"column":4},"end":{"line":55,"column":5}},{"start":{"line":53,"column":11},"end":{"line":55,"column":5}}],"line":51},"3":{"loc":{"start":{"line":67,"column":4},"end":{"line":69,"column":5}},"type":"if","locations":[{"start":{"line":67,"column":4},"end":{"line":69,"column":5}},{"start":{},"end":{}}],"line":67},"4":{"loc":{"start":{"line":73,"column":4},"end":{"line":75,"column":5}},"type":"if","locations":[{"start":{"line":73,"column":4},"end":{"line":75,"column":5}},{"start":{},"end":{}}],"line":73},"5":{"loc":{"start":{"line":73,"column":8},"end":{"line":73,"column":52}},"type":"binary-expr","locations":[{"start":{"line":73,"column":8},"end":{"line":73,"column":17}},{"start":{"line":73,"column":21},"end":{"line":73,"column":52}}],"line":73}},"s":{"0":5,"1":5,"2":5,"3":5,"4":5,"5":5,"6":5,"7":3,"8":3,"9":3,"10":1,"11":2,"12":2,"13":1,"14":1,"15":1,"16":1,"17":1,"18":1,"19":1,"20":1,"21":0,"22":1,"23":1,"24":0,"25":5,"26":3,"27":3,"28":3,"29":1,"30":2,"31":2,"32":1,"33":1,"34":1,"35":1,"36":1,"37":0},"f":{"0":3,"1":3},"b":{"0":[1,2],"1":[1,1],"2":[0,1],"3":[1,2],"4":[1,1],"5":[2,2]},"_coverageSchema":"1a1c01bbd47fc00a2c39e90264f33305004495a9","hash":"3e362ad8a4ed3b62f4f3b2c49764d8a68c7f4819"}
,"C:\\Users\\Xakep\\Desktop\\investiga-mais\\backend\\src\\controllers\\segurancaController.js": {"path":"C:\\Users\\Xakep\\Desktop\\investiga-mais\\backend\\src\\controllers\\segurancaController.js","statementMap":{"0":{"start":{"line":1,"column":14},"end":{"line":1,"column":30}},"1":{"start":{"line":2,"column":25},"end":{"line":2,"column":50}},"2":{"start":{"line":3,"column":15},"end":{"line":3,"column":33}},"3":{"start":{"line":4,"column":35},"end":{"line":4,"column":80}},"4":{"start":{"line":5,"column":30},"end":{"line":5,"column":81}},"5":{"start":{"line":7,"column":21},"end":{"line":7,"column":45}},"6":{"start":{"line":8,"column":25},"end":{"line":8,"column":53}},"7":{"start":{"line":9,"column":30},"end":{"line":9,"column":63}},"8":{"start":{"line":14,"column":0},"end":{"line":102,"column":1}},"9":{"start":{"line":15,"column":19},"end":{"line":15,"column":28}},"10":{"start":{"line":16,"column":26},"end":{"line":16,"column":34}},"11":{"start":{"line":18,"column":4},"end":{"line":20,"column":5}},"12":{"start":{"line":19,"column":8},"end":{"line":19,"column":55}},"13":{"start":{"line":22,"column":4},"end":{"line":101,"column":5}},"14":{"start":{"line":23,"column":21},"end":{"line":31,"column":10}},"15":{"start":{"line":33,"column":21},"end":{"line":33,"column":30}},"16":{"start":{"line":35,"column":52},"end":{"line":35,"column":75}},"17":{"start":{"line":38,"column":8},"end":{"line":46,"column":10}},"18":{"start":{"line":48,"column":8},"end":{"line":85,"column":9}},"19":{"start":{"line":87,"column":8},"end":{"line":87,"column":91}},"20":{"start":{"line":90,"column":8},"end":{"line":98,"column":10}},"21":{"start":{"line":100,"column":8},"end":{"line":100,"column":72}},"22":{"start":{"line":109,"column":0},"end":{"line":178,"column":1}},"23":{"start":{"line":110,"column":22},"end":{"line":110,"column":32}},"24":{"start":{"line":111,"column":26},"end":{"line":111,"column":34}},"25":{"start":{"line":113,"column":4},"end":{"line":115,"column":5}},"26":{"start":{"line":114,"column":8},"end":{"line":114,"column":58}},"27":{"start":{"line":117,"column":4},"end":{"line":177,"column":5}},"28":{"start":{"line":118,"column":21},"end":{"line":124,"column":10}},"29":{"start":{"line":126,"column":21},"end":{"line":126,"column":30}},"30":{"start":{"line":129,"column":8},"end":{"line":137,"column":10}},"31":{"start":{"line":139,"column":8},"end":{"line":161,"column":9}},"32":{"start":{"line":163,"column":8},"end":{"line":163,"column":95}},"33":{"start":{"line":166,"column":8},"end":{"line":174,"column":10}},"34":{"start":{"line":176,"column":8},"end":{"line":176,"column":62}},"35":{"start":{"line":184,"column":0},"end":{"line":260,"column":1}},"36":{"start":{"line":185,"column":20},"end":{"line":185,"column":29}},"37":{"start":{"line":186,"column":26},"end":{"line":186,"column":34}},"38":{"start":{"line":188,"column":4},"end":{"line":190,"column":5}},"39":{"start":{"line":189,"column":8},"end":{"line":189,"column":56}},"40":{"start":{"line":192,"column":4},"end":{"line":194,"column":5}},"41":{"start":{"line":193,"column":8},"end":{"line":193,"column":91}},"42":{"start":{"line":196,"column":4},"end":{"line":259,"column":5}},"43":{"start":{"line":197,"column":21},"end":{"line":219,"column":9}},"44":{"start":{"line":221,"column":21},"end":{"line":221,"column":30}},"45":{"start":{"line":224,"column":8},"end":{"line":232,"column":10}},"46":{"start":{"line":234,"column":8},"end":{"line":243,"column":9}},"47":{"start":{"line":245,"column":8},"end":{"line":245,"column":103}},"48":{"start":{"line":248,"column":8},"end":{"line":256,"column":10}},"49":{"start":{"line":258,"column":8},"end":{"line":258,"column":73}}},"fnMap":{"0":{"name":"(anonymous_0)","decl":{"start":{"line":14,"column":18},"end":{"line":14,"column":19}},"loc":{"start":{"line":14,"column":38},"end":{"line":102,"column":1}},"line":14},"1":{"name":"(anonymous_1)","decl":{"start":{"line":109,"column":22},"end":{"line":109,"column":23}},"loc":{"start":{"line":109,"column":42},"end":{"line":178,"column":1}},"line":109},"2":{"name":"(anonymous_2)","decl":{"start":{"line":184,"column":28},"end":{"line":184,"column":29}},"loc":{"start":{"line":184,"column":48},"end":{"line":260,"column":1}},"line":184}},"branchMap":{"0":{"loc":{"start":{"line":18,"column":4},"end":{"line":20,"column":5}},"type":"if","locations":[{"start":{"line":18,"column":4},"end":{"line":20,"column":5}},{"start":{},"end":{}}],"line":18},"1":{"loc":{"start":{"line":78,"column":34},"end":{"line":78,"column":63}},"type":"binary-expr","locations":[{"start":{"line":78,"column":34},"end":{"line":78,"column":55}},{"start":{"line":78,"column":59},"end":{"line":78,"column":63}}],"line":78},"2":{"loc":{"start":{"line":79,"column":25},"end":{"line":79,"column":45}},"type":"binary-expr","locations":[{"start":{"line":79,"column":25},"end":{"line":79,"column":37}},{"start":{"line":79,"column":41},"end":{"line":79,"column":45}}],"line":79},"3":{"loc":{"start":{"line":87,"column":65},"end":{"line":87,"column":90}},"type":"binary-expr","locations":[{"start":{"line":87,"column":65},"end":{"line":87,"column":83}},{"start":{"line":87,"column":87},"end":{"line":87,"column":90}}],"line":87},"4":{"loc":{"start":{"line":96,"column":27},"end":{"line":96,"column":73}},"type":"binary-expr","locations":[{"start":{"line":96,"column":27},"end":{"line":96,"column":45}},{"start":{"line":96,"column":49},"end":{"line":96,"column":73}}],"line":96},"5":{"loc":{"start":{"line":113,"column":4},"end":{"line":115,"column":5}},"type":"if","locations":[{"start":{"line":113,"column":4},"end":{"line":115,"column":5}},{"start":{},"end":{}}],"line":113},"6":{"loc":{"start":{"line":163,"column":69},"end":{"line":163,"column":94}},"type":"binary-expr","locations":[{"start":{"line":163,"column":69},"end":{"line":163,"column":87}},{"start":{"line":163,"column":91},"end":{"line":163,"column":94}}],"line":163},"7":{"loc":{"start":{"line":172,"column":27},"end":{"line":172,"column":73}},"type":"binary-expr","locations":[{"start":{"line":172,"column":27},"end":{"line":172,"column":45}},{"start":{"line":172,"column":49},"end":{"line":172,"column":73}}],"line":172},"8":{"loc":{"start":{"line":188,"column":4},"end":{"line":190,"column":5}},"type":"if","locations":[{"start":{"line":188,"column":4},"end":{"line":190,"column":5}},{"start":{},"end":{}}],"line":188},"9":{"loc":{"start":{"line":192,"column":4},"end":{"line":194,"column":5}},"type":"if","locations":[{"start":{"line":192,"column":4},"end":{"line":194,"column":5}},{"start":{},"end":{}}],"line":192},"10":{"loc":{"start":{"line":226,"column":27},"end":{"line":226,"column":41}},"type":"binary-expr","locations":[{"start":{"line":226,"column":27},"end":{"line":226,"column":36}},{"start":{"line":226,"column":40},"end":{"line":226,"column":41}}],"line":226},"11":{"loc":{"start":{"line":238,"column":30},"end":{"line":238,"column":69}},"type":"binary-expr","locations":[{"start":{"line":238,"column":30},"end":{"line":238,"column":42}},{"start":{"line":238,"column":46},"end":{"line":238,"column":69}}],"line":238},"12":{"loc":{"start":{"line":239,"column":25},"end":{"line":239,"column":43}},"type":"binary-expr","locations":[{"start":{"line":239,"column":25},"end":{"line":239,"column":37}},{"start":{"line":239,"column":41},"end":{"line":239,"column":43}}],"line":239},"13":{"loc":{"start":{"line":245,"column":77},"end":{"line":245,"column":102}},"type":"binary-expr","locations":[{"start":{"line":245,"column":77},"end":{"line":245,"column":95}},{"start":{"line":245,"column":99},"end":{"line":245,"column":102}}],"line":245},"14":{"loc":{"start":{"line":254,"column":27},"end":{"line":254,"column":73}},"type":"binary-expr","locations":[{"start":{"line":254,"column":27},"end":{"line":254,"column":45}},{"start":{"line":254,"column":49},"end":{"line":254,"column":73}}],"line":254}},"s":{"0":6,"1":6,"2":6,"3":6,"4":6,"5":6,"6":6,"7":6,"8":6,"9":3,"10":3,"11":0,"12":0,"13":0,"14":0,"15":0,"16":0,"17":0,"18":0,"19":0,"20":0,"21":0,"22":6,"23":3,"24":3,"25":0,"26":0,"27":0,"28":0,"29":0,"30":0,"31":0,"32":0,"33":0,"34":0,"35":6,"36":3,"37":3,"38":0,"39":0,"40":0,"41":0,"42":0,"43":0,"44":0,"45":0,"46":0,"47":0,"48":0,"49":0},"f":{"0":3,"1":3,"2":3},"b":{"0":[0,0],"1":[0,0],"2":[0,0],"3":[0,0],"4":[0,0],"5":[0,0],"6":[0,0],"7":[0,0],"8":[0,0],"9":[0,0],"10":[0,0],"11":[0,0],"12":[0,0],"13":[0,0],"14":[0,0]},"_coverageSchema":"1a1c01bbd47fc00a2c39e90264f33305004495a9","hash":"ad6388c5ae70b7658b64a008a294ab81861da26e"}
,"C:\\Users\\Xakep\\Desktop\\investiga-mais\\backend\\src\\controllers\\webhookController.js": {"path":"C:\\Users\\Xakep\\Desktop\\investiga-mais\\backend\\src\\controllers\\webhookController.js","statementMap":{"0":{"start":{"line":1,"column":15},"end":{"line":1,"column":34}},"1":{"start":{"line":2,"column":25},"end":{"line":2,"column":50}},"2":{"start":{"line":3,"column":15},"end":{"line":3,"column":33}},"3":{"start":{"line":4,"column":15},"end":{"line":4,"column":32}},"4":{"start":{"line":5,"column":37},"end":{"line":5,"column":82}},"5":{"start":{"line":6,"column":24},"end":{"line":6,"column":52}},"6":{"start":{"line":8,"column":0},"end":{"line":84,"column":2}},"7":{"start":{"line":9,"column":2},"end":{"line":83,"column":3}},"8":{"start":{"line":10,"column":32},"end":{"line":10,"column":40}},"9":{"start":{"line":11,"column":18},"end":{"line":11,"column":48}},"10":{"start":{"line":12,"column":16},"end":{"line":12,"column":34}},"11":{"start":{"line":14,"column":4},"end":{"line":14,"column":83}},"12":{"start":{"line":16,"column":4},"end":{"line":18,"column":5}},"13":{"start":{"line":17,"column":6},"end":{"line":17,"column":81}},"14":{"start":{"line":20,"column":4},"end":{"line":22,"column":5}},"15":{"start":{"line":21,"column":6},"end":{"line":21,"column":81}},"16":{"start":{"line":24,"column":22},"end":{"line":28,"column":6}},"17":{"start":{"line":30,"column":4},"end":{"line":35,"column":5}},"18":{"start":{"line":31,"column":6},"end":{"line":34,"column":9}},"19":{"start":{"line":37,"column":24},"end":{"line":37,"column":61}},"20":{"start":{"line":38,"column":31},"end":{"line":38,"column":65}},"21":{"start":{"line":40,"column":4},"end":{"line":48,"column":6}},"22":{"start":{"line":50,"column":17},"end":{"line":72,"column":5}},"23":{"start":{"line":74,"column":4},"end":{"line":78,"column":5}},"24":{"start":{"line":75,"column":6},"end":{"line":75,"column":71}},"25":{"start":{"line":77,"column":6},"end":{"line":77,"column":96}},"26":{"start":{"line":80,"column":4},"end":{"line":80,"column":100}},"27":{"start":{"line":82,"column":4},"end":{"line":82,"column":14}}},"fnMap":{"0":{"name":"(anonymous_0)","decl":{"start":{"line":8,"column":29},"end":{"line":8,"column":30}},"loc":{"start":{"line":8,"column":55},"end":{"line":84,"column":1}},"line":8}},"branchMap":{"0":{"loc":{"start":{"line":16,"column":4},"end":{"line":18,"column":5}},"type":"if","locations":[{"start":{"line":16,"column":4},"end":{"line":18,"column":5}},{"start":{},"end":{}}],"line":16},"1":{"loc":{"start":{"line":16,"column":8},"end":{"line":16,"column":51}},"type":"binary-expr","locations":[{"start":{"line":16,"column":8},"end":{"line":16,"column":33}},{"start":{"line":16,"column":37},"end":{"line":16,"column":43}},{"start":{"line":16,"column":47},"end":{"line":16,"column":51}}],"line":16},"2":{"loc":{"start":{"line":20,"column":4},"end":{"line":22,"column":5}},"type":"if","locations":[{"start":{"line":20,"column":4},"end":{"line":22,"column":5}},{"start":{},"end":{}}],"line":20},"3":{"loc":{"start":{"line":20,"column":8},"end":{"line":20,"column":48}},"type":"binary-expr","locations":[{"start":{"line":20,"column":8},"end":{"line":20,"column":28}},{"start":{"line":20,"column":32},"end":{"line":20,"column":48}}],"line":20},"4":{"loc":{"start":{"line":30,"column":4},"end":{"line":35,"column":5}},"type":"if","locations":[{"start":{"line":30,"column":4},"end":{"line":35,"column":5}},{"start":{},"end":{}}],"line":30},"5":{"loc":{"start":{"line":45,"column":14},"end":{"line":45,"column":41}},"type":"binary-expr","locations":[{"start":{"line":45,"column":14},"end":{"line":45,"column":28}},{"start":{"line":45,"column":32},"end":{"line":45,"column":41}}],"line":45},"6":{"loc":{"start":{"line":46,"column":18},"end":{"line":46,"column":53}},"type":"binary-expr","locations":[{"start":{"line":46,"column":18},"end":{"line":46,"column":40}},{"start":{"line":46,"column":44},"end":{"line":46,"column":53}}],"line":46},"7":{"loc":{"start":{"line":74,"column":4},"end":{"line":78,"column":5}},"type":"if","locations":[{"start":{"line":74,"column":4},"end":{"line":78,"column":5}},{"start":{"line":76,"column":11},"end":{"line":78,"column":5}}],"line":74}},"s":{"0":5,"1":5,"2":5,"3":5,"4":5,"5":5,"6":5,"7":7,"8":7,"9":7,"10":7,"11":7,"12":7,"13":2,"14":5,"15":1,"16":4,"17":3,"18":1,"19":2,"20":2,"21":2,"22":2,"23":2,"24":1,"25":1,"26":2,"27":1},"f":{"0":7},"b":{"0":[2,5],"1":[7,6,5],"2":[1,4],"3":[5,4],"4":[1,2],"5":[2,2],"6":[2,2],"7":[1,1]},"_coverageSchema":"1a1c01bbd47fc00a2c39e90264f33305004495a9","hash":"839935d053e694f6bf78018a9a848d8e8e3e0391"}
,"C:\\Users\\Xakep\\Desktop\\investiga-mais\\backend\\src\\middleware\\auth.js": {"path":"C:\\Users\\Xakep\\Desktop\\investiga-mais\\backend\\src\\middleware\\auth.js","statementMap":{"0":{"start":{"line":1,"column":12},"end":{"line":1,"column":35}},"1":{"start":{"line":2,"column":22},"end":{"line":2,"column":67}},"2":{"start":{"line":4,"column":19},"end":{"line":4,"column":64}},"3":{"start":{"line":7,"column":16},"end":{"line":7,"column":34}},"4":{"start":{"line":9,"column":2},"end":{"line":12,"column":3}},"5":{"start":{"line":10,"column":4},"end":{"line":10,"column":53}},"6":{"start":{"line":11,"column":4},"end":{"line":11,"column":53}},"7":{"start":{"line":14,"column":2},"end":{"line":37,"column":3}},"8":{"start":{"line":15,"column":20},"end":{"line":15,"column":49}},"9":{"start":{"line":18,"column":4},"end":{"line":21,"column":5}},"10":{"start":{"line":19,"column":6},"end":{"line":19,"column":78}},"11":{"start":{"line":20,"column":6},"end":{"line":20,"column":77}},"12":{"start":{"line":24,"column":4},"end":{"line":30,"column":5}},"13":{"start":{"line":32,"column":4},"end":{"line":32,"column":100}},"14":{"start":{"line":33,"column":4},"end":{"line":33,"column":10}},"15":{"start":{"line":35,"column":4},"end":{"line":35,"column":63}},"16":{"start":{"line":36,"column":4},"end":{"line":36,"column":48}},"17":{"start":{"line":40,"column":0},"end":{"line":40,"column":28}}},"fnMap":{"0":{"name":"verifyToken","decl":{"start":{"line":6,"column":9},"end":{"line":6,"column":20}},"loc":{"start":{"line":6,"column":37},"end":{"line":38,"column":1}},"line":6}},"branchMap":{"0":{"loc":{"start":{"line":4,"column":19},"end":{"line":4,"column":64}},"type":"binary-expr","locations":[{"start":{"line":4,"column":19},"end":{"line":4,"column":41}},{"start":{"line":4,"column":45},"end":{"line":4,"column":64}}],"line":4},"1":{"loc":{"start":{"line":9,"column":2},"end":{"line":12,"column":3}},"type":"if","locations":[{"start":{"line":9,"column":2},"end":{"line":12,"column":3}},{"start":{},"end":{}}],"line":9},"2":{"loc":{"start":{"line":18,"column":4},"end":{"line":21,"column":5}},"type":"if","locations":[{"start":{"line":18,"column":4},"end":{"line":21,"column":5}},{"start":{},"end":{}}],"line":18},"3":{"loc":{"start":{"line":26,"column":11},"end":{"line":26,"column":30}},"type":"binary-expr","locations":[{"start":{"line":26,"column":11},"end":{"line":26,"column":22}},{"start":{"line":26,"column":26},"end":{"line":26,"column":30}}],"line":26},"4":{"loc":{"start":{"line":27,"column":13},"end":{"line":27,"column":34}},"type":"binary-expr","locations":[{"start":{"line":27,"column":13},"end":{"line":27,"column":26}},{"start":{"line":27,"column":30},"end":{"line":27,"column":34}}],"line":27},"5":{"loc":{"start":{"line":28,"column":12},"end":{"line":28,"column":32}},"type":"binary-expr","locations":[{"start":{"line":28,"column":12},"end":{"line":28,"column":24}},{"start":{"line":28,"column":28},"end":{"line":28,"column":32}}],"line":28},"6":{"loc":{"start":{"line":29,"column":12},"end":{"line":29,"column":37}},"type":"binary-expr","locations":[{"start":{"line":29,"column":12},"end":{"line":29,"column":24}},{"start":{"line":29,"column":28},"end":{"line":29,"column":37}}],"line":29}},"s":{"0":4,"1":4,"2":4,"3":3,"4":3,"5":1,"6":1,"7":2,"8":2,"9":1,"10":0,"11":0,"12":1,"13":1,"14":1,"15":1,"16":1,"17":4},"f":{"0":3},"b":{"0":[4,1],"1":[1,2],"2":[0,1],"3":[1,1],"4":[1,0],"5":[1,1],"6":[1,1]},"_coverageSchema":"1a1c01bbd47fc00a2c39e90264f33305004495a9","hash":"b25134f8f9739fbc4f1aa59bf823ac0ba37ee38e"}
,"C:\\Users\\Xakep\\Desktop\\investiga-mais\\backend\\src\\middleware\\errorHandler.js": {"path":"C:\\Users\\Xakep\\Desktop\\investiga-mais\\backend\\src\\middleware\\errorHandler.js","statementMap":{"0":{"start":{"line":1,"column":22},"end":{"line":1,"column":67}},"1":{"start":{"line":3,"column":0},"end":{"line":9,"column":1}},"2":{"start":{"line":4,"column":2},"end":{"line":4,"column":77}},"3":{"start":{"line":6,"column":18},"end":{"line":6,"column":59}},"4":{"start":{"line":8,"column":2},"end":{"line":8,"column":37}}},"fnMap":{"0":{"name":"(anonymous_0)","decl":{"start":{"line":3,"column":17},"end":{"line":3,"column":18}},"loc":{"start":{"line":3,"column":42},"end":{"line":9,"column":1}},"line":3}},"branchMap":{"0":{"loc":{"start":{"line":4,"column":16},"end":{"line":4,"column":76}},"type":"cond-expr","locations":[{"start":{"line":4,"column":56},"end":{"line":4,"column":70}},{"start":{"line":4,"column":73},"end":{"line":4,"column":76}}],"line":4},"1":{"loc":{"start":{"line":6,"column":18},"end":{"line":6,"column":59}},"type":"binary-expr","locations":[{"start":{"line":6,"column":18},"end":{"line":6,"column":29}},{"start":{"line":6,"column":33},"end":{"line":6,"column":59}}],"line":6}},"s":{"0":5,"1":5,"2":1,"3":1,"4":1},"f":{"0":1},"b":{"0":[0,1],"1":[1,0]},"_coverageSchema":"1a1c01bbd47fc00a2c39e90264f33305004495a9","hash":"a4be427f522801cfb41cd5edf8385000f37d8477"}
,"C:\\Users\\Xakep\\Desktop\\investiga-mais\\backend\\src\\middleware\\index.js": {"path":"C:\\Users\\Xakep\\Desktop\\investiga-mais\\backend\\src\\middleware\\index.js","statementMap":{"0":{"start":{"line":1,"column":20},"end":{"line":1,"column":37}},"1":{"start":{"line":2,"column":21},"end":{"line":2,"column":46}},"2":{"start":{"line":3,"column":22},"end":{"line":3,"column":48}},"3":{"start":{"line":4,"column":21},"end":{"line":4,"column":45}},"4":{"start":{"line":5,"column":15},"end":{"line":5,"column":34}},"5":{"start":{"line":7,"column":0},"end":{"line":13,"column":1}}},"fnMap":{},"branchMap":{},"s":{"0":5,"1":5,"2":5,"3":5,"4":5,"5":5},"f":{},"b":{},"_coverageSchema":"1a1c01bbd47fc00a2c39e90264f33305004495a9","hash":"f218ff671d2fd376ba1f1460fa34f75101769daa"}
,"C:\\Users\\Xakep\\Desktop\\investiga-mais\\backend\\src\\middleware\\limiterPerfil.js": {"path":"C:\\Users\\Xakep\\Desktop\\investiga-mais\\backend\\src\\middleware\\limiterPerfil.js","statementMap":{"0":{"start":{"line":1,"column":22},"end":{"line":1,"column":67}},"1":{"start":{"line":3,"column":18},"end":{"line":3,"column":20}},"2":{"start":{"line":5,"column":0},"end":{"line":20,"column":1}},"3":{"start":{"line":6,"column":20},"end":{"line":6,"column":39}},"4":{"start":{"line":7,"column":2},"end":{"line":7,"column":31}},"5":{"start":{"line":7,"column":18},"end":{"line":7,"column":31}},"6":{"start":{"line":9,"column":14},"end":{"line":9,"column":24}},"7":{"start":{"line":10,"column":19},"end":{"line":10,"column":44}},"8":{"start":{"line":12,"column":18},"end":{"line":12,"column":22}},"9":{"start":{"line":14,"column":2},"end":{"line":16,"column":3}},"10":{"start":{"line":15,"column":4},"end":{"line":15,"column":67}},"11":{"start":{"line":18,"column":2},"end":{"line":18,"column":28}},"12":{"start":{"line":19,"column":2},"end":{"line":19,"column":8}}},"fnMap":{"0":{"name":"(anonymous_0)","decl":{"start":{"line":5,"column":17},"end":{"line":5,"column":18}},"loc":{"start":{"line":5,"column":37},"end":{"line":20,"column":1}},"line":5}},"branchMap":{"0":{"loc":{"start":{"line":7,"column":2},"end":{"line":7,"column":31}},"type":"if","locations":[{"start":{"line":7,"column":2},"end":{"line":7,"column":31}},{"start":{},"end":{}}],"line":7},"1":{"loc":{"start":{"line":10,"column":19},"end":{"line":10,"column":44}},"type":"binary-expr","locations":[{"start":{"line":10,"column":19},"end":{"line":10,"column":39}},{"start":{"line":10,"column":43},"end":{"line":10,"column":44}}],"line":10},"2":{"loc":{"start":{"line":14,"column":2},"end":{"line":16,"column":3}},"type":"if","locations":[{"start":{"line":14,"column":2},"end":{"line":16,"column":3}},{"start":{},"end":{}}],"line":14}},"s":{"0":4,"1":4,"2":4,"3":0,"4":0,"5":0,"6":0,"7":0,"8":0,"9":0,"10":0,"11":0,"12":0},"f":{"0":0},"b":{"0":[0,0],"1":[0,0],"2":[0,0]},"_coverageSchema":"1a1c01bbd47fc00a2c39e90264f33305004495a9","hash":"5df0ec62296cb7f4283fa18c067df2e7531c82ca"}
,"C:\\Users\\Xakep\\Desktop\\investiga-mais\\backend\\src\\middleware\\logger.js": {"path":"C:\\Users\\Xakep\\Desktop\\investiga-mais\\backend\\src\\middleware\\logger.js","statementMap":{"0":{"start":{"line":1,"column":0},"end":{"line":12,"column":1}},"1":{"start":{"line":2,"column":16},"end":{"line":2,"column":26}},"2":{"start":{"line":4,"column":2},"end":{"line":9,"column":4}},"3":{"start":{"line":5,"column":23},"end":{"line":5,"column":41}},"4":{"start":{"line":6,"column":22},"end":{"line":6,"column":46}},"5":{"start":{"line":8,"column":4},"end":{"line":8,"column":103}},"6":{"start":{"line":11,"column":2},"end":{"line":11,"column":8}}},"fnMap":{"0":{"name":"(anonymous_0)","decl":{"start":{"line":1,"column":17},"end":{"line":1,"column":18}},"loc":{"start":{"line":1,"column":37},"end":{"line":12,"column":1}},"line":1},"1":{"name":"(anonymous_1)","decl":{"start":{"line":4,"column":19},"end":{"line":4,"column":20}},"loc":{"start":{"line":4,"column":25},"end":{"line":9,"column":3}},"line":4}},"branchMap":{},"s":{"0":5,"1":43,"2":43,"3":43,"4":43,"5":43,"6":43},"f":{"0":43,"1":43},"b":{},"_coverageSchema":"1a1c01bbd47fc00a2c39e90264f33305004495a9","hash":"1288b61c3e4c7af7b2db114e3e1fdad33370302d"}
,"C:\\Users\\Xakep\\Desktop\\investiga-mais\\backend\\src\\middleware\\rateLimiter.js": {"path":"C:\\Users\\Xakep\\Desktop\\investiga-mais\\backend\\src\\middleware\\rateLimiter.js","statementMap":{"0":{"start":{"line":1,"column":18},"end":{"line":1,"column":47}},"1":{"start":{"line":2,"column":22},"end":{"line":2,"column":67}},"2":{"start":{"line":4,"column":21},"end":{"line":10,"column":2}},"3":{"start":{"line":8,"column":4},"end":{"line":8,"column":73}},"4":{"start":{"line":12,"column":0},"end":{"line":12,"column":29}}},"fnMap":{"0":{"name":"(anonymous_0)","decl":{"start":{"line":7,"column":11},"end":{"line":7,"column":12}},"loc":{"start":{"line":7,"column":25},"end":{"line":9,"column":3}},"line":7}},"branchMap":{},"s":{"0":5,"1":5,"2":5,"3":0,"4":5},"f":{"0":0},"b":{},"_coverageSchema":"1a1c01bbd47fc00a2c39e90264f33305004495a9","hash":"d713f3839285b2842d04d9f7781b8fb8fa70d2ce"}
,"C:\\Users\\Xakep\\Desktop\\investiga-mais\\backend\\src\\middleware\\somenteRoles.js": {"path":"C:\\Users\\Xakep\\Desktop\\investiga-mais\\backend\\src\\middleware\\somenteRoles.js","statementMap":{"0":{"start":{"line":1,"column":22},"end":{"line":1,"column":67}},"1":{"start":{"line":4,"column":2},"end":{"line":15,"column":3}},"2":{"start":{"line":5,"column":24},"end":{"line":5,"column":38}},"3":{"start":{"line":6,"column":22},"end":{"line":6,"column":57}},"4":{"start":{"line":8,"column":4},"end":{"line":11,"column":5}},"5":{"start":{"line":9,"column":6},"end":{"line":9,"column":147}},"6":{"start":{"line":10,"column":6},"end":{"line":10,"column":76}},"7":{"start":{"line":13,"column":4},"end":{"line":13,"column":101}},"8":{"start":{"line":14,"column":4},"end":{"line":14,"column":10}},"9":{"start":{"line":18,"column":0},"end":{"line":18,"column":29}}},"fnMap":{"0":{"name":"somenteRoles","decl":{"start":{"line":3,"column":9},"end":{"line":3,"column":21}},"loc":{"start":{"line":3,"column":44},"end":{"line":16,"column":1}},"line":3},"1":{"name":"(anonymous_1)","decl":{"start":{"line":4,"column":9},"end":{"line":4,"column":10}},"loc":{"start":{"line":4,"column":29},"end":{"line":15,"column":3}},"line":4}},"branchMap":{"0":{"loc":{"start":{"line":3,"column":22},"end":{"line":3,"column":42}},"type":"default-arg","locations":[{"start":{"line":3,"column":40},"end":{"line":3,"column":42}}],"line":3},"1":{"loc":{"start":{"line":6,"column":22},"end":{"line":6,"column":57}},"type":"binary-expr","locations":[{"start":{"line":6,"column":22},"end":{"line":6,"column":41}},{"start":{"line":6,"column":45},"end":{"line":6,"column":57}}],"line":6},"2":{"loc":{"start":{"line":8,"column":4},"end":{"line":11,"column":5}},"type":"if","locations":[{"start":{"line":8,"column":4},"end":{"line":11,"column":5}},{"start":{},"end":{}}],"line":8}},"s":{"0":5,"1":25,"2":25,"3":25,"4":25,"5":25,"6":25,"7":0,"8":0,"9":5},"f":{"0":25,"1":25},"b":{"0":[0],"1":[25,17],"2":[25,0]},"_coverageSchema":"1a1c01bbd47fc00a2c39e90264f33305004495a9","hash":"cc5fc425e75d748c0ce8336a6f375f2584c5b1d8"}
,"C:\\Users\\Xakep\\Desktop\\investiga-mais\\backend\\src\\routes\\adminRoutes.js": {"path":"C:\\Users\\Xakep\\Desktop\\investiga-mais\\backend\\src\\routes\\adminRoutes.js","statementMap":{"0":{"start":{"line":1,"column":16},"end":{"line":1,"column":34}},"1":{"start":{"line":2,"column":15},"end":{"line":2,"column":31}},"2":{"start":{"line":4,"column":20},"end":{"line":4,"column":49}},"3":{"start":{"line":5,"column":21},"end":{"line":5,"column":58}},"4":{"start":{"line":6,"column":14},"end":{"line":6,"column":39}},"5":{"start":{"line":8,"column":24},"end":{"line":8,"column":65}},"6":{"start":{"line":11,"column":0},"end":{"line":14,"column":2}},"7":{"start":{"line":12,"column":2},"end":{"line":12,"column":81}},"8":{"start":{"line":13,"column":2},"end":{"line":13,"column":8}},"9":{"start":{"line":17,"column":0},"end":{"line":17,"column":23}},"10":{"start":{"line":18,"column":0},"end":{"line":18,"column":39}},"11":{"start":{"line":21,"column":0},"end":{"line":21,"column":65}},"12":{"start":{"line":23,"column":0},"end":{"line":23,"column":23}}},"fnMap":{"0":{"name":"(anonymous_0)","decl":{"start":{"line":11,"column":11},"end":{"line":11,"column":12}},"loc":{"start":{"line":11,"column":31},"end":{"line":14,"column":1}},"line":11}},"branchMap":{},"s":{"0":5,"1":5,"2":5,"3":5,"4":5,"5":5,"6":5,"7":0,"8":0,"9":5,"10":5,"11":5,"12":5},"f":{"0":0},"b":{},"_coverageSchema":"1a1c01bbd47fc00a2c39e90264f33305004495a9","hash":"7d0066c79b2acb3fb7f308637a336a174e3cfc60"}
,"C:\\Users\\Xakep\\Desktop\\investiga-mais\\backend\\src\\routes\\authRoutes.js": {"path":"C:\\Users\\Xakep\\Desktop\\investiga-mais\\backend\\src\\routes\\authRoutes.js","statementMap":{"0":{"start":{"line":1,"column":16},"end":{"line":1,"column":34}},"1":{"start":{"line":2,"column":15},"end":{"line":2,"column":31}},"2":{"start":{"line":4,"column":20},"end":{"line":4,"column":49}},"3":{"start":{"line":5,"column":23},"end":{"line":5,"column":63}},"4":{"start":{"line":6,"column":30},"end":{"line":6,"column":77}},"5":{"start":{"line":9,"column":0},"end":{"line":14,"column":2}},"6":{"start":{"line":10,"column":2},"end":{"line":13,"column":4}},"7":{"start":{"line":17,"column":0},"end":{"line":17,"column":43}},"8":{"start":{"line":20,"column":0},"end":{"line":20,"column":44}},"9":{"start":{"line":23,"column":0},"end":{"line":23,"column":63}},"10":{"start":{"line":24,"column":0},"end":{"line":24,"column":65}},"11":{"start":{"line":26,"column":0},"end":{"line":26,"column":23}}},"fnMap":{"0":{"name":"(anonymous_0)","decl":{"start":{"line":9,"column":35},"end":{"line":9,"column":36}},"loc":{"start":{"line":9,"column":49},"end":{"line":14,"column":1}},"line":9}},"branchMap":{},"s":{"0":5,"1":5,"2":5,"3":5,"4":5,"5":5,"6":0,"7":5,"8":5,"9":5,"10":5,"11":5},"f":{"0":0},"b":{},"_coverageSchema":"1a1c01bbd47fc00a2c39e90264f33305004495a9","hash":"39dbc8197739061098f522834b29261ee4ecbd8f"}
,"C:\\Users\\Xakep\\Desktop\\investiga-mais\\backend\\src\\routes\\cnpj.js": {"path":"C:\\Users\\Xakep\\Desktop\\investiga-mais\\backend\\src\\routes\\cnpj.js","statementMap":{"0":{"start":{"line":1,"column":16},"end":{"line":1,"column":34}},"1":{"start":{"line":2,"column":14},"end":{"line":2,"column":30}},"2":{"start":{"line":3,"column":15},"end":{"line":3,"column":31}},"3":{"start":{"line":5,"column":20},"end":{"line":5,"column":49}},"4":{"start":{"line":6,"column":21},"end":{"line":6,"column":58}},"5":{"start":{"line":7,"column":14},"end":{"line":7,"column":39}},"6":{"start":{"line":9,"column":25},"end":{"line":9,"column":50}},"7":{"start":{"line":10,"column":15},"end":{"line":10,"column":33}},"8":{"start":{"line":12,"column":21},"end":{"line":12,"column":44}},"9":{"start":{"line":13,"column":21},"end":{"line":13,"column":51}},"10":{"start":{"line":16,"column":0},"end":{"line":16,"column":23}},"11":{"start":{"line":17,"column":0},"end":{"line":17,"column":42}},"12":{"start":{"line":19,"column":0},"end":{"line":65,"column":2}},"13":{"start":{"line":20,"column":19},"end":{"line":20,"column":29}},"14":{"start":{"line":21,"column":2},"end":{"line":64,"column":3}},"15":{"start":{"line":22,"column":18},"end":{"line":22,"column":72}},"16":{"start":{"line":23,"column":18},"end":{"line":23,"column":28}},"17":{"start":{"line":24,"column":21},"end":{"line":24,"column":97}},"18":{"start":{"line":26,"column":4},"end":{"line":28,"column":5}},"19":{"start":{"line":27,"column":6},"end":{"line":27,"column":77}},"20":{"start":{"line":30,"column":15},"end":{"line":30,"column":19}},"21":{"start":{"line":31,"column":17},"end":{"line":31,"column":19}},"22":{"start":{"line":33,"column":4},"end":{"line":41,"column":5}},"23":{"start":{"line":34,"column":23},"end":{"line":34,"column":82}},"24":{"start":{"line":35,"column":6},"end":{"line":35,"column":26}},"25":{"start":{"line":36,"column":6},"end":{"line":36,"column":30}},"26":{"start":{"line":38,"column":26},"end":{"line":38,"column":68}},"27":{"start":{"line":39,"column":6},"end":{"line":39,"column":29}},"28":{"start":{"line":40,"column":6},"end":{"line":40,"column":29}},"29":{"start":{"line":43,"column":4},"end":{"line":58,"column":5}},"30":{"start":{"line":44,"column":6},"end":{"line":50,"column":8}},"31":{"start":{"line":52,"column":6},"end":{"line":57,"column":8}},"32":{"start":{"line":60,"column":4},"end":{"line":60,"column":59}},"33":{"start":{"line":63,"column":4},"end":{"line":63,"column":91}},"34":{"start":{"line":67,"column":0},"end":{"line":67,"column":23}}},"fnMap":{"0":{"name":"(anonymous_0)","decl":{"start":{"line":19,"column":21},"end":{"line":19,"column":22}},"loc":{"start":{"line":19,"column":41},"end":{"line":65,"column":1}},"line":19}},"branchMap":{"0":{"loc":{"start":{"line":24,"column":21},"end":{"line":24,"column":97}},"type":"binary-expr","locations":[{"start":{"line":24,"column":21},"end":{"line":24,"column":26}},{"start":{"line":24,"column":30},"end":{"line":24,"column":97}}],"line":24},"1":{"loc":{"start":{"line":26,"column":4},"end":{"line":28,"column":5}},"type":"if","locations":[{"start":{"line":26,"column":4},"end":{"line":28,"column":5}},{"start":{},"end":{}}],"line":26},"2":{"loc":{"start":{"line":26,"column":8},"end":{"line":26,"column":26}},"type":"binary-expr","locations":[{"start":{"line":26,"column":8},"end":{"line":26,"column":13}},{"start":{"line":26,"column":17},"end":{"line":26,"column":26}}],"line":26},"3":{"loc":{"start":{"line":43,"column":4},"end":{"line":58,"column":5}},"type":"if","locations":[{"start":{"line":43,"column":4},"end":{"line":58,"column":5}},{"start":{"line":51,"column":11},"end":{"line":58,"column":5}}],"line":43}},"s":{"0":5,"1":5,"2":5,"3":5,"4":5,"5":5,"6":5,"7":5,"8":5,"9":5,"10":5,"11":5,"12":5,"13":0,"14":0,"15":0,"16":0,"17":0,"18":0,"19":0,"20":0,"21":0,"22":0,"23":0,"24":0,"25":0,"26":0,"27":0,"28":0,"29":0,"30":0,"31":0,"32":0,"33":0,"34":5},"f":{"0":0},"b":{"0":[0,0],"1":[0,0],"2":[0,0],"3":[0,0]},"_coverageSchema":"1a1c01bbd47fc00a2c39e90264f33305004495a9","hash":"75721c3dcab66903e42efba7b92714b5a2b10cd9"}
,"C:\\Users\\Xakep\\Desktop\\investiga-mais\\backend\\src\\routes\\consultaRoutes.js": {"path":"C:\\Users\\Xakep\\Desktop\\investiga-mais\\backend\\src\\routes\\consultaRoutes.js","statementMap":{"0":{"start":{"line":1,"column":16},"end":{"line":1,"column":34}},"1":{"start":{"line":2,"column":15},"end":{"line":2,"column":31}},"2":{"start":{"line":4,"column":20},"end":{"line":4,"column":49}},"3":{"start":{"line":5,"column":21},"end":{"line":5,"column":58}},"4":{"start":{"line":6,"column":14},"end":{"line":6,"column":39}},"5":{"start":{"line":8,"column":27},"end":{"line":8,"column":71}},"6":{"start":{"line":11,"column":0},"end":{"line":11,"column":23}},"7":{"start":{"line":12,"column":0},"end":{"line":12,"column":41}},"8":{"start":{"line":14,"column":0},"end":{"line":14,"column":54}},"9":{"start":{"line":15,"column":0},"end":{"line":15,"column":51}},"10":{"start":{"line":17,"column":0},"end":{"line":17,"column":23}}},"fnMap":{},"branchMap":{},"s":{"0":5,"1":5,"2":5,"3":5,"4":5,"5":5,"6":5,"7":5,"8":5,"9":5,"10":5},"f":{},"b":{},"_coverageSchema":"1a1c01bbd47fc00a2c39e90264f33305004495a9","hash":"e797a5d7f4db549dfd173cf78ae599cefe827244"}
,"C:\\Users\\Xakep\\Desktop\\investiga-mais\\backend\\src\\routes\\perfilRoutes.js": {"path":"C:\\Users\\Xakep\\Desktop\\investiga-mais\\backend\\src\\routes\\perfilRoutes.js","statementMap":{"0":{"start":{"line":1,"column":16},"end":{"line":1,"column":34}},"1":{"start":{"line":2,"column":15},"end":{"line":2,"column":31}},"2":{"start":{"line":4,"column":20},"end":{"line":4,"column":49}},"3":{"start":{"line":5,"column":21},"end":{"line":5,"column":58}},"4":{"start":{"line":6,"column":14},"end":{"line":6,"column":39}},"5":{"start":{"line":8,"column":22},"end":{"line":8,"column":60}},"6":{"start":{"line":9,"column":25},"end":{"line":9,"column":67}},"7":{"start":{"line":12,"column":0},"end":{"line":15,"column":2}},"8":{"start":{"line":13,"column":2},"end":{"line":13,"column":82}},"9":{"start":{"line":14,"column":2},"end":{"line":14,"column":8}},"10":{"start":{"line":18,"column":0},"end":{"line":18,"column":23}},"11":{"start":{"line":19,"column":0},"end":{"line":19,"column":41}},"12":{"start":{"line":21,"column":0},"end":{"line":21,"column":45}},"13":{"start":{"line":22,"column":0},"end":{"line":22,"column":65}},"14":{"start":{"line":24,"column":0},"end":{"line":24,"column":23}}},"fnMap":{"0":{"name":"(anonymous_0)","decl":{"start":{"line":12,"column":11},"end":{"line":12,"column":12}},"loc":{"start":{"line":12,"column":31},"end":{"line":15,"column":1}},"line":12}},"branchMap":{},"s":{"0":5,"1":5,"2":5,"3":5,"4":5,"5":5,"6":5,"7":5,"8":8,"9":8,"10":5,"11":5,"12":5,"13":5,"14":5},"f":{"0":8},"b":{},"_coverageSchema":"1a1c01bbd47fc00a2c39e90264f33305004495a9","hash":"b910fed4a63bdbcafc16567d768976afc191d4e1"}
,"C:\\Users\\Xakep\\Desktop\\investiga-mais\\backend\\src\\routes\\segurancaRoutes.js": {"path":"C:\\Users\\Xakep\\Desktop\\investiga-mais\\backend\\src\\routes\\segurancaRoutes.js","statementMap":{"0":{"start":{"line":1,"column":16},"end":{"line":1,"column":34}},"1":{"start":{"line":2,"column":15},"end":{"line":2,"column":31}},"2":{"start":{"line":4,"column":20},"end":{"line":4,"column":49}},"3":{"start":{"line":5,"column":21},"end":{"line":5,"column":58}},"4":{"start":{"line":6,"column":14},"end":{"line":6,"column":39}},"5":{"start":{"line":8,"column":28},"end":{"line":8,"column":73}},"6":{"start":{"line":11,"column":0},"end":{"line":14,"column":2}},"7":{"start":{"line":12,"column":2},"end":{"line":12,"column":129}},"8":{"start":{"line":13,"column":2},"end":{"line":13,"column":8}},"9":{"start":{"line":17,"column":0},"end":{"line":17,"column":23}},"10":{"start":{"line":18,"column":0},"end":{"line":18,"column":41}},"11":{"start":{"line":20,"column":0},"end":{"line":20,"column":52}},"12":{"start":{"line":21,"column":0},"end":{"line":21,"column":67}},"13":{"start":{"line":22,"column":0},"end":{"line":22,"column":67}},"14":{"start":{"line":24,"column":0},"end":{"line":24,"column":23}}},"fnMap":{"0":{"name":"(anonymous_0)","decl":{"start":{"line":11,"column":11},"end":{"line":11,"column":12}},"loc":{"start":{"line":11,"column":31},"end":{"line":14,"column":1}},"line":11}},"branchMap":{},"s":{"0":5,"1":5,"2":5,"3":5,"4":5,"5":5,"6":5,"7":0,"8":0,"9":5,"10":5,"11":5,"12":5,"13":5,"14":5},"f":{"0":0},"b":{},"_coverageSchema":"1a1c01bbd47fc00a2c39e90264f33305004495a9","hash":"fde586b5ad88f5ab03689073370f29da72e89c35"}
,"C:\\Users\\Xakep\\Desktop\\investiga-mais\\backend\\src\\routes\\webhookRoutes.js": {"path":"C:\\Users\\Xakep\\Desktop\\investiga-mais\\backend\\src\\routes\\webhookRoutes.js","statementMap":{"0":{"start":{"line":1,"column":16},"end":{"line":1,"column":34}},"1":{"start":{"line":2,"column":15},"end":{"line":2,"column":31}},"2":{"start":{"line":3,"column":31},"end":{"line":3,"column":74}},"3":{"start":{"line":6,"column":0},"end":{"line":6,"column":53}},"4":{"start":{"line":8,"column":0},"end":{"line":8,"column":23}}},"fnMap":{},"branchMap":{},"s":{"0":5,"1":5,"2":5,"3":5,"4":5},"f":{},"b":{},"_coverageSchema":"1a1c01bbd47fc00a2c39e90264f33305004495a9","hash":"2fb440bbb038d14235c53c249cbefd234b06c2c8"}
,"C:\\Users\\Xakep\\Desktop\\investiga-mais\\backend\\src\\services\\email.js": {"path":"C:\\Users\\Xakep\\Desktop\\investiga-mais\\backend\\src\\services\\email.js","statementMap":{"0":{"start":{"line":1,"column":19},"end":{"line":1,"column":36}},"1":{"start":{"line":4,"column":17},"end":{"line":4,"column":55}},"2":{"start":{"line":5,"column":2},"end":{"line":22,"column":3}},"3":{"start":{"line":6,"column":28},"end":{"line":11,"column":6}},"4":{"start":{"line":13,"column":4},"end":{"line":16,"column":5}},"5":{"start":{"line":14,"column":6},"end":{"line":14,"column":52}},"6":{"start":{"line":15,"column":6},"end":{"line":15,"column":53}},"7":{"start":{"line":18,"column":4},"end":{"line":18,"column":43}},"8":{"start":{"line":20,"column":4},"end":{"line":20,"column":57}},"9":{"start":{"line":21,"column":4},"end":{"line":21,"column":55}},"10":{"start":{"line":25,"column":0},"end":{"line":25,"column":33}}},"fnMap":{"0":{"name":"enviarEmail","decl":{"start":{"line":3,"column":15},"end":{"line":3,"column":26}},"loc":{"start":{"line":3,"column":54},"end":{"line":23,"column":1}},"line":3}},"branchMap":{"0":{"loc":{"start":{"line":13,"column":4},"end":{"line":16,"column":5}},"type":"if","locations":[{"start":{"line":13,"column":4},"end":{"line":16,"column":5}},{"start":{},"end":{}}],"line":13}},"s":{"0":4,"1":1,"2":1,"3":1,"4":0,"5":0,"6":0,"7":0,"8":1,"9":1,"10":4},"f":{"0":1},"b":{"0":[0,0]},"_coverageSchema":"1a1c01bbd47fc00a2c39e90264f33305004495a9","hash":"0bc2213173463fddf6a7dfba6b671f3ae7e1c8ed"}
,"C:\\Users\\Xakep\\Desktop\\investiga-mais\\backend\\src\\utils\\roles.js": {"path":"C:\\Users\\Xakep\\Desktop\\investiga-mais\\backend\\src\\utils\\roles.js","statementMap":{"0":{"start":{"line":1,"column":14},"end":{"line":5,"column":1}},"1":{"start":{"line":7,"column":0},"end":{"line":7,"column":22}}},"fnMap":{},"branchMap":{},"s":{"0":5,"1":5},"f":{},"b":{},"_coverageSchema":"1a1c01bbd47fc00a2c39e90264f33305004495a9","hash":"c3ebf2d7d33584f2e0677b6754b13b472b9670a7"}
}
