TN:
SF:src\app.js
FN:37,(anonymous_0)
FN:57,(anonymous_1)
FNF:2
FNH:0
FNDA:0,(anonymous_0)
FNDA:0,(anonymous_1)
DA:1,5
DA:2,5
DA:3,5
DA:4,5
DA:6,5
DA:8,5
DA:11,5
DA:16,5
DA:24,5
DA:28,5
DA:29,5
DA:30,5
DA:31,5
DA:32,5
DA:33,5
DA:34,5
DA:37,5
DA:38,0
DA:41,5
DA:44,5
DA:45,5
DA:46,5
DA:47,5
DA:50,5
DA:51,5
DA:52,5
DA:53,5
DA:56,5
DA:57,5
DA:58,0
DA:62,5
DA:64,5
LF:32
LH:30
BRF:0
BRH:0
end_of_record
TN:
SF:src\controllers\adminController.js
FN:9,(anonymous_0)
FNF:1
FNH:0
FNDA:0,(anonymous_0)
DA:1,5
DA:2,5
DA:3,5
DA:4,5
DA:5,5
DA:6,5
DA:7,5
DA:9,5
DA:10,0
DA:11,0
DA:13,0
DA:14,0
DA:17,0
DA:19,0
DA:20,0
DA:23,0
DA:29,0
DA:30,0
DA:36,0
DA:37,0
DA:39,0
DA:49,0
DA:73,0
DA:74,0
DA:76,0
DA:79,0
DA:84,0
DA:85,0
LF:28
LH:8
BRDA:13,0,0,0
BRDA:13,0,1,0
BRDA:13,1,0,0
BRDA:13,1,1,0
BRDA:19,2,0,0
BRDA:19,2,1,0
BRDA:19,3,0,0
BRDA:19,3,1,0
BRDA:29,4,0,0
BRDA:29,4,1,0
BRDA:44,5,0,0
BRDA:44,5,1,0
BRDA:45,6,0,0
BRDA:45,6,1,0
BRDA:73,7,0,0
BRDA:73,7,1,0
BRF:16
BRH:0
end_of_record
TN:
SF:src\controllers\authController.js
FN:10,(anonymous_0)
FN:63,(anonymous_1)
FNF:2
FNH:2
FNDA:4,(anonymous_0)
FNDA:1,(anonymous_1)
DA:1,5
DA:2,5
DA:3,5
DA:4,5
DA:5,5
DA:6,5
DA:8,5
DA:10,5
DA:11,4
DA:13,4
DA:14,1
DA:17,3
DA:18,1
DA:21,2
DA:23,2
DA:24,2
DA:26,2
DA:27,1
DA:30,1
DA:43,1
DA:50,1
DA:58,0
DA:59,0
DA:63,5
DA:65,1
DA:68,1
LF:26
LH:24
BRDA:8,0,0,5
BRDA:8,0,1,0
BRDA:13,1,0,1
BRDA:13,1,1,3
BRDA:13,2,0,4
BRDA:13,2,1,3
BRDA:17,3,0,1
BRDA:17,3,1,2
BRDA:17,4,0,3
BRDA:17,4,1,2
BRDA:26,5,0,1
BRDA:26,5,1,1
BRDA:26,6,0,2
BRDA:26,6,1,1
BRF:14
BRH:13
end_of_record
TN:
SF:src\controllers\consultaController.js
FN:10,(anonymous_0)
FN:10,(anonymous_1)
FN:15,consultarReceitaWSComRetry
FN:65,(anonymous_3)
FN:212,(anonymous_4)
FN:275,(anonymous_5)
FNF:6
FNH:0
FNDA:0,(anonymous_0)
FNDA:0,(anonymous_1)
FNDA:0,consultarReceitaWSComRetry
FNDA:0,(anonymous_3)
FNDA:0,(anonymous_4)
FNDA:0,(anonymous_5)
DA:1,5
DA:2,5
DA:3,5
DA:4,5
DA:5,5
DA:10,5
DA:16,0
DA:18,0
DA:19,0
DA:20,0
DA:22,0
DA:24,0
DA:26,0
DA:28,0
DA:29,0
DA:30,0
DA:32,0
DA:33,0
DA:34,0
DA:38,0
DA:39,0
DA:40,0
DA:41,0
DA:42,0
DA:43,0
DA:45,0
DA:50,0
DA:51,0
DA:55,0
DA:59,0
DA:65,5
DA:66,0
DA:67,0
DA:69,0
DA:70,0
DA:73,0
DA:75,0
DA:80,0
DA:84,0
DA:85,0
DA:87,0
DA:88,0
DA:92,0
DA:93,0
DA:95,0
DA:96,0
DA:100,0
DA:103,0
DA:104,0
DA:105,0
DA:114,0
DA:119,0
DA:120,0
DA:122,0
DA:127,0
DA:128,0
DA:131,0
DA:132,0
DA:135,0
DA:136,0
DA:140,0
DA:144,0
DA:151,0
DA:153,0
DA:155,0
DA:156,0
DA:161,0
DA:162,0
DA:170,0
DA:174,0
DA:175,0
DA:176,0
DA:181,0
DA:182,0
DA:184,0
DA:189,0
DA:201,0
DA:202,0
DA:212,5
DA:213,0
DA:221,0
DA:223,0
DA:225,0
DA:227,0
DA:228,0
DA:231,0
DA:233,0
DA:234,0
DA:235,0
DA:241,0
DA:242,0
DA:247,0
DA:248,0
DA:254,0
DA:257,0
DA:272,0
DA:275,0
DA:281,0
DA:283,0
LF:99
LH:8
BRDA:15,0,0,0
BRDA:15,1,0,0
BRDA:33,2,0,0
BRDA:33,2,1,0
BRDA:38,3,0,0
BRDA:38,3,1,0
BRDA:39,4,0,0
BRDA:39,4,1,0
BRDA:50,5,0,0
BRDA:50,5,1,0
BRDA:50,6,0,0
BRDA:50,6,1,0
BRDA:69,7,0,0
BRDA:69,7,1,0
BRDA:87,8,0,0
BRDA:87,8,1,0
BRDA:95,9,0,0
BRDA:95,9,1,0
BRDA:95,10,0,0
BRDA:95,10,1,0
BRDA:103,11,0,0
BRDA:103,11,1,0
BRDA:127,12,0,0
BRDA:127,12,1,0
BRDA:131,13,0,0
BRDA:131,13,1,0
BRDA:135,14,0,0
BRDA:135,14,1,0
BRDA:155,15,0,0
BRDA:155,15,1,0
BRDA:155,16,0,0
BRDA:155,16,1,0
BRDA:161,17,0,0
BRDA:161,17,1,0
BRDA:164,18,0,0
BRDA:164,18,1,0
BRDA:164,18,2,0
BRDA:174,19,0,0
BRDA:174,19,1,0
BRDA:215,20,0,0
BRDA:216,21,0,0
BRDA:227,22,0,0
BRDA:227,22,1,0
BRDA:231,23,0,0
BRDA:231,23,1,0
BRDA:241,24,0,0
BRDA:241,24,1,0
BRDA:247,25,0,0
BRDA:247,25,1,0
BRF:49
BRH:0
end_of_record
TN:
SF:src\controllers\perfilController.js
FN:8,(anonymous_0)
FN:60,(anonymous_1)
FN:86,(anonymous_2)
FNF:3
FNH:0
FNDA:0,(anonymous_0)
FNDA:0,(anonymous_1)
FNDA:0,(anonymous_2)
DA:1,5
DA:2,5
DA:3,5
DA:8,5
DA:9,0
DA:10,0
DA:12,0
DA:14,0
DA:19,0
DA:29,0
DA:38,0
DA:41,0
DA:47,0
DA:52,0
DA:53,0
DA:60,5
DA:61,0
DA:63,0
DA:64,0
DA:79,0
DA:80,0
DA:83,0
DA:86,0
DA:91,0
DA:96,0
DA:97,0
LF:26
LH:5
BRDA:22,0,0,0
BRDA:22,0,1,0
BRDA:29,1,0,0
BRDA:29,1,1,0
BRDA:30,2,0,0
BRDA:30,2,1,0
BRDA:30,2,2,0
BRDA:30,2,3,0
BRDA:30,2,4,0
BRDA:30,2,5,0
BRDA:30,2,6,0
BRDA:79,3,0,0
BRDA:79,3,1,0
BRDA:83,4,0,0
BRDA:83,4,1,0
BRF:15
BRH:0
end_of_record
TN:
SF:src\controllers\recuperacaoController.js
FN:8,(anonymous_0)
FN:63,(anonymous_1)
FNF:2
FNH:2
FNDA:3,(anonymous_0)
FNDA:3,(anonymous_1)
DA:1,5
DA:2,5
DA:3,5
DA:4,5
DA:5,5
DA:6,5
DA:8,5
DA:9,3
DA:10,3
DA:12,3
DA:13,1
DA:16,2
DA:17,2
DA:18,1
DA:22,1
DA:26,1
DA:27,1
DA:29,1
DA:37,1
DA:39,1
DA:51,1
DA:52,0
DA:54,1
DA:57,1
DA:59,0
DA:63,5
DA:64,3
DA:65,3
DA:67,3
DA:68,1
DA:71,2
DA:73,2
DA:74,1
DA:77,1
DA:79,1
DA:84,1
DA:86,1
DA:88,0
LF:38
LH:35
BRDA:12,0,0,1
BRDA:12,0,1,2
BRDA:17,1,0,1
BRDA:17,1,1,1
BRDA:51,2,0,0
BRDA:51,2,1,1
BRDA:67,3,0,1
BRDA:67,3,1,2
BRDA:73,4,0,1
BRDA:73,4,1,1
BRDA:73,5,0,2
BRDA:73,5,1,2
BRF:12
BRH:11
end_of_record
TN:
SF:src\controllers\segurancaController.js
FN:14,(anonymous_0)
FN:109,(anonymous_1)
FN:184,(anonymous_2)
FNF:3
FNH:3
FNDA:3,(anonymous_0)
FNDA:3,(anonymous_1)
FNDA:3,(anonymous_2)
DA:1,6
DA:2,6
DA:3,6
DA:4,6
DA:5,6
DA:7,6
DA:8,6
DA:9,6
DA:14,6
DA:15,3
DA:16,3
DA:18,0
DA:19,0
DA:22,0
DA:23,0
DA:33,0
DA:35,0
DA:38,0
DA:48,0
DA:87,0
DA:90,0
DA:100,0
DA:109,6
DA:110,3
DA:111,3
DA:113,0
DA:114,0
DA:117,0
DA:118,0
DA:126,0
DA:129,0
DA:139,0
DA:163,0
DA:166,0
DA:176,0
DA:184,6
DA:185,3
DA:186,3
DA:188,0
DA:189,0
DA:192,0
DA:193,0
DA:196,0
DA:197,0
DA:221,0
DA:224,0
DA:234,0
DA:245,0
DA:248,0
DA:258,0
LF:50
LH:17
BRDA:18,0,0,0
BRDA:18,0,1,0
BRDA:78,1,0,0
BRDA:78,1,1,0
BRDA:79,2,0,0
BRDA:79,2,1,0
BRDA:87,3,0,0
BRDA:87,3,1,0
BRDA:96,4,0,0
BRDA:96,4,1,0
BRDA:113,5,0,0
BRDA:113,5,1,0
BRDA:163,6,0,0
BRDA:163,6,1,0
BRDA:172,7,0,0
BRDA:172,7,1,0
BRDA:188,8,0,0
BRDA:188,8,1,0
BRDA:192,9,0,0
BRDA:192,9,1,0
BRDA:226,10,0,0
BRDA:226,10,1,0
BRDA:238,11,0,0
BRDA:238,11,1,0
BRDA:239,12,0,0
BRDA:239,12,1,0
BRDA:245,13,0,0
BRDA:245,13,1,0
BRDA:254,14,0,0
BRDA:254,14,1,0
BRF:30
BRH:0
end_of_record
TN:
SF:src\controllers\webhookController.js
FN:8,(anonymous_0)
FNF:1
FNH:1
FNDA:7,(anonymous_0)
DA:1,5
DA:2,5
DA:3,5
DA:4,5
DA:5,5
DA:6,5
DA:8,5
DA:9,7
DA:10,7
DA:11,7
DA:12,7
DA:14,7
DA:16,7
DA:17,2
DA:20,5
DA:21,1
DA:24,4
DA:30,3
DA:31,1
DA:37,2
DA:38,2
DA:40,2
DA:50,2
DA:74,2
DA:75,1
DA:77,1
DA:80,2
DA:82,1
LF:28
LH:28
BRDA:16,0,0,2
BRDA:16,0,1,5
BRDA:16,1,0,7
BRDA:16,1,1,6
BRDA:16,1,2,5
BRDA:20,2,0,1
BRDA:20,2,1,4
BRDA:20,3,0,5
BRDA:20,3,1,4
BRDA:30,4,0,1
BRDA:30,4,1,2
BRDA:45,5,0,2
BRDA:45,5,1,2
BRDA:46,6,0,2
BRDA:46,6,1,2
BRDA:74,7,0,1
BRDA:74,7,1,1
BRF:17
BRH:17
end_of_record
TN:
SF:src\middleware\auth.js
FN:6,verifyToken
FNF:1
FNH:1
FNDA:3,verifyToken
DA:1,4
DA:2,4
DA:4,4
DA:7,3
DA:9,3
DA:10,1
DA:11,1
DA:14,2
DA:15,2
DA:18,1
DA:19,0
DA:20,0
DA:24,1
DA:32,1
DA:33,1
DA:35,1
DA:36,1
DA:40,4
LF:18
LH:16
BRDA:4,0,0,4
BRDA:4,0,1,1
BRDA:9,1,0,1
BRDA:9,1,1,2
BRDA:18,2,0,0
BRDA:18,2,1,1
BRDA:26,3,0,1
BRDA:26,3,1,1
BRDA:27,4,0,1
BRDA:27,4,1,0
BRDA:28,5,0,1
BRDA:28,5,1,1
BRDA:29,6,0,1
BRDA:29,6,1,1
BRF:14
BRH:12
end_of_record
TN:
SF:src\middleware\errorHandler.js
FN:3,(anonymous_0)
FNF:1
FNH:1
FNDA:1,(anonymous_0)
DA:1,5
DA:3,5
DA:4,1
DA:6,1
DA:8,1
LF:5
LH:5
BRDA:4,0,0,0
BRDA:4,0,1,1
BRDA:6,1,0,1
BRDA:6,1,1,0
BRF:4
BRH:2
end_of_record
TN:
SF:src\middleware\index.js
FNF:0
FNH:0
DA:1,5
DA:2,5
DA:3,5
DA:4,5
DA:5,5
DA:6,5
DA:7,5
DA:8,5
DA:10,5
LF:9
LH:9
BRF:0
BRH:0
end_of_record
TN:
SF:src\middleware\limiterPerfil.js
FN:5,(anonymous_0)
FNF:1
FNH:0
FNDA:0,(anonymous_0)
DA:1,4
DA:3,4
DA:5,4
DA:6,0
DA:7,0
DA:9,0
DA:10,0
DA:12,0
DA:14,0
DA:15,0
DA:18,0
DA:19,0
LF:12
LH:3
BRDA:7,0,0,0
BRDA:7,0,1,0
BRDA:10,1,0,0
BRDA:10,1,1,0
BRDA:14,2,0,0
BRDA:14,2,1,0
BRF:6
BRH:0
end_of_record
TN:
SF:src\middleware\logger.js
FN:1,(anonymous_0)
FN:4,(anonymous_1)
FNF:2
FNH:2
FNDA:43,(anonymous_0)
FNDA:43,(anonymous_1)
DA:1,5
DA:2,43
DA:4,43
DA:5,43
DA:6,43
DA:8,43
DA:11,43
LF:7
LH:7
BRF:0
BRH:0
end_of_record
TN:
SF:src\middleware\rateLimiter.js
FN:7,(anonymous_0)
FNF:1
FNH:0
FNDA:0,(anonymous_0)
DA:1,5
DA:2,5
DA:4,5
DA:8,0
DA:12,5
LF:5
LH:4
BRF:0
BRH:0
end_of_record
TN:
SF:src\middleware\somenteAdmin.js
FN:3,somenteAdmin
FNF:1
FNH:0
FNDA:0,somenteAdmin
DA:1,5
DA:4,0
DA:5,0
DA:6,0
DA:9,0
DA:10,0
DA:13,5
LF:7
LH:2
BRDA:4,0,0,0
BRDA:4,0,1,0
BRDA:5,1,0,0
BRDA:5,1,1,0
BRDA:9,2,0,0
BRDA:9,2,1,0
BRF:6
BRH:0
end_of_record
TN:
SF:src\middleware\somenteCliente.js
FN:3,somenteCliente
FNF:1
FNH:1
FNDA:25,somenteCliente
DA:1,5
DA:4,25
DA:5,25
DA:6,25
DA:9,0
DA:10,0
DA:13,5
LF:7
LH:5
BRDA:4,0,0,25
BRDA:4,0,1,0
BRF:2
BRH:1
end_of_record
TN:
SF:src\middleware\somenteOperador.js
FN:3,somenteOperador
FNF:1
FNH:0
FNDA:0,somenteOperador
DA:1,5
DA:4,0
DA:5,0
DA:6,0
DA:9,0
DA:10,0
DA:13,5
LF:7
LH:2
BRDA:4,0,0,0
BRDA:4,0,1,0
BRF:2
BRH:0
end_of_record
TN:
SF:src\routes\adminRoutes.js
FN:9,(anonymous_0)
FNF:1
FNH:0
FNDA:0,(anonymous_0)
DA:1,5
DA:2,5
DA:4,5
DA:5,5
DA:6,5
DA:9,5
DA:10,0
DA:11,0
DA:15,5
DA:16,5
DA:19,5
DA:21,5
LF:12
LH:10
BRF:0
BRH:0
end_of_record
TN:
SF:src\routes\authRoutes.js
FN:9,(anonymous_0)
FNF:1
FNH:0
FNDA:0,(anonymous_0)
DA:1,5
DA:2,5
DA:4,5
DA:5,5
DA:6,5
DA:9,5
DA:10,0
DA:17,5
DA:20,5
DA:23,5
DA:24,5
DA:26,5
LF:12
LH:11
BRF:0
BRH:0
end_of_record
TN:
SF:src\routes\cnpj.js
FN:16,(anonymous_0)
FNF:1
FNH:0
FNDA:0,(anonymous_0)
DA:1,5
DA:2,5
DA:3,5
DA:4,5
DA:5,5
DA:6,5
DA:7,5
DA:9,5
DA:10,5
DA:13,5
DA:14,5
DA:16,5
DA:17,0
DA:18,0
DA:19,0
DA:20,0
DA:21,0
DA:23,0
DA:24,0
DA:27,0
DA:28,0
DA:30,0
DA:31,0
DA:32,0
DA:33,0
DA:35,0
DA:36,0
DA:37,0
DA:40,0
DA:41,0
DA:49,0
DA:57,0
DA:60,0
DA:64,5
LF:34
LH:13
BRDA:21,0,0,0
BRDA:21,0,1,0
BRDA:23,1,0,0
BRDA:23,1,1,0
BRDA:23,2,0,0
BRDA:23,2,1,0
BRDA:40,3,0,0
BRDA:40,3,1,0
BRF:8
BRH:0
end_of_record
TN:
SF:src\routes\consultaRoutes.js
FNF:0
FNH:0
DA:1,5
DA:2,5
DA:4,5
DA:5,5
DA:6,5
DA:9,5
DA:10,5
DA:13,5
DA:14,5
DA:16,5
LF:10
LH:10
BRF:0
BRH:0
end_of_record
TN:
SF:src\routes\perfilRoutes.js
FN:10,(anonymous_0)
FNF:1
FNH:1
FNDA:8,(anonymous_0)
DA:1,5
DA:2,5
DA:4,5
DA:5,5
DA:6,5
DA:7,5
DA:10,5
DA:11,8
DA:12,8
DA:16,5
DA:17,5
DA:20,5
DA:23,5
DA:25,5
LF:14
LH:14
BRF:0
BRH:0
end_of_record
TN:
SF:src\routes\segurancaRoutes.js
FN:9,(anonymous_0)
FNF:1
FNH:0
FNDA:0,(anonymous_0)
DA:1,5
DA:2,5
DA:4,5
DA:5,5
DA:6,5
DA:9,5
DA:10,0
DA:11,0
DA:15,5
DA:16,5
DA:19,5
DA:22,5
DA:25,5
DA:27,5
LF:14
LH:12
BRF:0
BRH:0
end_of_record
TN:
SF:src\routes\webhookRoutes.js
FNF:0
FNH:0
DA:1,5
DA:2,5
DA:3,5
DA:6,5
DA:8,5
LF:5
LH:5
BRF:0
BRH:0
end_of_record
TN:
SF:src\services\email.js
FN:3,enviarEmail
FNF:1
FNH:1
FNDA:1,enviarEmail
DA:1,4
DA:4,1
DA:5,1
DA:6,1
DA:13,0
DA:14,0
DA:15,0
DA:18,0
DA:20,1
DA:21,1
DA:25,4
LF:11
LH:7
BRDA:13,0,0,0
BRDA:13,0,1,0
BRF:2
BRH:0
end_of_record
