TN:
SF:src\app.js
FN:38,(anonymous_0)
FN:59,(anonymous_1)
FNF:2
FNH:0
FNDA:0,(anonymous_0)
FNDA:0,(anonymous_1)
DA:1,5
DA:2,5
DA:3,5
DA:4,5
DA:6,5
DA:8,5
DA:11,5
DA:16,5
DA:24,5
DA:28,5
DA:29,5
DA:30,5
DA:31,5
DA:32,5
DA:33,5
DA:34,5
DA:35,5
DA:38,5
DA:39,0
DA:42,5
DA:45,5
DA:46,5
DA:47,5
DA:48,5
DA:51,5
DA:52,5
DA:53,5
DA:54,5
DA:55,5
DA:58,5
DA:59,5
DA:60,0
DA:64,5
DA:66,5
LF:34
LH:32
BRF:0
BRH:0
end_of_record
TN:
SF:src\controllers\adminController.js
FN:9,(anonymous_0)
FN:91,(anonymous_1)
FN:103,(anonymous_2)
FN:118,(anonymous_3)
FN:139,(anonymous_4)
FN:160,(anonymous_5)
FNF:6
FNH:5
FNDA:0,(anonymous_0)
FNDA:2,(anonymous_1)
FNDA:1,(anonymous_2)
FNDA:3,(anonymous_3)
FNDA:1,(anonymous_4)
FNDA:4,(anonymous_5)
DA:1,6
DA:2,6
DA:3,6
DA:4,6
DA:5,6
DA:6,6
DA:7,6
DA:9,6
DA:10,0
DA:11,0
DA:13,0
DA:15,0
DA:17,0
DA:18,0
DA:21,0
DA:27,0
DA:29,0
DA:30,0
DA:32,0
DA:42,0
DA:66,0
DA:67,0
DA:69,0
DA:73,0
DA:74,0
DA:81,0
DA:86,0
DA:87,0
DA:91,6
DA:92,2
DA:93,2
DA:103,1
DA:111,1
DA:113,1
DA:114,1
DA:118,6
DA:119,3
DA:120,3
DA:121,3
DA:123,2
DA:137,2
DA:139,1
DA:148,1
DA:155,0
DA:156,0
DA:160,6
DA:161,4
DA:162,4
DA:163,4
DA:164,4
DA:166,4
DA:167,1
DA:170,3
DA:171,2
DA:173,1
DA:183,1
DA:185,1
DA:191,1
DA:196,1
DA:201,1
DA:207,1
DA:208,1
LF:62
LH:40
BRDA:13,0,0,0
BRDA:13,0,1,0
BRDA:13,1,0,0
BRDA:13,1,1,0
BRDA:17,2,0,0
BRDA:17,2,1,0
BRDA:17,3,0,0
BRDA:17,3,1,0
BRDA:27,4,0,0
BRDA:27,4,1,0
BRDA:37,5,0,0
BRDA:37,5,1,0
BRDA:38,6,0,0
BRDA:38,6,1,0
BRDA:66,7,0,0
BRDA:66,7,1,0
BRDA:73,8,0,0
BRDA:73,8,1,0
BRDA:76,9,0,0
BRDA:76,9,1,0
BRDA:77,10,0,0
BRDA:77,10,1,0
BRDA:77,10,2,0
BRDA:107,11,0,1
BRDA:107,11,1,0
BRDA:121,12,0,1
BRDA:121,12,1,2
BRDA:137,13,0,1
BRDA:137,13,1,1
BRDA:145,14,0,1
BRDA:145,14,1,0
BRDA:166,15,0,1
BRDA:166,15,1,3
BRDA:166,16,0,4
BRDA:166,16,1,3
BRDA:171,17,0,1
BRDA:171,17,1,1
BRDA:183,18,0,1
BRDA:183,18,1,1
BRDA:183,18,2,1
BRF:40
BRH:15
end_of_record
TN:
SF:src\controllers\authController.js
FN:9,(anonymous_0)
FN:62,(anonymous_1)
FNF:2
FNH:2
FNDA:4,(anonymous_0)
FNDA:1,(anonymous_1)
DA:1,5
DA:2,5
DA:3,5
DA:4,5
DA:5,5
DA:7,5
DA:9,5
DA:10,4
DA:12,4
DA:13,1
DA:16,3
DA:17,1
DA:20,2
DA:22,2
DA:23,2
DA:25,2
DA:26,1
DA:29,1
DA:42,1
DA:49,1
DA:57,0
DA:58,0
DA:62,5
DA:64,1
DA:67,1
LF:25
LH:23
BRDA:7,0,0,5
BRDA:7,0,1,0
BRDA:12,1,0,1
BRDA:12,1,1,3
BRDA:12,2,0,4
BRDA:12,2,1,3
BRDA:16,3,0,1
BRDA:16,3,1,2
BRDA:16,4,0,3
BRDA:16,4,1,2
BRDA:25,5,0,1
BRDA:25,5,1,1
BRDA:25,6,0,2
BRDA:25,6,1,1
BRF:14
BRH:13
end_of_record
TN:
SF:src\controllers\consultaController.js
FN:9,(anonymous_0)
FN:9,(anonymous_1)
FN:14,consultarReceitaWSComRetry
FN:77,(anonymous_3)
FN:87,(anonymous_4)
FN:255,(anonymous_5)
FN:318,(anonymous_6)
FNF:7
FNH:4
FNDA:0,(anonymous_0)
FNDA:0,(anonymous_1)
FNDA:6,consultarReceitaWSComRetry
FNDA:0,(anonymous_3)
FNDA:12,(anonymous_4)
FNDA:5,(anonymous_5)
FNDA:1,(anonymous_6)
DA:1,5
DA:2,5
DA:3,5
DA:4,5
DA:9,5
DA:15,6
DA:16,6
DA:18,6
DA:19,6
DA:21,6
DA:22,6
DA:29,3
DA:30,1
DA:34,2
DA:35,0
DA:39,2
DA:40,0
DA:44,2
DA:47,5
DA:48,2
DA:52,3
DA:53,3
DA:54,3
DA:56,3
DA:57,3
DA:58,3
DA:62,3
DA:63,2
DA:67,1
DA:68,1
DA:72,0
DA:74,0
DA:77,0
DA:87,5
DA:88,12
DA:89,12
DA:91,12
DA:92,1
DA:95,11
DA:97,11
DA:102,11
DA:106,10
DA:107,10
DA:109,10
DA:110,6
DA:114,6
DA:115,6
DA:117,1
DA:118,0
DA:123,5
DA:124,2
DA:127,3
DA:128,1
DA:131,2
DA:132,2
DA:135,0
DA:136,0
DA:140,0
DA:141,0
DA:143,0
DA:144,0
DA:147,0
DA:148,0
DA:151,0
DA:152,0
DA:156,0
DA:157,0
DA:158,0
DA:167,0
DA:172,0
DA:173,0
DA:175,0
DA:180,0
DA:181,0
DA:185,1
DA:192,1
DA:194,4
DA:196,4
DA:197,1
DA:202,4
DA:203,2
DA:211,2
DA:215,4
DA:216,3
DA:217,3
DA:222,3
DA:223,3
DA:225,0
DA:230,4
DA:243,1
DA:244,1
DA:255,5
DA:256,5
DA:264,5
DA:266,5
DA:268,5
DA:270,5
DA:271,1
DA:274,5
DA:276,0
DA:277,0
DA:278,0
DA:284,5
DA:285,1
DA:290,5
DA:291,1
DA:297,5
DA:300,5
DA:315,4
DA:318,1
DA:324,1
DA:326,1
LF:112
LH:83
BRDA:29,0,0,1
BRDA:29,0,1,2
BRDA:29,1,0,3
BRDA:29,1,1,3
BRDA:29,1,2,2
BRDA:34,2,0,0
BRDA:34,2,1,2
BRDA:34,3,0,2
BRDA:34,3,1,0
BRDA:39,4,0,0
BRDA:39,4,1,2
BRDA:47,5,0,2
BRDA:47,5,1,3
BRDA:57,6,0,3
BRDA:57,6,1,0
BRDA:62,7,0,2
BRDA:62,7,1,1
BRDA:62,8,0,3
BRDA:62,8,1,2
BRDA:67,9,0,1
BRDA:67,9,1,0
BRDA:72,10,0,0
BRDA:72,10,1,0
BRDA:91,11,0,1
BRDA:91,11,1,11
BRDA:109,12,0,6
BRDA:109,12,1,4
BRDA:117,13,0,0
BRDA:117,13,1,1
BRDA:117,14,0,1
BRDA:117,14,1,1
BRDA:123,15,0,2
BRDA:123,15,1,3
BRDA:127,16,0,1
BRDA:127,16,1,2
BRDA:131,17,0,2
BRDA:131,17,1,0
BRDA:135,18,0,0
BRDA:135,18,1,0
BRDA:143,19,0,0
BRDA:143,19,1,0
BRDA:143,20,0,0
BRDA:143,20,1,0
BRDA:147,21,0,0
BRDA:147,21,1,0
BRDA:151,22,0,0
BRDA:151,22,1,0
BRDA:151,23,0,0
BRDA:151,23,1,0
BRDA:156,24,0,0
BRDA:156,24,1,0
BRDA:196,25,0,1
BRDA:196,25,1,3
BRDA:196,26,0,4
BRDA:196,26,1,3
BRDA:202,27,0,2
BRDA:202,27,1,2
BRDA:205,28,0,2
BRDA:205,28,1,0
BRDA:205,28,2,0
BRDA:215,29,0,3
BRDA:215,29,1,1
BRDA:258,30,0,5
BRDA:259,31,0,5
BRDA:270,32,0,1
BRDA:270,32,1,4
BRDA:274,33,0,0
BRDA:274,33,1,5
BRDA:284,34,0,1
BRDA:284,34,1,4
BRDA:290,35,0,1
BRDA:290,35,1,4
BRF:72
BRH:46
end_of_record
TN:
SF:src\controllers\perfilController.js
FN:7,(anonymous_0)
FN:59,(anonymous_1)
FN:85,(anonymous_2)
FNF:3
FNH:3
FNDA:4,(anonymous_0)
FNDA:4,(anonymous_1)
FNDA:3,(anonymous_2)
DA:1,5
DA:2,5
DA:7,5
DA:8,4
DA:9,4
DA:11,4
DA:13,4
DA:18,4
DA:28,4
DA:37,2
DA:40,4
DA:46,3
DA:51,1
DA:52,1
DA:59,5
DA:60,4
DA:62,4
DA:63,4
DA:78,3
DA:79,1
DA:82,2
DA:85,3
DA:90,2
DA:95,1
DA:96,1
LF:25
LH:25
BRDA:21,0,0,3
BRDA:21,0,1,1
BRDA:28,1,0,2
BRDA:28,1,1,2
BRDA:29,2,0,4
BRDA:29,2,1,3
BRDA:29,2,2,3
BRDA:29,2,3,3
BRDA:29,2,4,2
BRDA:29,2,5,2
BRDA:29,2,6,2
BRDA:78,3,0,1
BRDA:78,3,1,2
BRDA:82,4,0,1
BRDA:82,4,1,1
BRF:15
BRH:15
end_of_record
TN:
SF:src\controllers\recuperacaoController.js
FN:7,(anonymous_0)
FN:62,(anonymous_1)
FNF:2
FNH:2
FNDA:3,(anonymous_0)
FNDA:3,(anonymous_1)
DA:1,5
DA:2,5
DA:3,5
DA:4,5
DA:5,5
DA:7,5
DA:8,3
DA:9,3
DA:11,3
DA:12,1
DA:15,2
DA:16,2
DA:17,1
DA:21,1
DA:25,1
DA:26,1
DA:28,1
DA:36,1
DA:38,1
DA:50,1
DA:51,0
DA:53,1
DA:56,1
DA:58,0
DA:62,5
DA:63,3
DA:64,3
DA:66,3
DA:67,1
DA:70,2
DA:72,2
DA:73,1
DA:76,1
DA:78,1
DA:83,1
DA:85,1
DA:87,0
LF:37
LH:34
BRDA:11,0,0,1
BRDA:11,0,1,2
BRDA:16,1,0,1
BRDA:16,1,1,1
BRDA:50,2,0,0
BRDA:50,2,1,1
BRDA:66,3,0,1
BRDA:66,3,1,2
BRDA:72,4,0,1
BRDA:72,4,1,1
BRDA:72,5,0,2
BRDA:72,5,1,2
BRF:12
BRH:11
end_of_record
TN:
SF:src\controllers\segurancaController.js
FN:13,(anonymous_0)
FN:108,(anonymous_1)
FN:183,(anonymous_2)
FNF:3
FNH:3
FNDA:3,(anonymous_0)
FNDA:3,(anonymous_1)
FNDA:3,(anonymous_2)
DA:1,6
DA:2,6
DA:3,6
DA:4,6
DA:6,6
DA:7,6
DA:8,6
DA:13,6
DA:14,3
DA:15,3
DA:17,3
DA:18,1
DA:21,2
DA:22,2
DA:32,1
DA:34,1
DA:37,1
DA:47,1
DA:86,1
DA:89,1
DA:99,1
DA:108,6
DA:109,3
DA:110,3
DA:112,3
DA:113,1
DA:116,2
DA:117,2
DA:125,1
DA:128,1
DA:138,1
DA:162,1
DA:165,1
DA:175,1
DA:183,6
DA:184,3
DA:185,3
DA:187,3
DA:188,1
DA:191,2
DA:192,0
DA:195,2
DA:196,2
DA:220,1
DA:223,1
DA:233,1
DA:244,1
DA:247,1
DA:257,1
LF:49
LH:48
BRDA:17,0,0,1
BRDA:17,0,1,2
BRDA:77,1,0,1
BRDA:77,1,1,1
BRDA:78,2,0,1
BRDA:78,2,1,1
BRDA:86,3,0,1
BRDA:86,3,1,1
BRDA:95,4,0,1
BRDA:95,4,1,1
BRDA:112,5,0,1
BRDA:112,5,1,2
BRDA:162,6,0,1
BRDA:162,6,1,1
BRDA:171,7,0,1
BRDA:171,7,1,1
BRDA:187,8,0,1
BRDA:187,8,1,2
BRDA:191,9,0,0
BRDA:191,9,1,2
BRDA:225,10,0,1
BRDA:225,10,1,0
BRDA:237,11,0,1
BRDA:237,11,1,1
BRDA:238,12,0,1
BRDA:238,12,1,0
BRDA:244,13,0,1
BRDA:244,13,1,1
BRDA:253,14,0,1
BRDA:253,14,1,1
BRF:30
BRH:27
end_of_record
TN:
SF:src\controllers\webhookController.js
FN:7,(anonymous_0)
FNF:1
FNH:1
FNDA:7,(anonymous_0)
DA:1,5
DA:2,5
DA:3,5
DA:4,5
DA:5,5
DA:7,5
DA:8,7
DA:9,7
DA:10,7
DA:11,7
DA:13,7
DA:15,7
DA:16,2
DA:19,5
DA:20,1
DA:23,4
DA:29,3
DA:30,1
DA:36,2
DA:37,2
DA:39,2
DA:49,2
DA:73,2
DA:74,1
DA:76,1
DA:79,2
DA:81,1
LF:27
LH:27
BRDA:15,0,0,2
BRDA:15,0,1,5
BRDA:15,1,0,7
BRDA:15,1,1,6
BRDA:15,1,2,5
BRDA:19,2,0,1
BRDA:19,2,1,4
BRDA:19,3,0,5
BRDA:19,3,1,4
BRDA:29,4,0,1
BRDA:29,4,1,2
BRDA:44,5,0,2
BRDA:44,5,1,2
BRDA:45,6,0,2
BRDA:45,6,1,2
BRDA:73,7,0,1
BRDA:73,7,1,1
BRF:17
BRH:17
end_of_record
TN:
SF:src\controllers\whatsappController.js
FN:3,(anonymous_0)
FN:32,(anonymous_1)
FNF:2
FNH:2
FNDA:3,(anonymous_0)
FNDA:2,(anonymous_1)
DA:1,6
DA:3,6
DA:4,3
DA:6,3
DA:7,3
DA:9,3
DA:10,1
DA:17,2
DA:24,0
DA:25,0
DA:32,6
DA:33,2
DA:34,2
DA:36,2
DA:37,1
DA:40,1
DA:42,0
DA:43,0
LF:18
LH:14
BRDA:9,0,0,1
BRDA:9,0,1,2
BRDA:12,1,0,1
BRDA:12,1,1,0
BRDA:13,2,0,1
BRDA:13,2,1,1
BRDA:19,3,0,2
BRDA:19,3,1,1
BRDA:36,4,0,1
BRDA:36,4,1,1
BRF:10
BRH:9
end_of_record
TN:
SF:src\lib\prisma.js
FNF:0
FNH:0
DA:1,5
DA:2,5
DA:4,5
LF:3
LH:3
BRF:0
BRH:0
end_of_record
TN:
SF:src\middleware\auth.js
FN:6,verifyToken
FNF:1
FNH:1
FNDA:3,verifyToken
DA:1,5
DA:2,5
DA:4,5
DA:7,3
DA:9,3
DA:10,1
DA:11,1
DA:14,2
DA:15,2
DA:18,1
DA:19,0
DA:20,0
DA:24,1
DA:32,1
DA:33,1
DA:35,1
DA:36,1
DA:40,5
LF:18
LH:16
BRDA:4,0,0,5
BRDA:4,0,1,1
BRDA:9,1,0,1
BRDA:9,1,1,2
BRDA:18,2,0,0
BRDA:18,2,1,1
BRDA:26,3,0,1
BRDA:26,3,1,1
BRDA:27,4,0,1
BRDA:27,4,1,0
BRDA:28,5,0,1
BRDA:28,5,1,1
BRDA:29,6,0,1
BRDA:29,6,1,1
BRF:14
BRH:12
end_of_record
TN:
SF:src\middleware\errorHandler.js
FN:3,(anonymous_0)
FNF:1
FNH:1
FNDA:1,(anonymous_0)
DA:1,4
DA:3,4
DA:4,1
DA:6,1
DA:8,1
LF:5
LH:5
BRDA:4,0,0,0
BRDA:4,0,1,1
BRDA:6,1,0,1
BRDA:6,1,1,0
BRF:4
BRH:2
end_of_record
TN:
SF:src\middleware\index.js
FNF:0
FNH:0
DA:1,4
DA:2,4
DA:3,4
DA:4,4
DA:5,4
DA:7,4
LF:6
LH:6
BRF:0
BRH:0
end_of_record
TN:
SF:src\middleware\limiterPerfil.js
FN:5,(anonymous_0)
FNF:1
FNH:0
FNDA:0,(anonymous_0)
DA:1,4
DA:3,4
DA:5,4
DA:6,0
DA:7,0
DA:9,0
DA:10,0
DA:12,0
DA:14,0
DA:15,0
DA:18,0
DA:19,0
LF:12
LH:3
BRDA:7,0,0,0
BRDA:7,0,1,0
BRDA:10,1,0,0
BRDA:10,1,1,0
BRDA:14,2,0,0
BRDA:14,2,1,0
BRF:6
BRH:0
end_of_record
TN:
SF:src\middleware\logger.js
FN:1,(anonymous_0)
FN:4,(anonymous_1)
FNF:2
FNH:2
FNDA:26,(anonymous_0)
FNDA:26,(anonymous_1)
DA:1,4
DA:2,26
DA:4,26
DA:5,26
DA:6,26
DA:8,26
DA:11,26
LF:7
LH:7
BRF:0
BRH:0
end_of_record
TN:
SF:src\middleware\rateLimiter.js
FN:7,(anonymous_0)
FNF:1
FNH:0
FNDA:0,(anonymous_0)
DA:1,4
DA:2,4
DA:4,4
DA:8,0
DA:12,4
LF:5
LH:4
BRF:0
BRH:0
end_of_record
TN:
SF:src\middleware\somenteRoles.js
FN:3,somenteRoles
FN:4,(anonymous_1)
FNF:2
FNH:2
FNDA:25,somenteRoles
FNDA:25,(anonymous_1)
DA:1,5
DA:4,25
DA:5,25
DA:6,25
DA:8,25
DA:9,0
DA:10,0
DA:13,25
DA:14,25
DA:18,5
LF:10
LH:8
BRDA:3,0,0,0
BRDA:6,1,0,25
BRDA:6,1,1,0
BRDA:8,2,0,0
BRDA:8,2,1,25
BRF:5
BRH:2
end_of_record
TN:
SF:src\routes\adminRoutes.js
FN:11,(anonymous_0)
FNF:1
FNH:0
FNDA:0,(anonymous_0)
DA:1,5
DA:2,5
DA:4,5
DA:5,5
DA:6,5
DA:8,5
DA:11,5
DA:12,0
DA:13,0
DA:17,5
DA:18,5
DA:21,5
DA:24,5
DA:27,5
DA:30,5
DA:32,5
LF:16
LH:14
BRF:0
BRH:0
end_of_record
TN:
SF:src\routes\authRoutes.js
FN:9,(anonymous_0)
FNF:1
FNH:0
FNDA:0,(anonymous_0)
DA:1,5
DA:2,5
DA:4,5
DA:5,5
DA:6,5
DA:9,5
DA:10,0
DA:17,5
DA:20,5
DA:23,5
DA:24,5
DA:26,5
LF:12
LH:11
BRF:0
BRH:0
end_of_record
TN:
SF:src\routes\cnpj.js
FN:18,(anonymous_0)
FNF:1
FNH:0
FNDA:0,(anonymous_0)
DA:1,5
DA:2,5
DA:3,5
DA:5,5
DA:6,5
DA:7,5
DA:9,5
DA:11,5
DA:12,5
DA:15,5
DA:16,5
DA:18,5
DA:19,0
DA:20,0
DA:21,0
DA:22,0
DA:23,0
DA:25,0
DA:26,0
DA:29,0
DA:30,0
DA:32,0
DA:33,0
DA:34,0
DA:35,0
DA:37,0
DA:38,0
DA:39,0
DA:42,0
DA:43,0
DA:51,0
DA:59,0
DA:62,0
DA:66,5
LF:34
LH:13
BRDA:23,0,0,0
BRDA:23,0,1,0
BRDA:25,1,0,0
BRDA:25,1,1,0
BRDA:25,2,0,0
BRDA:25,2,1,0
BRDA:42,3,0,0
BRDA:42,3,1,0
BRF:8
BRH:0
end_of_record
TN:
SF:src\routes\consultaRoutes.js
FNF:0
FNH:0
DA:1,5
DA:2,5
DA:4,5
DA:5,5
DA:6,5
DA:8,5
DA:11,5
DA:12,5
DA:14,5
DA:15,5
DA:17,5
LF:11
LH:11
BRF:0
BRH:0
end_of_record
TN:
SF:src\routes\perfilRoutes.js
FN:12,(anonymous_0)
FNF:1
FNH:1
FNDA:8,(anonymous_0)
DA:1,5
DA:2,5
DA:4,5
DA:5,5
DA:6,5
DA:8,5
DA:9,5
DA:12,5
DA:13,8
DA:14,8
DA:18,5
DA:19,5
DA:21,5
DA:22,5
DA:24,5
LF:15
LH:15
BRF:0
BRH:0
end_of_record
TN:
SF:src\routes\segurancaRoutes.js
FN:11,(anonymous_0)
FNF:1
FNH:0
FNDA:0,(anonymous_0)
DA:1,5
DA:2,5
DA:4,5
DA:5,5
DA:6,5
DA:8,5
DA:11,5
DA:12,0
DA:13,0
DA:17,5
DA:18,5
DA:20,5
DA:21,5
DA:22,5
DA:24,5
LF:15
LH:13
BRF:0
BRH:0
end_of_record
TN:
SF:src\routes\webhookRoutes.js
FNF:0
FNH:0
DA:1,5
DA:2,5
DA:3,5
DA:6,5
DA:8,5
LF:5
LH:5
BRF:0
BRH:0
end_of_record
TN:
SF:src\routes\whatsappRoutes.js
FN:7,(anonymous_0)
FNF:1
FNH:0
FNDA:0,(anonymous_0)
DA:1,5
DA:2,5
DA:3,5
DA:4,5
DA:7,5
DA:8,0
DA:9,0
DA:13,5
DA:16,5
DA:18,5
DA:20,5
LF:11
LH:9
BRF:0
BRH:0
end_of_record
TN:
SF:src\services\email.js
FN:3,enviarEmail
FNF:1
FNH:1
FNDA:1,enviarEmail
DA:1,5
DA:4,1
DA:5,1
DA:6,1
DA:13,0
DA:14,0
DA:15,0
DA:18,0
DA:20,1
DA:21,1
DA:25,5
LF:11
LH:7
BRDA:13,0,0,0
BRDA:13,0,1,0
BRF:2
BRH:0
end_of_record
TN:
SF:src\services\whatsappService.js
FN:7,(anonymous_0)
FN:50,(anonymous_1)
FNF:2
FNH:2
FNDA:3,(anonymous_0)
FNDA:2,(anonymous_1)
DA:1,6
DA:2,6
DA:4,6
DA:5,6
DA:7,6
DA:8,3
DA:9,1
DA:10,1
DA:18,2
DA:19,2
DA:35,1
DA:41,1
DA:42,1
DA:50,6
DA:51,2
DA:52,2
DA:54,2
DA:55,1
DA:58,1
DA:59,1
DA:61,1
DA:63,1
DA:64,1
DA:69,1
DA:77,1
DA:82,1
DA:83,1
DA:85,0
DA:86,0
LF:29
LH:27
BRDA:8,0,0,1
BRDA:8,0,1,2
BRDA:41,1,0,1
BRDA:41,1,1,1
BRDA:45,2,0,1
BRDA:45,2,1,1
BRDA:54,3,0,1
BRDA:54,3,1,1
BRDA:59,4,0,1
BRDA:59,4,1,0
BRDA:63,5,0,1
BRDA:63,5,1,0
BRF:12
BRH:10
end_of_record
TN:
SF:src\utils\ipqsRisk.js
FN:4,calcularRiscoIPQS
FNF:1
FNH:1
FNDA:1,calcularRiscoIPQS
DA:5,1
DA:6,1
DA:7,1
DA:10,1
DA:11,1
DA:12,1
DA:13,1
DA:14,1
DA:15,1
DA:16,1
DA:17,1
DA:20,1
DA:23,1
DA:24,0
DA:25,0
DA:26,1
DA:27,0
DA:28,0
DA:29,1
DA:30,0
DA:31,0
DA:32,1
DA:33,0
DA:34,0
DA:36,1
DA:37,1
DA:40,1
DA:60,6
LF:28
LH:20
BRDA:10,0,0,0
BRDA:10,0,1,1
BRDA:11,1,0,0
BRDA:11,1,1,1
BRDA:11,2,0,1
BRDA:11,2,1,1
BRDA:12,3,0,0
BRDA:12,3,1,1
BRDA:12,4,0,1
BRDA:12,4,1,0
BRDA:13,5,0,0
BRDA:13,5,1,1
BRDA:14,6,0,0
BRDA:14,6,1,1
BRDA:15,7,0,0
BRDA:15,7,1,1
BRDA:16,8,0,0
BRDA:16,8,1,1
BRDA:17,9,0,0
BRDA:17,9,1,1
BRDA:23,10,0,0
BRDA:23,10,1,1
BRDA:26,11,0,0
BRDA:26,11,1,1
BRDA:29,12,0,0
BRDA:29,12,1,1
BRDA:32,13,0,0
BRDA:32,13,1,1
BRF:28
BRH:15
end_of_record
TN:
SF:src\utils\roles.js
FNF:0
FNH:0
DA:1,5
DA:7,5
LF:2
LH:2
BRF:0
BRH:0
end_of_record
TN:
SF:src\utils\sendResponse.js
FN:1,(anonymous_0)
FN:16,(anonymous_1)
FNF:2
FNH:2
FNDA:21,(anonymous_0)
FNDA:30,(anonymous_1)
DA:1,8
DA:2,21
DA:4,21
DA:13,21
DA:16,8
DA:17,30
DA:27,30
LF:7
LH:7
BRDA:1,0,0,0
BRDA:1,1,0,16
BRDA:9,2,0,21
BRDA:9,2,1,0
BRDA:16,3,0,0
BRDA:16,4,0,0
BRDA:16,5,0,28
BRDA:22,6,0,30
BRDA:22,6,1,2
BRF:9
BRH:5
end_of_record
